<?xml version="1.0" encoding="UTF-8"?>
<!-- Generated by org.testng.reporters.JUnitXMLReporter -->
<testsuite ignored="10" hostname="WBLL0921E4832" failures="0" tests="11" name="Theme Collection" time="2.553" errors="0" timestamp="2021-11-30T14:15:57 IST">
  <testcase classname="com.onmobile.vol.cataloghub.api.collectionThemes.CreateThemeCollection" name="createThemByThemeName" time="0.347"/>
  <testcase classname="com.onmobile.vol.cataloghub.api.collectionThemes.GetThemeCollectionByID" name="InvalidThemeCollection" time="0.171"/>
  <testcase classname="com.onmobile.vol.cataloghub.api.collectionThemes.GetThemeCollectionByID" name="InvalidThemeCollection" time="0.183"/>
  <testcase classname="com.onmobile.vol.cataloghub.api.collectionThemes.GetThemeCollectionByID" name="InvalidThemeCollection" time="0.22"/>
  <testcase classname="com.onmobile.vol.cataloghub.api.collectionThemes.GetThemeCollectionByID" name="InvalidThemeCollection" time="0.172"/>
  <testcase classname="com.onmobile.vol.cataloghub.api.collectionThemes.GetThemeCollectionByID" name="InvalidThemeCollection" time="0.166"/>
  <testcase classname="com.onmobile.vol.cataloghub.api.collectionThemes.GetThemeCollectionByID" name="getThemeCollection" time="0.206"/>
  <testcase classname="com.onmobile.vol.cataloghub.api.collectionThemes.UpdateThemeCollection" name="updateTheme" time="0.31"/>
  <testcase classname="com.onmobile.vol.cataloghub.api.collectionThemes.GetAllCollectionThemes" name="validateThemesRequest" time="0.205"/>
  <testcase classname="com.onmobile.vol.cataloghub.api.collectionThemes.DeleteThemeCollectionByID" name="getAttributes" time="0.173"/>
  <testcase classname="com.onmobile.vol.cataloghub.api.themes.DeleteThemeByID" name="getAttributes" time="0.168"/>
  <testcase classname="com.onmobile.api.helper.RestBaseClass" name="@BeforeSuite generateToken" time="0.0">
    <ignored/>
  </testcase> <!-- @BeforeSuite generateToken -->
  <testcase classname="com.onmobile.api.helper.RestBaseClass" name="@BeforeSuite generateToken" time="0.0">
    <ignored/>
  </testcase> <!-- @BeforeSuite generateToken -->
  <testcase classname="com.onmobile.api.helper.RestBaseClass" name="@BeforeSuite generateToken" time="0.0">
    <ignored/>
  </testcase> <!-- @BeforeSuite generateToken -->
  <testcase classname="com.onmobile.api.helper.RestBaseClass" name="@BeforeSuite generateToken" time="0.0">
    <ignored/>
  </testcase> <!-- @BeforeSuite generateToken -->
  <testcase classname="com.onmobile.api.helper.RestBaseClass" name="@BeforeSuite generateToken" time="0.0">
    <ignored/>
  </testcase> <!-- @BeforeSuite generateToken -->
  <testcase classname="com.onmobile.api.helper.RestBaseClass" name="@AfterSuite afterSuite" time="0.0">
    <ignored/>
  </testcase> <!-- @AfterSuite afterSuite -->
  <testcase classname="com.onmobile.api.helper.RestBaseClass" name="@AfterSuite afterSuite" time="0.0">
    <ignored/>
  </testcase> <!-- @AfterSuite afterSuite -->
  <testcase classname="com.onmobile.api.helper.RestBaseClass" name="@AfterSuite afterSuite" time="0.0">
    <ignored/>
  </testcase> <!-- @AfterSuite afterSuite -->
  <testcase classname="com.onmobile.api.helper.RestBaseClass" name="@AfterSuite afterSuite" time="0.0">
    <ignored/>
  </testcase> <!-- @AfterSuite afterSuite -->
  <testcase classname="com.onmobile.api.helper.RestBaseClass" name="@AfterSuite afterSuite" time="0.0">
    <ignored/>
  </testcase> <!-- @AfterSuite afterSuite -->
</testsuite> <!-- Theme Collection -->
