<?xml version="1.0" encoding="UTF-8"?>
<!-- Generated by org.testng.reporters.JUnitXMLReporter -->
<testsuite ignored="0" hostname="WBLL0921E4832" failures="0" tests="4" name="Default test" time="4.176" errors="0" timestamp="2022-02-10T17:42:23 IST">
  <testcase classname="com.onmobile.vol.cataloghub.api.chat.CreateChat" name="NegativeScenarioCreateChat" time="1.555"/>
  <testcase classname="com.onmobile.vol.cataloghub.api.chat.CreateChat" name="NegativeScenarioCreateChat" time="0.172"/>
  <testcase classname="com.onmobile.vol.cataloghub.api.chat.CreateChat" name="NegativeScenarioCreateChat" time="0.336"/>
  <testcase classname="com.onmobile.vol.cataloghub.api.chat.CreateChat" name="createChatByChatName" time="0.985"/>
</testsuite> <!-- Default test -->
