<?xml version="1.0" encoding="UTF-8"?>
<!-- Generated by org.testng.reporters.JUnitXMLReporter -->
<testsuite ignored="8" hostname="WBLL0921E4832" failures="0" tests="15" name="Chart" time="4.471" errors="0" timestamp="2022-02-14T12:44:33 IST">
  <testcase classname="com.onmobile.vol.cataloghub.api.chat.CreateChat" name="NegativeScenarioCreateChat" time="0.122"/>
  <testcase classname="com.onmobile.vol.cataloghub.api.chat.CreateChat" name="NegativeScenarioCreateChat" time="0.159"/>
  <testcase classname="com.onmobile.vol.cataloghub.api.chat.CreateChat" name="NegativeScenarioCreateChat" time="0.328"/>
  <testcase classname="com.onmobile.vol.cataloghub.api.chat.CreateChat" name="createChatByChatName" time="0.319"/>
  <testcase classname="com.onmobile.vol.cataloghub.api.chat.GetChartByID" name="getCahrtById_NegativeTest" time="0.136"/>
  <testcase classname="com.onmobile.vol.cataloghub.api.chat.GetChartByID" name="getCahrtById_NegativeTest" time="0.135"/>
  <testcase classname="com.onmobile.vol.cataloghub.api.chat.GetChartByID" name="getCahrtById_NegativeTest" time="0.161"/>
  <testcase classname="com.onmobile.vol.cataloghub.api.chat.GetChartByID" name="getChartByID" time="0.224"/>
  <testcase classname="com.onmobile.vol.cataloghub.api.chat.GetAllCharts" name="NegativeGetAllCharts" time="0.542"/>
  <testcase classname="com.onmobile.vol.cataloghub.api.chat.GetAllCharts" name="NegativeGetAllCharts" time="1.156"/>
  <testcase classname="com.onmobile.vol.cataloghub.api.chat.GetAllCharts" name="getAllCharts" time="0.25"/>
  <testcase classname="com.onmobile.vol.cataloghub.api.chat.SearchByChartName" name="searchByChartName" time="0.184"/>
  <testcase classname="com.onmobile.vol.cataloghub.api.chat.SearchByChartName" name="searchByChartNameNegativeTest" time="0.13"/>
  <testcase classname="com.onmobile.vol.cataloghub.api.chat.SearchByChartName" name="searchByChartNameNegativeTest" time="0.157"/>
  <testcase classname="com.onmobile.vol.cataloghub.api.chat.DeleteChartByID" name="deleteChartById" time="0.222"/>
  <testcase classname="com.onmobile.api.helper.RestBaseClass" name="@BeforeSuite generateToken" time="0.0">
    <ignored/>
  </testcase> <!-- @BeforeSuite generateToken -->
  <testcase classname="com.onmobile.api.helper.RestBaseClass" name="@BeforeSuite generateToken" time="0.0">
    <ignored/>
  </testcase> <!-- @BeforeSuite generateToken -->
  <testcase classname="com.onmobile.api.helper.RestBaseClass" name="@BeforeSuite generateToken" time="0.0">
    <ignored/>
  </testcase> <!-- @BeforeSuite generateToken -->
  <testcase classname="com.onmobile.api.helper.RestBaseClass" name="@BeforeSuite generateToken" time="0.0">
    <ignored/>
  </testcase> <!-- @BeforeSuite generateToken -->
  <testcase classname="com.onmobile.api.helper.RestBaseClass" name="@AfterSuite afterSuite" time="0.0">
    <ignored/>
  </testcase> <!-- @AfterSuite afterSuite -->
  <testcase classname="com.onmobile.api.helper.RestBaseClass" name="@AfterSuite afterSuite" time="0.0">
    <ignored/>
  </testcase> <!-- @AfterSuite afterSuite -->
  <testcase classname="com.onmobile.api.helper.RestBaseClass" name="@AfterSuite afterSuite" time="0.0">
    <ignored/>
  </testcase> <!-- @AfterSuite afterSuite -->
  <testcase classname="com.onmobile.api.helper.RestBaseClass" name="@AfterSuite afterSuite" time="0.0">
    <ignored/>
  </testcase> <!-- @AfterSuite afterSuite -->
</testsuite> <!-- Chart -->
