<?xml version="1.0" encoding="UTF-8"?>
<!-- Generated by org.testng.reporters.JUnitXMLReporter -->
<testsuite ignored="8" hostname="WBLL0921E4832" failures="0" tests="15" name="Chart Collection" time="3.318" errors="0" timestamp="2022-02-21T16:53:07 IST">
  <testcase classname="com.onmobile.vol.cataloghub.api.chartCollection.CreateChartCollection" name="NegativeScenarioCreateChat" time="0.132"/>
  <testcase classname="com.onmobile.vol.cataloghub.api.chartCollection.CreateChartCollection" name="NegativeScenarioCreateChat" time="0.154"/>
  <testcase classname="com.onmobile.vol.cataloghub.api.chartCollection.CreateChartCollection" name="createChatByChatName" time="0.18"/>
  <testcase classname="com.onmobile.vol.cataloghub.api.chartCollection.GetChartCollectionByID" name="getChartCollectionByID" time="0.152"/>
  <testcase classname="com.onmobile.vol.cataloghub.api.chartCollection.GetChartCollectionByID" name="getChartCollectionById_NegativeTest" time="0.114"/>
  <testcase classname="com.onmobile.vol.cataloghub.api.chartCollection.GetChartCollectionByID" name="getChartCollectionById_NegativeTest" time="0.14"/>
  <testcase classname="com.onmobile.vol.cataloghub.api.chartCollection.GetChartCollectionByID" name="getChartCollectionById_NegativeTest" time="0.116"/>
  <testcase classname="com.onmobile.vol.cataloghub.api.chartCollection.GetChartCollectionByID" name="getChartCollectionById_NegativeTest" time="0.158"/>
  <testcase classname="com.onmobile.vol.cataloghub.api.chartCollection.GetAllChartCollections" name="NegativeGetAllBanner" time="0.117"/>
  <testcase classname="com.onmobile.vol.cataloghub.api.chartCollection.GetAllChartCollections" name="NegativeGetAllBanner" time="0.134"/>
  <testcase classname="com.onmobile.vol.cataloghub.api.chartCollection.GetAllChartCollections" name="getAllChartCollection" time="1.185"/>
  <testcase classname="com.onmobile.vol.cataloghub.api.chartCollection.SearchByChartCollectionName" name="getChartCollectionsNegativeTest" time="0.138"/>
  <testcase classname="com.onmobile.vol.cataloghub.api.chartCollection.SearchByChartCollectionName" name="getChartCollectionsNegativeTest" time="0.144"/>
  <testcase classname="com.onmobile.vol.cataloghub.api.chartCollection.SearchByChartCollectionName" name="searchChartByCollectionName" time="0.162"/>
  <testcase classname="com.onmobile.vol.cataloghub.api.chartCollection.DeleteChartCollectionByID" name="deleteChartCollectionById" time="0.124"/>
  <testcase classname="com.onmobile.api.helper.RestBaseClass" name="@BeforeSuite generateToken" time="0.0">
    <ignored/>
  </testcase> <!-- @BeforeSuite generateToken -->
  <testcase classname="com.onmobile.api.helper.RestBaseClass" name="@BeforeSuite generateToken" time="0.0">
    <ignored/>
  </testcase> <!-- @BeforeSuite generateToken -->
  <testcase classname="com.onmobile.api.helper.RestBaseClass" name="@BeforeSuite generateToken" time="0.0">
    <ignored/>
  </testcase> <!-- @BeforeSuite generateToken -->
  <testcase classname="com.onmobile.api.helper.RestBaseClass" name="@BeforeSuite generateToken" time="0.0">
    <ignored/>
  </testcase> <!-- @BeforeSuite generateToken -->
  <testcase classname="com.onmobile.api.helper.RestBaseClass" name="@AfterSuite afterSuite" time="0.0">
    <ignored/>
  </testcase> <!-- @AfterSuite afterSuite -->
  <testcase classname="com.onmobile.api.helper.RestBaseClass" name="@AfterSuite afterSuite" time="0.0">
    <ignored/>
  </testcase> <!-- @AfterSuite afterSuite -->
  <testcase classname="com.onmobile.api.helper.RestBaseClass" name="@AfterSuite afterSuite" time="0.0">
    <ignored/>
  </testcase> <!-- @AfterSuite afterSuite -->
  <testcase classname="com.onmobile.api.helper.RestBaseClass" name="@AfterSuite afterSuite" time="0.0">
    <ignored/>
  </testcase> <!-- @AfterSuite afterSuite -->
</testsuite> <!-- Chart Collection -->
