<?xml version="1.0" encoding="UTF-8"?>
<!-- Generated by org.testng.reporters.JUnitXMLReporter -->
<testsuite ignored="8" hostname="WBLL0921E4832" failures="0" tests="20" name="Chart Collection" time="3.377" errors="0" timestamp="2022-02-22T16:35:26 IST">
  <testcase classname="com.onmobile.vol.cataloghub.api.chartCollection.CreateChartCollection" name="NegativeScenarioCreateChat" time="0.176"/>
  <testcase classname="com.onmobile.vol.cataloghub.api.chartCollection.CreateChartCollection" name="NegativeScenarioCreateChat" time="0.166"/>
  <testcase classname="com.onmobile.vol.cataloghub.api.chartCollection.CreateChartCollection" name="createChatByChatName" time="0.236"/>
  <testcase classname="com.onmobile.api.helper.RestBaseClass" name="run" time="0.0"/>
  <testcase classname="com.onmobile.vol.cataloghub.api.chartCollection.GetChartCollectionByID" name="getChartCollectionByID" time="0.192"/>
  <testcase classname="com.onmobile.vol.cataloghub.api.chartCollection.GetChartCollectionByID" name="getChartCollectionById_NegativeTest" time="0.167"/>
  <testcase classname="com.onmobile.vol.cataloghub.api.chartCollection.GetChartCollectionByID" name="getChartCollectionById_NegativeTest" time="0.165"/>
  <testcase classname="com.onmobile.vol.cataloghub.api.chartCollection.GetChartCollectionByID" name="getChartCollectionById_NegativeTest" time="0.15"/>
  <testcase classname="com.onmobile.vol.cataloghub.api.chartCollection.GetChartCollectionByID" name="getChartCollectionById_NegativeTest" time="0.154"/>
  <testcase classname="com.onmobile.api.helper.RestBaseClass" name="run" time="0.001"/>
  <testcase classname="com.onmobile.vol.cataloghub.api.chartCollection.GetAllChartCollections" name="NegativeGetAllBanner" time="0.15"/>
  <testcase classname="com.onmobile.vol.cataloghub.api.chartCollection.GetAllChartCollections" name="NegativeGetAllBanner" time="0.154"/>
  <testcase classname="com.onmobile.vol.cataloghub.api.chartCollection.GetAllChartCollections" name="getAllChartCollection" time="0.72"/>
  <testcase classname="com.onmobile.api.helper.RestBaseClass" name="run" time="0.001"/>
  <testcase classname="com.onmobile.api.helper.RestBaseClass" name="run" time="0.001"/>
  <testcase classname="com.onmobile.vol.cataloghub.api.chartCollection.SearchByChartCollectionName" name="getChartCollectionsNegativeTest" time="0.141"/>
  <testcase classname="com.onmobile.vol.cataloghub.api.chartCollection.SearchByChartCollectionName" name="getChartCollectionsNegativeTest" time="0.159"/>
  <testcase classname="com.onmobile.vol.cataloghub.api.chartCollection.SearchByChartCollectionName" name="searchChartByCollectionName" time="0.186"/>
  <testcase classname="com.onmobile.vol.cataloghub.api.chartCollection.DeleteChartCollectionByID" name="deleteChartCollectionById" time="0.154"/>
  <testcase classname="com.onmobile.api.helper.RestBaseClass" name="run" time="0.001"/>
  <testcase classname="com.onmobile.api.helper.RestBaseClass" name="@BeforeSuite generateToken" time="0.0">
    <ignored/>
  </testcase> <!-- @BeforeSuite generateToken -->
  <testcase classname="com.onmobile.api.helper.RestBaseClass" name="@BeforeSuite generateToken" time="0.0">
    <ignored/>
  </testcase> <!-- @BeforeSuite generateToken -->
  <testcase classname="com.onmobile.api.helper.RestBaseClass" name="@BeforeSuite generateToken" time="0.0">
    <ignored/>
  </testcase> <!-- @BeforeSuite generateToken -->
  <testcase classname="com.onmobile.api.helper.RestBaseClass" name="@BeforeSuite generateToken" time="0.0">
    <ignored/>
  </testcase> <!-- @BeforeSuite generateToken -->
  <testcase classname="com.onmobile.api.helper.RestBaseClass" name="@AfterSuite afterSuite" time="0.0">
    <ignored/>
  </testcase> <!-- @AfterSuite afterSuite -->
  <testcase classname="com.onmobile.api.helper.RestBaseClass" name="@AfterSuite afterSuite" time="0.0">
    <ignored/>
  </testcase> <!-- @AfterSuite afterSuite -->
  <testcase classname="com.onmobile.api.helper.RestBaseClass" name="@AfterSuite afterSuite" time="0.0">
    <ignored/>
  </testcase> <!-- @AfterSuite afterSuite -->
  <testcase classname="com.onmobile.api.helper.RestBaseClass" name="@AfterSuite afterSuite" time="0.0">
    <ignored/>
  </testcase> <!-- @AfterSuite afterSuite -->
</testsuite> <!-- Chart Collection -->
