<?xml version="1.0" encoding="UTF-8"?>
<!-- Generated by org.testng.reporters.JUnitXMLReporter -->
<testsuite ignored="8" hostname="WBLL0921E4832" failures="0" tests="7" name="Test" time="21.113" errors="0" timestamp="2021-12-01T18:49:40 IST">
  <testcase classname="com.onmobile.vol.cataloghub.api.themes.CreateTheme" name="createThemByThemeName" time="1.684"/>
  <testcase classname="com.onmobile.vol.cataloghub.api.themes.UpdateThemeImageURL" name="updateThemeImageURL" time="0.345"/>
  <testcase classname="com.onmobile.vol.cataloghub.api.themes.UpdateTheme" name="updateTheme" time="5.11"/>
  <testcase classname="com.onmobile.vol.cataloghub.api.themes.GetThemeByID" name="getThemeByThemeID" time="11.432"/>
  <testcase classname="com.onmobile.vol.cataloghub.api.themes.GetThemeByID" name="getThemeByThemeid_NegativeScenarios" time="0.205"/>
  <testcase classname="com.onmobile.vol.cataloghub.api.themes.GetThemeByID" name="getThemeByThemeid_NegativeScenarios" time="0.206"/>
  <testcase classname="com.onmobile.vol.cataloghub.api.themes.GetAllThemes" name="getAllThemes" time="0.638"/>
  <testcase classname="com.onmobile.api.helper.RestBaseClass" name="@BeforeSuite generateToken" time="0.0">
    <ignored/>
  </testcase> <!-- @BeforeSuite generateToken -->
  <testcase classname="com.onmobile.api.helper.RestBaseClass" name="@BeforeSuite generateToken" time="0.0">
    <ignored/>
  </testcase> <!-- @BeforeSuite generateToken -->
  <testcase classname="com.onmobile.api.helper.RestBaseClass" name="@BeforeSuite generateToken" time="0.0">
    <ignored/>
  </testcase> <!-- @BeforeSuite generateToken -->
  <testcase classname="com.onmobile.api.helper.RestBaseClass" name="@BeforeSuite generateToken" time="0.0">
    <ignored/>
  </testcase> <!-- @BeforeSuite generateToken -->
  <testcase classname="com.onmobile.api.helper.RestBaseClass" name="@AfterSuite afterSuite" time="0.0">
    <ignored/>
  </testcase> <!-- @AfterSuite afterSuite -->
  <testcase classname="com.onmobile.api.helper.RestBaseClass" name="@AfterSuite afterSuite" time="0.0">
    <ignored/>
  </testcase> <!-- @AfterSuite afterSuite -->
  <testcase classname="com.onmobile.api.helper.RestBaseClass" name="@AfterSuite afterSuite" time="0.0">
    <ignored/>
  </testcase> <!-- @AfterSuite afterSuite -->
  <testcase classname="com.onmobile.api.helper.RestBaseClass" name="@AfterSuite afterSuite" time="0.0">
    <ignored/>
  </testcase> <!-- @AfterSuite afterSuite -->
</testsuite> <!-- Test -->
