<?xml version="1.0" encoding="UTF-8"?>
<!-- Generated by org.testng.reporters.JUnitXMLReporter -->
<testsuite ignored="6" hostname="WBLL0921E4832" failures="0" tests="13" name="Theme collection" time="2.517" errors="0" timestamp="2022-02-22T16:35:07 IST">
  <testcase classname="com.onmobile.vol.cataloghub.api.collectionThemes.CreateThemeCollection" name="createThemByThemeName" time="0.365"/>
  <testcase classname="com.onmobile.api.helper.RestBaseClass" name="run" time="0.002"/>
  <testcase classname="com.onmobile.api.helper.RestBaseClass" name="run" time="0.011"/>
  <testcase classname="com.onmobile.vol.cataloghub.api.collectionThemes.UpdateThemeCollection" name="updateTheme" time="0.338"/>
  <testcase classname="com.onmobile.vol.cataloghub.api.collectionThemes.GetThemeCollectionByID" name="InvalidThemeCollection" time="0.18"/>
  <testcase classname="com.onmobile.vol.cataloghub.api.collectionThemes.GetThemeCollectionByID" name="InvalidThemeCollection" time="0.18"/>
  <testcase classname="com.onmobile.vol.cataloghub.api.collectionThemes.GetThemeCollectionByID" name="InvalidThemeCollection" time="0.222"/>
  <testcase classname="com.onmobile.vol.cataloghub.api.collectionThemes.GetThemeCollectionByID" name="InvalidThemeCollection" time="0.167"/>
  <testcase classname="com.onmobile.vol.cataloghub.api.collectionThemes.GetThemeCollectionByID" name="InvalidThemeCollection" time="0.202"/>
  <testcase classname="com.onmobile.vol.cataloghub.api.collectionThemes.GetThemeCollectionByID" name="getThemeCollection" time="0.265"/>
  <testcase classname="com.onmobile.api.helper.RestBaseClass" name="run" time="0.001"/>
  <testcase classname="com.onmobile.vol.cataloghub.api.collectionThemes.GetAllCollectionThemes" name="validateThemesRequest" time="0.235"/>
  <testcase classname="com.onmobile.api.helper.RestBaseClass" name="run" time="0.001"/>
  <testcase classname="com.onmobile.api.helper.RestBaseClass" name="@BeforeSuite generateToken" time="0.0">
    <ignored/>
  </testcase> <!-- @BeforeSuite generateToken -->
  <testcase classname="com.onmobile.api.helper.RestBaseClass" name="@BeforeSuite generateToken" time="0.0">
    <ignored/>
  </testcase> <!-- @BeforeSuite generateToken -->
  <testcase classname="com.onmobile.api.helper.RestBaseClass" name="@BeforeSuite generateToken" time="0.0">
    <ignored/>
  </testcase> <!-- @BeforeSuite generateToken -->
  <testcase classname="com.onmobile.api.helper.RestBaseClass" name="@AfterSuite afterSuite" time="0.0">
    <ignored/>
  </testcase> <!-- @AfterSuite afterSuite -->
  <testcase classname="com.onmobile.api.helper.RestBaseClass" name="@AfterSuite afterSuite" time="0.0">
    <ignored/>
  </testcase> <!-- @AfterSuite afterSuite -->
  <testcase classname="com.onmobile.api.helper.RestBaseClass" name="@AfterSuite afterSuite" time="0.0">
    <ignored/>
  </testcase> <!-- @AfterSuite afterSuite -->
</testsuite> <!-- Theme collection -->
