<?xml version="1.0" encoding="UTF-8"?>
<!-- Generated by org.testng.reporters.JUnitXMLReporter -->
<testsuite ignored="6" hostname="WBLL0921E4832" failures="0" tests="9" name="Theme Search" time="5.1" errors="0" timestamp="2022-02-14T12:44:18 IST">
  <testcase classname="com.onmobile.vol.cataloghub.api.themes.SearchByThemeName" name="searchThemeByThemeNameNegativeScenarioes" time="0.286"/>
  <testcase classname="com.onmobile.vol.cataloghub.api.themes.SearchByThemeName" name="searchThemeByThemeNameNegativeScenarioes" time="0.7"/>
  <testcase classname="com.onmobile.vol.cataloghub.api.themes.SearchByThemeName" name="validateSearchThemeByThemeName" time="0.284"/>
  <testcase classname="com.onmobile.vol.cataloghub.api.collectionThemes.SearchByThemeCollectionName" name="searchThemeCollection" time="0.499"/>
  <testcase classname="com.onmobile.vol.cataloghub.api.collectionThemes.SearchByThemeCollectionName" name="searchThemeCollectionNegativeScenarioes" time="0.177"/>
  <testcase classname="com.onmobile.vol.cataloghub.api.collectionThemes.SearchByThemeCollectionName" name="searchThemeCollectionNegativeScenarioes" time="0.368"/>
  <testcase classname="com.onmobile.vol.cataloghub.api.collectionThemes.SearchByThemeCollectionName" name="searchThemeCollectionNegativeScenarioes" time="0.657"/>
  <testcase classname="com.onmobile.vol.cataloghub.api.themes.DeleteThemeByID" name="deleteThemeID" time="0.649"/>
  <testcase classname="com.onmobile.vol.cataloghub.api.collectionThemes.DeleteThemeCollectionByID" name="getAttributes" time="1.254"/>
  <testcase classname="com.onmobile.api.helper.RestBaseClass" name="@BeforeSuite generateToken" time="0.0">
    <ignored/>
  </testcase> <!-- @BeforeSuite generateToken -->
  <testcase classname="com.onmobile.api.helper.RestBaseClass" name="@BeforeSuite generateToken" time="0.0">
    <ignored/>
  </testcase> <!-- @BeforeSuite generateToken -->
  <testcase classname="com.onmobile.api.helper.RestBaseClass" name="@BeforeSuite generateToken" time="0.0">
    <ignored/>
  </testcase> <!-- @BeforeSuite generateToken -->
  <testcase classname="com.onmobile.api.helper.RestBaseClass" name="@AfterSuite afterSuite" time="0.0">
    <ignored/>
  </testcase> <!-- @AfterSuite afterSuite -->
  <testcase classname="com.onmobile.api.helper.RestBaseClass" name="@AfterSuite afterSuite" time="0.0">
    <ignored/>
  </testcase> <!-- @AfterSuite afterSuite -->
  <testcase classname="com.onmobile.api.helper.RestBaseClass" name="@AfterSuite afterSuite" time="0.0">
    <ignored/>
  </testcase> <!-- @AfterSuite afterSuite -->
</testsuite> <!-- Theme Search -->
