<?xml version="1.0" encoding="UTF-8"?>
<!-- Generated by org.testng.reporters.JUnitXMLReporter -->
<testsuite ignored="6" hostname="WBLL0921E4832" failures="0" tests="9" name="Theme collection" time="3.135" errors="0" timestamp="2022-02-11T15:23:14 IST">
  <testcase classname="com.onmobile.vol.cataloghub.api.collectionThemes.CreateThemeCollection" name="createThemByThemeName" time="0.415"/>
  <testcase classname="com.onmobile.vol.cataloghub.api.collectionThemes.UpdateThemeCollection" name="updateTheme" time="0.422"/>
  <testcase classname="com.onmobile.vol.cataloghub.api.collectionThemes.GetThemeCollectionByID" name="InvalidThemeCollection" time="0.286"/>
  <testcase classname="com.onmobile.vol.cataloghub.api.collectionThemes.GetThemeCollectionByID" name="InvalidThemeCollection" time="0.281"/>
  <testcase classname="com.onmobile.vol.cataloghub.api.collectionThemes.GetThemeCollectionByID" name="InvalidThemeCollection" time="0.268"/>
  <testcase classname="com.onmobile.vol.cataloghub.api.collectionThemes.GetThemeCollectionByID" name="InvalidThemeCollection" time="0.263"/>
  <testcase classname="com.onmobile.vol.cataloghub.api.collectionThemes.GetThemeCollectionByID" name="InvalidThemeCollection" time="0.316"/>
  <testcase classname="com.onmobile.vol.cataloghub.api.collectionThemes.GetThemeCollectionByID" name="getThemeCollection" time="0.388"/>
  <testcase classname="com.onmobile.vol.cataloghub.api.collectionThemes.GetAllCollectionThemes" name="validateThemesRequest" time="0.294"/>
  <testcase classname="com.onmobile.api.helper.RestBaseClass" name="@BeforeSuite generateToken" time="0.0">
    <ignored/>
  </testcase> <!-- @BeforeSuite generateToken -->
  <testcase classname="com.onmobile.api.helper.RestBaseClass" name="@BeforeSuite generateToken" time="0.0">
    <ignored/>
  </testcase> <!-- @BeforeSuite generateToken -->
  <testcase classname="com.onmobile.api.helper.RestBaseClass" name="@BeforeSuite generateToken" time="0.0">
    <ignored/>
  </testcase> <!-- @BeforeSuite generateToken -->
  <testcase classname="com.onmobile.api.helper.RestBaseClass" name="@AfterSuite afterSuite" time="0.0">
    <ignored/>
  </testcase> <!-- @AfterSuite afterSuite -->
  <testcase classname="com.onmobile.api.helper.RestBaseClass" name="@AfterSuite afterSuite" time="0.0">
    <ignored/>
  </testcase> <!-- @AfterSuite afterSuite -->
  <testcase classname="com.onmobile.api.helper.RestBaseClass" name="@AfterSuite afterSuite" time="0.0">
    <ignored/>
  </testcase> <!-- @AfterSuite afterSuite -->
</testsuite> <!-- Theme collection -->
