<?xml version="1.0" encoding="UTF-8"?>
<!-- Generated by org.testng.reporters.JUnitXMLReporter -->
<testsuite ignored="8" hostname="WBLL0921E4832" failures="0" tests="12" name="Theme" time="5.839" errors="0" timestamp="2022-02-22T16:35:03 IST">
  <testcase classname="com.onmobile.vol.cataloghub.api.themes.CreateTheme" name="createThemByThemeName" time="1.803"/>
  <testcase classname="com.onmobile.api.helper.RestBaseClass" name="run" time="0.002"/>
  <testcase classname="com.onmobile.api.helper.RestBaseClass" name="run" time="0.003"/>
  <testcase classname="com.onmobile.vol.cataloghub.api.themes.UpdateThemeImageURL" name="updateThemeImageURL" time="0.324"/>
  <testcase classname="com.onmobile.api.helper.RestBaseClass" name="run" time="0.001"/>
  <testcase classname="com.onmobile.vol.cataloghub.api.themes.UpdateTheme" name="updateTheme" time="0.373"/>
  <testcase classname="com.onmobile.vol.cataloghub.api.themes.GetThemeByID" name="getThemeByThemeID" time="0.913"/>
  <testcase classname="com.onmobile.vol.cataloghub.api.themes.GetThemeByID" name="getThemeByThemeid_NegativeScenarios" time="0.236"/>
  <testcase classname="com.onmobile.vol.cataloghub.api.themes.GetThemeByID" name="getThemeByThemeid_NegativeScenarios" time="0.166"/>
  <testcase classname="com.onmobile.api.helper.RestBaseClass" name="run" time="0.001"/>
  <testcase classname="com.onmobile.vol.cataloghub.api.themes.GetAllThemes" name="getAllThemes" time="0.51"/>
  <testcase classname="com.onmobile.api.helper.RestBaseClass" name="run" time="0.003"/>
  <testcase classname="com.onmobile.api.helper.RestBaseClass" name="@BeforeSuite generateToken" time="0.0">
    <ignored/>
  </testcase> <!-- @BeforeSuite generateToken -->
  <testcase classname="com.onmobile.api.helper.RestBaseClass" name="@BeforeSuite generateToken" time="0.0">
    <ignored/>
  </testcase> <!-- @BeforeSuite generateToken -->
  <testcase classname="com.onmobile.api.helper.RestBaseClass" name="@BeforeSuite generateToken" time="0.0">
    <ignored/>
  </testcase> <!-- @BeforeSuite generateToken -->
  <testcase classname="com.onmobile.api.helper.RestBaseClass" name="@BeforeSuite generateToken" time="0.0">
    <ignored/>
  </testcase> <!-- @BeforeSuite generateToken -->
  <testcase classname="com.onmobile.api.helper.RestBaseClass" name="@AfterSuite afterSuite" time="0.0">
    <ignored/>
  </testcase> <!-- @AfterSuite afterSuite -->
  <testcase classname="com.onmobile.api.helper.RestBaseClass" name="@AfterSuite afterSuite" time="0.0">
    <ignored/>
  </testcase> <!-- @AfterSuite afterSuite -->
  <testcase classname="com.onmobile.api.helper.RestBaseClass" name="@AfterSuite afterSuite" time="0.0">
    <ignored/>
  </testcase> <!-- @AfterSuite afterSuite -->
  <testcase classname="com.onmobile.api.helper.RestBaseClass" name="@AfterSuite afterSuite" time="0.0">
    <ignored/>
  </testcase> <!-- @AfterSuite afterSuite -->
</testsuite> <!-- Theme -->
