<?xml version="1.0" encoding="UTF-8"?>
<!-- Generated by org.testng.reporters.JUnitXMLReporter -->
<testsuite ignored="10" hostname="WBLL0921E4832" failures="0" tests="8" name="Test" time="2.32" errors="0" timestamp="2021-11-30T12:40:33 IST">
  <testcase classname="com.onmobile.vol.cataloghub.api.themes.CreateTheme" name="createThemByThemeName" time="0.323"/>
  <testcase classname="com.onmobile.vol.cataloghub.api.themes.UpdateThemeImageURL" name="createThemByThemeName" time="0.245"/>
  <testcase classname="com.onmobile.vol.cataloghub.api.themes.UpdateTheme" name="updateTheme" time="0.267"/>
  <testcase classname="com.onmobile.vol.cataloghub.api.themes.GetThemeByID" name="NegativeGetThemeID" time="0.173"/>
  <testcase classname="com.onmobile.vol.cataloghub.api.themes.GetThemeByID" name="NegativeGetThemeID" time="0.133"/>
  <testcase classname="com.onmobile.vol.cataloghub.api.themes.GetThemeByID" name="validateThemesRequest" time="0.192"/>
  <testcase classname="com.onmobile.vol.cataloghub.api.themes.GetAllThemes" name="validateThemesRequest" time="0.448"/>
  <testcase classname="com.onmobile.vol.cataloghub.api.themes.DeleteThemeByID" name="getAttributes" time="0.324"/>
  <testcase classname="com.onmobile.api.helper.RestBaseClass" name="@BeforeSuite generateToken" time="0.0">
    <ignored/>
  </testcase> <!-- @BeforeSuite generateToken -->
  <testcase classname="com.onmobile.api.helper.RestBaseClass" name="@BeforeSuite generateToken" time="0.0">
    <ignored/>
  </testcase> <!-- @BeforeSuite generateToken -->
  <testcase classname="com.onmobile.api.helper.RestBaseClass" name="@BeforeSuite generateToken" time="0.0">
    <ignored/>
  </testcase> <!-- @BeforeSuite generateToken -->
  <testcase classname="com.onmobile.api.helper.RestBaseClass" name="@BeforeSuite generateToken" time="0.0">
    <ignored/>
  </testcase> <!-- @BeforeSuite generateToken -->
  <testcase classname="com.onmobile.api.helper.RestBaseClass" name="@BeforeSuite generateToken" time="0.0">
    <ignored/>
  </testcase> <!-- @BeforeSuite generateToken -->
  <testcase classname="com.onmobile.api.helper.RestBaseClass" name="@AfterSuite afterSuite" time="0.0">
    <ignored/>
  </testcase> <!-- @AfterSuite afterSuite -->
  <testcase classname="com.onmobile.api.helper.RestBaseClass" name="@AfterSuite afterSuite" time="0.0">
    <ignored/>
  </testcase> <!-- @AfterSuite afterSuite -->
  <testcase classname="com.onmobile.api.helper.RestBaseClass" name="@AfterSuite afterSuite" time="0.0">
    <ignored/>
  </testcase> <!-- @AfterSuite afterSuite -->
  <testcase classname="com.onmobile.api.helper.RestBaseClass" name="@AfterSuite afterSuite" time="0.0">
    <ignored/>
  </testcase> <!-- @AfterSuite afterSuite -->
  <testcase classname="com.onmobile.api.helper.RestBaseClass" name="@AfterSuite afterSuite" time="0.0">
    <ignored/>
  </testcase> <!-- @AfterSuite afterSuite -->
</testsuite> <!-- Test -->
