<?xml version="1.0" encoding="UTF-8"?>
<!-- Generated by org.testng.reporters.JUnitXMLReporter -->
<testsuite ignored="6" hostname="WBLL0921E4832" failures="0" tests="9" name="Theme Search" time="1.55" errors="0" timestamp="2022-02-10T17:50:05 IST">
  <testcase classname="com.onmobile.vol.cataloghub.api.themes.themeSearch.SearchByThemeName" name="searchThemeByThemeNameNegativeScenarioes" time="0.158"/>
  <testcase classname="com.onmobile.vol.cataloghub.api.themes.themeSearch.SearchByThemeName" name="searchThemeByThemeNameNegativeScenarioes" time="0.125"/>
  <testcase classname="com.onmobile.vol.cataloghub.api.themes.themeSearch.SearchByThemeName" name="validateSearchThemeByThemeName" time="0.201"/>
  <testcase classname="com.onmobile.vol.cataloghub.api.themes.themeSearch.SearchByThemeCollectionName" name="searchThemeCollection" time="0.17"/>
  <testcase classname="com.onmobile.vol.cataloghub.api.themes.themeSearch.SearchByThemeCollectionName" name="searchThemeCollectionNegativeScenarioes" time="0.122"/>
  <testcase classname="com.onmobile.vol.cataloghub.api.themes.themeSearch.SearchByThemeCollectionName" name="searchThemeCollectionNegativeScenarioes" time="0.145"/>
  <testcase classname="com.onmobile.vol.cataloghub.api.themes.themeSearch.SearchByThemeCollectionName" name="searchThemeCollectionNegativeScenarioes" time="0.171"/>
  <testcase classname="com.onmobile.vol.cataloghub.api.themes.DeleteThemeByID" name="getAttributes" time="0.161"/>
  <testcase classname="com.onmobile.vol.cataloghub.api.collectionThemes.DeleteThemeCollectionByID" name="getAttributes" time="0.16"/>
  <testcase classname="com.onmobile.api.helper.RestBaseClass" name="@BeforeSuite generateToken" time="0.0">
    <ignored/>
  </testcase> <!-- @BeforeSuite generateToken -->
  <testcase classname="com.onmobile.api.helper.RestBaseClass" name="@BeforeSuite generateToken" time="0.0">
    <ignored/>
  </testcase> <!-- @BeforeSuite generateToken -->
  <testcase classname="com.onmobile.api.helper.RestBaseClass" name="@BeforeSuite generateToken" time="0.0">
    <ignored/>
  </testcase> <!-- @BeforeSuite generateToken -->
  <testcase classname="com.onmobile.api.helper.RestBaseClass" name="@AfterSuite afterSuite" time="0.0">
    <ignored/>
  </testcase> <!-- @AfterSuite afterSuite -->
  <testcase classname="com.onmobile.api.helper.RestBaseClass" name="@AfterSuite afterSuite" time="0.0">
    <ignored/>
  </testcase> <!-- @AfterSuite afterSuite -->
  <testcase classname="com.onmobile.api.helper.RestBaseClass" name="@AfterSuite afterSuite" time="0.0">
    <ignored/>
  </testcase> <!-- @AfterSuite afterSuite -->
</testsuite> <!-- Theme Search -->
