<?xml version="1.0" encoding="UTF-8"?>
<!-- Generated by org.testng.reporters.JUnitXMLReporter -->
<testsuite ignored="8" hostname="WBLL0921E4832" failures="2" tests="10" name="Theme" time="2.927" errors="0" timestamp="2022-02-10T17:49:14 IST">
  <testcase classname="com.onmobile.vol.cataloghub.api.banner.CreateBanner" name="NegativeScenarioCreateChat" time="0.185"/>
  <testcase classname="com.onmobile.vol.cataloghub.api.banner.CreateBanner" name="createChatByChatName" time="0.335"/>
  <testcase classname="com.onmobile.vol.cataloghub.api.banner.GetAllBanner" name="NegativeGetAllBanner" time="0.168"/>
  <testcase classname="com.onmobile.vol.cataloghub.api.banner.GetAllBanner" name="NegativeGetAllBanner" time="0.152"/>
  <testcase classname="com.onmobile.vol.cataloghub.api.banner.GetAllBanner" name="getAllBanner" time="0.592">
    <failure type="java.lang.AssertionError" message="3 expectations failed.
JSON path banner_id doesn&amp;apos;t match.
Expected: a collection containing &amp;lt;1390&amp;gt;
  Actual: &amp;lt;[450, 433, 432, 430, 64, 65, 66, 67, 170, 172, 175, 179, 184, 190, 193, 194, 196, 197, 199, 200, 202, 203, 205, 206, 208, 428, 429, 360, 234, 489, 362, 277, 363, 278, 279, 281, 357, 358, 295, 288, 294, 355, 356, 350, 292, 293, 296, 297, 298, 299, 300, 301, 303, 309, 310, 311, 312, 313, 314, 315, 347, 348, 349, 322, 323, 324, 333, 342, 343, 344, 345, 346, 372, 373, 374, 375, 376, 377, 378, 379, 380, 384, 416, 418, 420, 421, 422, 423, 424, 425, 426, 427, 436, 434, 435, 443, 444, 446, 448, 449, 451, 452, 453, 456, 457, 458, 459, 460, 461, 462, 463, 465, 466, 467, 468, 469, 472, 473, 474, 475, 476, 477, 478, 479, 480, 482, 484, 490, 491, 492, 493, 494, 495, 496, 497, 498, 499, 500, 501, 502, 503, 504, 505, 506, 507, 508, 509, 510, 511, 512, 514, 517, 523, 521, 533, 534, 535, 536, 537, 538, 539, 545, 546, 547, 676, 549, 550, 551, 552, 553, 554, 555, 556, 557, 558, 583, 587, 588, 589, 590, 591, 602, 608, 609, 610, 611, 612, 613, 614, 615, 616, 617, 618, 619, 620, 621, 622, 625, 626, 627, 628, 629, 630, 631, 632, 633, 634, 637, 638, 639, 658, 642, 643, 659, 660, 661, 663, 666, 667, 668, 669, 670, 671, 672, 675, 674, 677, 678, 679, 680, 681, 682, 683, 685, 686, 687, 688, 689, 690, 691, 692, 693, 694, 695, 701, 702, 703, 704, 706, 707, 708, 709, 710, 711, 712, 713, 714, 715, 716, 717, 718, 719, 720, 721, 722, 723, 724, 725, 726, 727, 728, 729, 730, 731, 732, 733, 734, 748, 756, 757, 758, 759, 760, 761, 762, 764, 765, 766, 767, 768, 769, 774, 787, 788, 789, 790, 798, 1234, 1235, 1237, 1239, 1240, 1251, 1254, 1280, 1281, 1282, 1285, 1284, 1286, 1287, 1288, 1289, 1291, 1292, 1293, 1294, 1307, 1308, 1315, 1346, 1347, 1348, 1349, 1356, 1357, 1358, 1359, 1371, 1373, 1377, 1378, 1379, 1386]&amp;gt;

JSON path name doesn&amp;apos;t match.
Expected: a collection containing &amp;quot;RIP_PUNITH_rs6MspaNi7&amp;quot;
  Actual: &amp;lt;[Top Músicas, Banner_Dynamic_URL_1, Banner_Static_ULR_1, SampleBanner, Banner-1, Banner-2, Banner-3, Banner-4, banner168_1, banner168_2, banner168_3, banner168_4, banner168_5, banner168_6, banner168_2, banner168_1, banner168_2, banner168_1, banner168_2, banner168_1, banner168_2, banner168_1, banner168_2, banner168_1, banner168_2, bannlang, banner_lang1, Special feature, VF-IND-5, QA_Banner, Banner5feb1, list_banner, Banner502_Rose, Feature_Content, Banner_Content, Music_Content_bannerPromotion_QA_vodafone, newuser, activevationpending, Banner_Azan_Shuffle_Voda, Grid_Album_promotion, Content_Music_Banner3, 7, 8, 2, Bookmark_FeaturePromotion_QA_Vodafone, MusicContent2_BannerPromotion_QA_Vodafone, Banner_Azan_Voda, Banner_Azan_shuffle_chart, Banner_Azan_chart, Bookmark_FeaturePromotion_QA_Vodafone, SpecialCaller_FeaturePromotion_QA_Vodafone, shuffle_for_Voda_banner, Ban1, Status_act_pending, Status_act_pending1, Status_dect_pending, Status_dect_pending1, Status_no, Status_no1, Status_new_hi, voltrongold, newuser, voltron+hindi, Status_active_eng, Status_active4, Status_active6, activeuserbannertest, xyz_activ, english banner test, kannadatest, onlyvoltrongold, voltrongold, activebanner2831, newuserbanner2381, COSvoltGold_Paid, COS_volt_goldFree, ACTIVEPAID2381, NEW_FREE, hindi2381, begnalgi2831, default2831, Ringback_promotion, abcd, banner_banner, InApp1, Inapp2, Inapp3, Banner_Name_test, vol-3245, vol-3245, banner_identification, testBanner, Banner_content_URL, Banner_Static_URL_Image, Banner_Dynamic_URL_Image, url_banner, CBanner, Banner123, sample bannerz, anytyhing, ÍabcíóÓúcdRÚüÜ, ÍabcíóÓúcdRÚüÜ, sdàÀáÁabãÃdf çÇéÉêÊ, seema, seematest, hiii, see, test12, inapp, test1, PromoBanner1, today, Test1, HELLO, see, ban, english_banner, hindi_banner, tamil_banner, hello, english_banner, hindi, banner tamil, Banner_H1, Banner_H2, test, DefaultBanner, akash, gsvxh, akash, english_banner, regis_eng_banner, regis_active_eng_banner, regis_new_eng_banner, non_regis_Active, hello_banner_default, non_reg_deac_user, test1, unregistered, QA_Banner, QA_Banner1, QA_Banner2, QA_Banner_en, QA_Banner_en2, QA_Banner_en3, QA_Banner3, QA_banner4, QA_Banner5, banner1, QA_Banner6, QA_banner_new_user, QA_Banner_2.0, Banner_NEW_ACTIVE, df, any, PWAHIN1, PWAHIN2, PWAHIN3, PWAEN1, PWAEN2, PWAEN3, QA_contentId, QA_banner1, qa_contentid1, video002, Qa_video, QA_image, BAN1, BAN2, BAN3Banner3banner3banban, BAN4Banner4BabberBanner, PWAB1, PWAB2, PWAB3, PWAB4, BANNER120, QA_Banner13, QA_Banner_chart, QA_Banner2, Banner_Holiday, mak_1, sample banner, jjj, rt banner, rtchart, rt banner, new rt, rtbanner, rtchart, banner, rt chart, create chart, haha ddd, rt chart, rt banner, rt banner, vishal, english_active, rt banner, rtonmobile, rt  banner, static_url_eng, static_url_eng1, rt banner, dynamic_banner, dynamic_banner_2, rt banner, rt_banners, rt_banner2, rt3, RT_BAN_CHART, New, Active, mak_RT, Active, New001, BRT, rt vishal, banneronmo, rtBanner, rt banner, rt, RT_DESKTOP, bannernewspain, gif1, Video001, Ztestbanner, Ztestbanner2, Ztestbanner3, Test, testbanner, banner1, about, RTBANNERchart, Default1, testbanner1, testbanner2, testbanner3, testbanner4, testbanner5, Default002, Active_Tamil, testbanner6, testbanner6, new1, new111, new11, new11, Pwa_bnr, pwa_bnr2, pwa_bnr3, pwa_bnr4, pwa_bnr5, m1, HINDI_MAK, S_banner1, s_banner, s_banner2, s_banner3, s_banner4, s_banner5, s_banner6, s_banner7, s_banner8, s_banner9, s_banner10, s_banner11, s_banner12, s_bannertamil, s_banner_active&amp;amp;deactive, s_banner, s_bannerActpending, S_banner_actp, w, ass, s_banner_new&amp;amp;active, s_banner_act_new_paid, canceled, english, seemaenglish, seemahindi, seemadefault, seemasinghlishfree, seemahindifreeactive, seemahindiactive, v_banner1, v_banner, bannerRT, rt_banner1, rt_banner2, rt_banner3, dede, bannerVI, test, seema, seema, vishal, link_banner, LInkedBanner, withlink, epmptyurl, abcbanner, ALL, english, Ban1, sample12, Ban1, Test_VI_Default_Banner_2, Test_VI_DefaultBanner_1, Test_VI_Eng_Banner1, Test_VI_Eng_Banner2, Test_VI_Banner_Tam_1, banner_chart_en, banner_chart_hi, banner_chart_ta, banner_en, banner_hi, Redirection_Banner, Sample, hello, banner123, B1, b2, b3, bb, demo, RT_Banner_chart_en, RT_Banner_hi, banner1, Test_One, naveen, RIP_PUNITH, RIP_PUNITH_LPciiEc2Es, sample bannerz]&amp;gt;

JSON path store_id doesn&amp;apos;t match.
Expected: a collection containing &amp;lt;390&amp;gt;
  Actual: &amp;lt;[168, 168, 168, 168, 168, 168, 168, 168, 168, 168, 168, 168, 168, 168, 168, 168, 168, 168, 168, 168, 168, 168, 168, 168, 168, 168, 168, 168, 168, 168, 168, 168, 168, 168, 168, 168, 168, 168, 168, 168, 168, 168, 168, 168, 168, 168, 168, 168, 168, 168, 168, 168, 168, 168, 168, 168, 168, 168, 168, 168, 168, 168, 168, 168, 168, 168, 168, 168, 168, 168, 168, 168, 168, 168, 168, 168, 168, 168, 168, 168, 168, 168, 168, 168, 168, 168, 168, 168, 168, 168, 168, 168, 168, 168, 168, 168, 168, 168, 168, 168, 168, 168, 168, 168, 168, 168, 168, 168, 168, 168, 168, 168, 168, 168, 168, 168, 168, 168, 168, 168, 168, 168, 168, 168, 168, 168, 168, 168, 168, 168, 168, 168, 168, 168, 168, 168, 168, 168, 168, 168, 168, 168, 168, 168, 168, 168, 168, 168, 168, 168, 168, 168, 168, 168, 168, 168, 168, 168, 168, 168, 168, 168, 168, 168, 168, 168, 168, 168, 168, 168, 168, 168, 168, 168, 168, 168, 168, 168, 168, 168, 168, 168, 168, 168, 168, 168, 168, 168, 168, 168, 168, 168, 168, 168, 168, 168, 168, 168, 168, 168, 168, 168, 168, 168, 168, 168, 168, 168, 168, 168, 168, 168, 168, 168, 168, 168, 168, 168, 168, 168, 168, 168, 168, 168, 168, 168, 168, 168, 168, 168, 168, 168, 168, 168, 168, 168, 168, 168, 168, 168, 168, 168, 168, 168, 168, 168, 168, 168, 168, 168, 168, 168, 168, 168, 168, 168, 168, 168, 168, 168, 168, 168, 168, 168, 168, 168, 168, 168, 168, 168, 168, 168, 168, 168, 168, 168, 168, 168, 168, 168, 168, 168, 168, 168, 168, 168, 168, 168, 168, 168, 168, 168, 168, 168, 168, 168, 168, 168, 168, 168, 168, 168, 168, 168, 168, 168, 168, 168, 168, 168, 168, 168, 168, 168, 168, 168, 168, 168, 168, 168, 168, 168, 168, 168, 168, 168, 168, 168, 168, 168, 168, 168, 168, 168]&amp;gt;
">
      <![CDATA[java.lang.AssertionError: 3 expectations failed.
JSON path banner_id doesn't match.
Expected: a collection containing <1390>
  Actual: <[450, 433, 432, 430, 64, 65, 66, 67, 170, 172, 175, 179, 184, 190, 193, 194, 196, 197, 199, 200, 202, 203, 205, 206, 208, 428, 429, 360, 234, 489, 362, 277, 363, 278, 279, 281, 357, 358, 295, 288, 294, 355, 356, 350, 292, 293, 296, 297, 298, 299, 300, 301, 303, 309, 310, 311, 312, 313, 314, 315, 347, 348, 349, 322, 323, 324, 333, 342, 343, 344, 345, 346, 372, 373, 374, 375, 376, 377, 378, 379, 380, 384, 416, 418, 420, 421, 422, 423, 424, 425, 426, 427, 436, 434, 435, 443, 444, 446, 448, 449, 451, 452, 453, 456, 457, 458, 459, 460, 461, 462, 463, 465, 466, 467, 468, 469, 472, 473, 474, 475, 476, 477, 478, 479, 480, 482, 484, 490, 491, 492, 493, 494, 495, 496, 497, 498, 499, 500, 501, 502, 503, 504, 505, 506, 507, 508, 509, 510, 511, 512, 514, 517, 523, 521, 533, 534, 535, 536, 537, 538, 539, 545, 546, 547, 676, 549, 550, 551, 552, 553, 554, 555, 556, 557, 558, 583, 587, 588, 589, 590, 591, 602, 608, 609, 610, 611, 612, 613, 614, 615, 616, 617, 618, 619, 620, 621, 622, 625, 626, 627, 628, 629, 630, 631, 632, 633, 634, 637, 638, 639, 658, 642, 643, 659, 660, 661, 663, 666, 667, 668, 669, 670, 671, 672, 675, 674, 677, 678, 679, 680, 681, 682, 683, 685, 686, 687, 688, 689, 690, 691, 692, 693, 694, 695, 701, 702, 703, 704, 706, 707, 708, 709, 710, 711, 712, 713, 714, 715, 716, 717, 718, 719, 720, 721, 722, 723, 724, 725, 726, 727, 728, 729, 730, 731, 732, 733, 734, 748, 756, 757, 758, 759, 760, 761, 762, 764, 765, 766, 767, 768, 769, 774, 787, 788, 789, 790, 798, 1234, 1235, 1237, 1239, 1240, 1251, 1254, 1280, 1281, 1282, 1285, 1284, 1286, 1287, 1288, 1289, 1291, 1292, 1293, 1294, 1307, 1308, 1315, 1346, 1347, 1348, 1349, 1356, 1357, 1358, 1359, 1371, 1373, 1377, 1378, 1379, 1386]>

JSON path name doesn't match.
Expected: a collection containing "RIP_PUNITH_rs6MspaNi7"
  Actual: <[Top Músicas, Banner_Dynamic_URL_1, Banner_Static_ULR_1, SampleBanner, Banner-1, Banner-2, Banner-3, Banner-4, banner168_1, banner168_2, banner168_3, banner168_4, banner168_5, banner168_6, banner168_2, banner168_1, banner168_2, banner168_1, banner168_2, banner168_1, banner168_2, banner168_1, banner168_2, banner168_1, banner168_2, bannlang, banner_lang1, Special feature, VF-IND-5, QA_Banner, Banner5feb1, list_banner, Banner502_Rose, Feature_Content, Banner_Content, Music_Content_bannerPromotion_QA_vodafone, newuser, activevationpending, Banner_Azan_Shuffle_Voda, Grid_Album_promotion, Content_Music_Banner3, 7, 8, 2, Bookmark_FeaturePromotion_QA_Vodafone, MusicContent2_BannerPromotion_QA_Vodafone, Banner_Azan_Voda, Banner_Azan_shuffle_chart, Banner_Azan_chart, Bookmark_FeaturePromotion_QA_Vodafone, SpecialCaller_FeaturePromotion_QA_Vodafone, shuffle_for_Voda_banner, Ban1, Status_act_pending, Status_act_pending1, Status_dect_pending, Status_dect_pending1, Status_no, Status_no1, Status_new_hi, voltrongold, newuser, voltron+hindi, Status_active_eng, Status_active4, Status_active6, activeuserbannertest, xyz_activ, english banner test, kannadatest, onlyvoltrongold, voltrongold, activebanner2831, newuserbanner2381, COSvoltGold_Paid, COS_volt_goldFree, ACTIVEPAID2381, NEW_FREE, hindi2381, begnalgi2831, default2831, Ringback_promotion, abcd, banner_banner, InApp1, Inapp2, Inapp3, Banner_Name_test, vol-3245, vol-3245, banner_identification, testBanner, Banner_content_URL, Banner_Static_URL_Image, Banner_Dynamic_URL_Image, url_banner, CBanner, Banner123, sample bannerz, anytyhing, ÍabcíóÓúcdRÚüÜ, ÍabcíóÓúcdRÚüÜ, sdàÀáÁabãÃdf çÇéÉêÊ, seema, seematest, hiii, see, test12, inapp, test1, PromoBanner1, today, Test1, HELLO, see, ban, english_banner, hindi_banner, tamil_banner, hello, english_banner, hindi, banner tamil, Banner_H1, Banner_H2, test, DefaultBanner, akash, gsvxh, akash, english_banner, regis_eng_banner, regis_active_eng_banner, regis_new_eng_banner, non_regis_Active, hello_banner_default, non_reg_deac_user, test1, unregistered, QA_Banner, QA_Banner1, QA_Banner2, QA_Banner_en, QA_Banner_en2, QA_Banner_en3, QA_Banner3, QA_banner4, QA_Banner5, banner1, QA_Banner6, QA_banner_new_user, QA_Banner_2.0, Banner_NEW_ACTIVE, df, any, PWAHIN1, PWAHIN2, PWAHIN3, PWAEN1, PWAEN2, PWAEN3, QA_contentId, QA_banner1, qa_contentid1, video002, Qa_video, QA_image, BAN1, BAN2, BAN3Banner3banner3banban, BAN4Banner4BabberBanner, PWAB1, PWAB2, PWAB3, PWAB4, BANNER120, QA_Banner13, QA_Banner_chart, QA_Banner2, Banner_Holiday, mak_1, sample banner, jjj, rt banner, rtchart, rt banner, new rt, rtbanner, rtchart, banner, rt chart, create chart, haha ddd, rt chart, rt banner, rt banner, vishal, english_active, rt banner, rtonmobile, rt  banner, static_url_eng, static_url_eng1, rt banner, dynamic_banner, dynamic_banner_2, rt banner, rt_banners, rt_banner2, rt3, RT_BAN_CHART, New, Active, mak_RT, Active, New001, BRT, rt vishal, banneronmo, rtBanner, rt banner, rt, RT_DESKTOP, bannernewspain, gif1, Video001, Ztestbanner, Ztestbanner2, Ztestbanner3, Test, testbanner, banner1, about, RTBANNERchart, Default1, testbanner1, testbanner2, testbanner3, testbanner4, testbanner5, Default002, Active_Tamil, testbanner6, testbanner6, new1, new111, new11, new11, Pwa_bnr, pwa_bnr2, pwa_bnr3, pwa_bnr4, pwa_bnr5, m1, HINDI_MAK, S_banner1, s_banner, s_banner2, s_banner3, s_banner4, s_banner5, s_banner6, s_banner7, s_banner8, s_banner9, s_banner10, s_banner11, s_banner12, s_bannertamil, s_banner_active&deactive, s_banner, s_bannerActpending, S_banner_actp, w, ass, s_banner_new&active, s_banner_act_new_paid, canceled, english, seemaenglish, seemahindi, seemadefault, seemasinghlishfree, seemahindifreeactive, seemahindiactive, v_banner1, v_banner, bannerRT, rt_banner1, rt_banner2, rt_banner3, dede, bannerVI, test, seema, seema, vishal, link_banner, LInkedBanner, withlink, epmptyurl, abcbanner, ALL, english, Ban1, sample12, Ban1, Test_VI_Default_Banner_2, Test_VI_DefaultBanner_1, Test_VI_Eng_Banner1, Test_VI_Eng_Banner2, Test_VI_Banner_Tam_1, banner_chart_en, banner_chart_hi, banner_chart_ta, banner_en, banner_hi, Redirection_Banner, Sample, hello, banner123, B1, b2, b3, bb, demo, RT_Banner_chart_en, RT_Banner_hi, banner1, Test_One, naveen, RIP_PUNITH, RIP_PUNITH_LPciiEc2Es, sample bannerz]>

JSON path store_id doesn't match.
Expected: a collection containing <390>
  Actual: <[168, 168, 168, 168, 168, 168, 168, 168, 168, 168, 168, 168, 168, 168, 168, 168, 168, 168, 168, 168, 168, 168, 168, 168, 168, 168, 168, 168, 168, 168, 168, 168, 168, 168, 168, 168, 168, 168, 168, 168, 168, 168, 168, 168, 168, 168, 168, 168, 168, 168, 168, 168, 168, 168, 168, 168, 168, 168, 168, 168, 168, 168, 168, 168, 168, 168, 168, 168, 168, 168, 168, 168, 168, 168, 168, 168, 168, 168, 168, 168, 168, 168, 168, 168, 168, 168, 168, 168, 168, 168, 168, 168, 168, 168, 168, 168, 168, 168, 168, 168, 168, 168, 168, 168, 168, 168, 168, 168, 168, 168, 168, 168, 168, 168, 168, 168, 168, 168, 168, 168, 168, 168, 168, 168, 168, 168, 168, 168, 168, 168, 168, 168, 168, 168, 168, 168, 168, 168, 168, 168, 168, 168, 168, 168, 168, 168, 168, 168, 168, 168, 168, 168, 168, 168, 168, 168, 168, 168, 168, 168, 168, 168, 168, 168, 168, 168, 168, 168, 168, 168, 168, 168, 168, 168, 168, 168, 168, 168, 168, 168, 168, 168, 168, 168, 168, 168, 168, 168, 168, 168, 168, 168, 168, 168, 168, 168, 168, 168, 168, 168, 168, 168, 168, 168, 168, 168, 168, 168, 168, 168, 168, 168, 168, 168, 168, 168, 168, 168, 168, 168, 168, 168, 168, 168, 168, 168, 168, 168, 168, 168, 168, 168, 168, 168, 168, 168, 168, 168, 168, 168, 168, 168, 168, 168, 168, 168, 168, 168, 168, 168, 168, 168, 168, 168, 168, 168, 168, 168, 168, 168, 168, 168, 168, 168, 168, 168, 168, 168, 168, 168, 168, 168, 168, 168, 168, 168, 168, 168, 168, 168, 168, 168, 168, 168, 168, 168, 168, 168, 168, 168, 168, 168, 168, 168, 168, 168, 168, 168, 168, 168, 168, 168, 168, 168, 168, 168, 168, 168, 168, 168, 168, 168, 168, 168, 168, 168, 168, 168, 168, 168, 168, 168, 168, 168, 168, 168, 168, 168, 168, 168, 168, 168, 168, 168]>

at org.codehaus.groovy.runtime.callsite.ConstructorSite$ConstructorSiteNoUnwrapNoCoerce.callConstructor(ConstructorSite.java:105)
at org.codehaus.groovy.runtime.callsite.CallSiteArray.defaultCallConstructor(CallSiteArray.java:59)
at org.codehaus.groovy.runtime.callsite.AbstractCallSite.callConstructor(AbstractCallSite.java:263)
at org.codehaus.groovy.runtime.callsite.AbstractCallSite.callConstructor(AbstractCallSite.java:277)
at io.restassured.internal.ResponseSpecificationImpl$HamcrestAssertionClosure.validate(ResponseSpecificationImpl.groovy:493)
at io.restassured.internal.ResponseSpecificationImpl$HamcrestAssertionClosure$validate$1.call(Unknown Source)
at io.restassured.internal.ResponseSpecificationImpl.validateResponseIfRequired(ResponseSpecificationImpl.groovy:674)
at org.codehaus.groovy.runtime.callsite.PlainObjectMetaMethodSite.doInvoke(PlainObjectMetaMethodSite.java:43)
at org.codehaus.groovy.runtime.callsite.PogoMetaMethodSite$PogoCachedMethodSiteNoUnwrapNoCoerce.invoke(PogoMetaMethodSite.java:193)
at org.codehaus.groovy.runtime.callsite.PogoMetaMethodSite.callCurrent(PogoMetaMethodSite.java:61)
at org.codehaus.groovy.runtime.callsite.AbstractCallSite.callCurrent(AbstractCallSite.java:185)
at io.restassured.internal.ResponseSpecificationImpl.body(ResponseSpecificationImpl.groovy:261)
at io.restassured.specification.ResponseSpecification$body$1.callCurrent(Unknown Source)
at org.codehaus.groovy.runtime.callsite.CallSiteArray.defaultCallCurrent(CallSiteArray.java:51)
at io.restassured.specification.ResponseSpecification$body$1.callCurrent(Unknown Source)
at io.restassured.internal.ResponseSpecificationImpl.body(ResponseSpecificationImpl.groovy:108)
at io.restassured.internal.ValidatableResponseOptionsImpl.body(ValidatableResponseOptionsImpl.java:244)
at io.restassured.internal.ValidatableResponseImpl.super$2$body(ValidatableResponseImpl.groovy)
at groovy.lang.MetaMethod.doMethodInvoke(MetaMethod.java:323)
at groovy.lang.MetaClassImpl.invokeMethod(MetaClassImpl.java:1268)
at org.codehaus.groovy.runtime.ScriptBytecodeAdapter.invokeMethodOnSuperN(ScriptBytecodeAdapter.java:144)
at io.restassured.internal.ValidatableResponseImpl.body(ValidatableResponseImpl.groovy:298)
at io.restassured.internal.ValidatableResponseImpl.body(ValidatableResponseImpl.groovy)
at com.onmobile.vol.cataloghub.api.banner.GetAllBanner.getAllBanner(GetAllBanner.java:59)
at java.base/java.util.ArrayList.forEach(ArrayList.java:1511)
... Removed 42 stack frames]]>
    </failure>
  </testcase> <!-- getAllBanner -->
  <testcase classname="com.onmobile.vol.cataloghub.api.banner.GetBannerById" name="getBannerByID" time="0.183">
    <failure type="java.lang.AssertionError" message="1 expectation failed.
Expected status code &amp;lt;200&amp;gt; but was &amp;lt;400&amp;gt;.
">
      <![CDATA[java.lang.AssertionError: 1 expectation failed.
Expected status code <200> but was <400>.

at org.codehaus.groovy.runtime.callsite.ConstructorSite$ConstructorSiteNoUnwrapNoCoerce.callConstructor(ConstructorSite.java:105)
at org.codehaus.groovy.runtime.callsite.AbstractCallSite.callConstructor(AbstractCallSite.java:277)
at io.restassured.internal.ResponseSpecificationImpl$HamcrestAssertionClosure.validate(ResponseSpecificationImpl.groovy:493)
at io.restassured.internal.ResponseSpecificationImpl$HamcrestAssertionClosure$validate$1.call(Unknown Source)
at io.restassured.internal.ResponseSpecificationImpl.validateResponseIfRequired(ResponseSpecificationImpl.groovy:674)
at org.codehaus.groovy.runtime.callsite.PlainObjectMetaMethodSite.doInvoke(PlainObjectMetaMethodSite.java:43)
at org.codehaus.groovy.runtime.callsite.PogoMetaMethodSite$PogoCachedMethodSiteNoUnwrapNoCoerce.invoke(PogoMetaMethodSite.java:193)
at org.codehaus.groovy.runtime.callsite.PogoMetaMethodSite.callCurrent(PogoMetaMethodSite.java:61)
at org.codehaus.groovy.runtime.callsite.AbstractCallSite.callCurrent(AbstractCallSite.java:185)
at io.restassured.internal.ResponseSpecificationImpl.statusCode(ResponseSpecificationImpl.groovy:126)
at io.restassured.specification.ResponseSpecification$statusCode$0.callCurrent(Unknown Source)
at io.restassured.internal.ResponseSpecificationImpl.statusCode(ResponseSpecificationImpl.groovy:134)
at io.restassured.internal.ValidatableResponseOptionsImpl.statusCode(ValidatableResponseOptionsImpl.java:89)
at io.restassured.internal.ValidatableResponseImpl.super$2$statusCode(ValidatableResponseImpl.groovy)
at groovy.lang.MetaMethod.doMethodInvoke(MetaMethod.java:323)
at groovy.lang.MetaClassImpl.invokeMethod(MetaClassImpl.java:1268)
at org.codehaus.groovy.runtime.ScriptBytecodeAdapter.invokeMethodOnSuperN(ScriptBytecodeAdapter.java:144)
at io.restassured.internal.ValidatableResponseImpl.statusCode(ValidatableResponseImpl.groovy:142)
at io.restassured.internal.ValidatableResponseImpl.statusCode(ValidatableResponseImpl.groovy)
at com.onmobile.vol.cataloghub.api.banner.GetBannerById.getBannerByID(GetBannerById.java:67)
at java.base/java.util.ArrayList.forEach(ArrayList.java:1511)
... Removed 42 stack frames]]>
    </failure>
  </testcase> <!-- getBannerByID -->
  <testcase classname="com.onmobile.vol.cataloghub.api.banner.GetBannerById" name="getBannerById_NegativeScenarios" time="0.2"/>
  <testcase classname="com.onmobile.vol.cataloghub.api.banner.GetBannerById" name="getBannerById_NegativeScenarios" time="0.152"/>
  <testcase classname="com.onmobile.vol.cataloghub.api.banner.UpdateBanner" name="updateTheme" time="0.419"/>
  <testcase classname="com.onmobile.vol.cataloghub.api.banner.DeleteBannerById" name="getAttributes" time="0.194"/>
  <testcase classname="com.onmobile.api.helper.RestBaseClass" name="@BeforeSuite generateToken" time="0.0">
    <ignored/>
  </testcase> <!-- @BeforeSuite generateToken -->
  <testcase classname="com.onmobile.api.helper.RestBaseClass" name="@BeforeSuite generateToken" time="0.0">
    <ignored/>
  </testcase> <!-- @BeforeSuite generateToken -->
  <testcase classname="com.onmobile.api.helper.RestBaseClass" name="@BeforeSuite generateToken" time="0.0">
    <ignored/>
  </testcase> <!-- @BeforeSuite generateToken -->
  <testcase classname="com.onmobile.api.helper.RestBaseClass" name="@BeforeSuite generateToken" time="0.0">
    <ignored/>
  </testcase> <!-- @BeforeSuite generateToken -->
  <testcase classname="com.onmobile.api.helper.RestBaseClass" name="@AfterSuite afterSuite" time="0.0">
    <ignored/>
  </testcase> <!-- @AfterSuite afterSuite -->
  <testcase classname="com.onmobile.api.helper.RestBaseClass" name="@AfterSuite afterSuite" time="0.0">
    <ignored/>
  </testcase> <!-- @AfterSuite afterSuite -->
  <testcase classname="com.onmobile.api.helper.RestBaseClass" name="@AfterSuite afterSuite" time="0.0">
    <ignored/>
  </testcase> <!-- @AfterSuite afterSuite -->
  <testcase classname="com.onmobile.api.helper.RestBaseClass" name="@AfterSuite afterSuite" time="0.0">
    <ignored/>
  </testcase> <!-- @AfterSuite afterSuite -->
</testsuite> <!-- Theme -->
