<?xml version="1.0" encoding="UTF-8"?>
<testng-results ignored="10" total="24" passed="14" failed="0" skipped="0">
  <reporter-output>
  </reporter-output>
  <suite started-at="2022-02-11T11:45:42 IST" name="Suite" finished-at="2022-02-11T11:45:52 IST" duration-ms="9674">
    <groups>
    </groups>
    <test started-at="2022-02-11T11:45:42 IST" name="Banner" finished-at="2022-02-11T11:45:52 IST" duration-ms="9674">
      <class name="com.onmobile.vol.cataloghub.api.banner.SearchByBannerName">
        <test-method is-config="true" signature="initLogger()[pri:0, instance:com.onmobile.vol.cataloghub.api.banner.SearchByBannerName@6a4f1a55]" started-at="2022-02-11T11:45:50 IST" name="initLogger" finished-at="2022-02-11T11:45:50 IST" duration-ms="0" status="PASS">
          <reporter-output>
          </reporter-output>
        </test-method> <!-- initLogger -->
        <test-method is-config="true" signature="init(java.lang.reflect.Method,[Ljava.lang.Object;,org.testng.ITestContext)[pri:0, instance:com.onmobile.vol.cataloghub.api.banner.SearchByBannerName@6a4f1a55]" started-at="2022-02-11T11:45:50 IST" name="init" finished-at="2022-02-11T11:45:50 IST" duration-ms="2" status="PASS">
          <params>
            <param index="0">
              <value>
                <![CDATA[public void com.onmobile.vol.cataloghub.api.banner.SearchByBannerName.searchBannerCollectionByname(java.util.Map[])]]>
              </value>
            </param>
            <param index="1">
              <value>
                <![CDATA[[Ljava.lang.Object;@57afe44b]]>
              </value>
            </param>
            <param index="2">
              <value>
                <![CDATA[org.testng.TestRunner@77a85e76]]>
              </value>
            </param>
          </params>
          <reporter-output>
          </reporter-output>
        </test-method> <!-- init -->
        <test-method signature="searchBannerCollectionByname([Ljava.util.Map;)[pri:0, instance:com.onmobile.vol.cataloghub.api.banner.SearchByBannerName@6a4f1a55]" started-at="2022-02-11T11:45:50 IST" name="searchBannerCollectionByname" data-provider="getPositiveTestdata" finished-at="2022-02-11T11:45:51 IST" duration-ms="497" status="PASS">
          <params>
            <param index="0">
              <value>
                <![CDATA[[Ljava.util.Map;@ab2009f]]>
              </value>
            </param>
          </params>
          <reporter-output>
          </reporter-output>
        </test-method> <!-- searchBannerCollectionByname -->
        <test-method is-config="true" signature="close(java.lang.reflect.Method,[Ljava.lang.Object;,org.testng.ITestContext,org.testng.ITestResult)[pri:0, instance:com.onmobile.vol.cataloghub.api.banner.SearchByBannerName@6a4f1a55]" started-at="2022-02-11T11:45:51 IST" name="close" finished-at="2022-02-11T11:45:51 IST" duration-ms="1" status="PASS">
          <params>
            <param index="0">
              <value>
                <![CDATA[public void com.onmobile.vol.cataloghub.api.banner.SearchByBannerName.searchBannerCollectionByname(java.util.Map[])]]>
              </value>
            </param>
            <param index="1">
              <value>
                <![CDATA[[Ljava.lang.Object;@57afe44b]]>
              </value>
            </param>
            <param index="2">
              <value>
                <![CDATA[org.testng.TestRunner@77a85e76]]>
              </value>
            </param>
            <param index="3">
              <value>
                <![CDATA[[TestResult name=searchBannerCollectionByname status=SUCCESS method=SearchByBannerName.searchBannerCollectionByname([Ljava.util.Map;)[pri:0, instance:com.onmobile.vol.cataloghub.api.banner.SearchByBannerName@6a4f1a55] output={null}]]]>
              </value>
            </param>
          </params>
          <reporter-output>
          </reporter-output>
        </test-method> <!-- close -->
        <test-method is-config="true" signature="init(java.lang.reflect.Method,[Ljava.lang.Object;,org.testng.ITestContext)[pri:0, instance:com.onmobile.vol.cataloghub.api.banner.SearchByBannerName@6a4f1a55]" started-at="2022-02-11T11:45:51 IST" name="init" finished-at="2022-02-11T11:45:51 IST" duration-ms="1" status="PASS">
          <params>
            <param index="0">
              <value>
                <![CDATA[public void com.onmobile.vol.cataloghub.api.banner.SearchByBannerName.searchBannerCollectionBynameNegative(java.util.Map[])]]>
              </value>
            </param>
            <param index="1">
              <value>
                <![CDATA[[Ljava.lang.Object;@18887028]]>
              </value>
            </param>
            <param index="2">
              <value>
                <![CDATA[org.testng.TestRunner@77a85e76]]>
              </value>
            </param>
          </params>
          <reporter-output>
          </reporter-output>
        </test-method> <!-- init -->
        <test-method signature="searchBannerCollectionBynameNegative([Ljava.util.Map;)[pri:0, instance:com.onmobile.vol.cataloghub.api.banner.SearchByBannerName@6a4f1a55]" started-at="2022-02-11T11:45:51 IST" name="searchBannerCollectionBynameNegative" data-provider="getNegativeTestdata" finished-at="2022-02-11T11:45:51 IST" duration-ms="216" status="PASS">
          <params>
            <param index="0">
              <value>
                <![CDATA[[Ljava.util.Map;@3d718248]]>
              </value>
            </param>
          </params>
          <reporter-output>
          </reporter-output>
        </test-method> <!-- searchBannerCollectionBynameNegative -->
        <test-method is-config="true" signature="close(java.lang.reflect.Method,[Ljava.lang.Object;,org.testng.ITestContext,org.testng.ITestResult)[pri:0, instance:com.onmobile.vol.cataloghub.api.banner.SearchByBannerName@6a4f1a55]" started-at="2022-02-11T11:45:51 IST" name="close" finished-at="2022-02-11T11:45:51 IST" duration-ms="1" status="PASS">
          <params>
            <param index="0">
              <value>
                <![CDATA[public void com.onmobile.vol.cataloghub.api.banner.SearchByBannerName.searchBannerCollectionBynameNegative(java.util.Map[])]]>
              </value>
            </param>
            <param index="1">
              <value>
                <![CDATA[[Ljava.lang.Object;@18887028]]>
              </value>
            </param>
            <param index="2">
              <value>
                <![CDATA[org.testng.TestRunner@77a85e76]]>
              </value>
            </param>
            <param index="3">
              <value>
                <![CDATA[[TestResult name=searchBannerCollectionBynameNegative status=SUCCESS method=SearchByBannerName.searchBannerCollectionBynameNegative([Ljava.util.Map;)[pri:0, instance:com.onmobile.vol.cataloghub.api.banner.SearchByBannerName@6a4f1a55] output={null}]]]>
              </value>
            </param>
          </params>
          <reporter-output>
          </reporter-output>
        </test-method> <!-- close -->
        <test-method is-config="true" signature="init(java.lang.reflect.Method,[Ljava.lang.Object;,org.testng.ITestContext)[pri:0, instance:com.onmobile.vol.cataloghub.api.banner.SearchByBannerName@6a4f1a55]" started-at="2022-02-11T11:45:51 IST" name="init" finished-at="2022-02-11T11:45:51 IST" duration-ms="1" status="PASS">
          <params>
            <param index="0">
              <value>
                <![CDATA[public void com.onmobile.vol.cataloghub.api.banner.SearchByBannerName.searchBannerCollectionBynameNegative(java.util.Map[])]]>
              </value>
            </param>
            <param index="1">
              <value>
                <![CDATA[[Ljava.lang.Object;@28f8ce2e]]>
              </value>
            </param>
            <param index="2">
              <value>
                <![CDATA[org.testng.TestRunner@77a85e76]]>
              </value>
            </param>
          </params>
          <reporter-output>
          </reporter-output>
        </test-method> <!-- init -->
        <test-method signature="searchBannerCollectionBynameNegative([Ljava.util.Map;)[pri:0, instance:com.onmobile.vol.cataloghub.api.banner.SearchByBannerName@6a4f1a55]" started-at="2022-02-11T11:45:51 IST" name="searchBannerCollectionBynameNegative" data-provider="getNegativeTestdata" finished-at="2022-02-11T11:45:51 IST" duration-ms="244" status="PASS">
          <params>
            <param index="0">
              <value>
                <![CDATA[[Ljava.util.Map;@2cdb5974]]>
              </value>
            </param>
          </params>
          <reporter-output>
          </reporter-output>
        </test-method> <!-- searchBannerCollectionBynameNegative -->
        <test-method is-config="true" signature="close(java.lang.reflect.Method,[Ljava.lang.Object;,org.testng.ITestContext,org.testng.ITestResult)[pri:0, instance:com.onmobile.vol.cataloghub.api.banner.SearchByBannerName@6a4f1a55]" started-at="2022-02-11T11:45:51 IST" name="close" finished-at="2022-02-11T11:45:51 IST" duration-ms="2" status="PASS">
          <params>
            <param index="0">
              <value>
                <![CDATA[public void com.onmobile.vol.cataloghub.api.banner.SearchByBannerName.searchBannerCollectionBynameNegative(java.util.Map[])]]>
              </value>
            </param>
            <param index="1">
              <value>
                <![CDATA[[Ljava.lang.Object;@28f8ce2e]]>
              </value>
            </param>
            <param index="2">
              <value>
                <![CDATA[org.testng.TestRunner@77a85e76]]>
              </value>
            </param>
            <param index="3">
              <value>
                <![CDATA[[TestResult name=searchBannerCollectionBynameNegative status=SUCCESS method=SearchByBannerName.searchBannerCollectionBynameNegative([Ljava.util.Map;)[pri:0, instance:com.onmobile.vol.cataloghub.api.banner.SearchByBannerName@6a4f1a55] output={null}]]]>
              </value>
            </param>
          </params>
          <reporter-output>
          </reporter-output>
        </test-method> <!-- close -->
        <test-method is-config="true" signature="init(java.lang.reflect.Method,[Ljava.lang.Object;,org.testng.ITestContext)[pri:0, instance:com.onmobile.vol.cataloghub.api.banner.SearchByBannerName@6a4f1a55]" started-at="2022-02-11T11:45:51 IST" name="init" finished-at="2022-02-11T11:45:51 IST" duration-ms="1" status="PASS">
          <params>
            <param index="0">
              <value>
                <![CDATA[public void com.onmobile.vol.cataloghub.api.banner.SearchByBannerName.searchBannerCollectionBynameNegative(java.util.Map[])]]>
              </value>
            </param>
            <param index="1">
              <value>
                <![CDATA[[Ljava.lang.Object;@2c0a3826]]>
              </value>
            </param>
            <param index="2">
              <value>
                <![CDATA[org.testng.TestRunner@77a85e76]]>
              </value>
            </param>
          </params>
          <reporter-output>
          </reporter-output>
        </test-method> <!-- init -->
        <test-method signature="searchBannerCollectionBynameNegative([Ljava.util.Map;)[pri:0, instance:com.onmobile.vol.cataloghub.api.banner.SearchByBannerName@6a4f1a55]" started-at="2022-02-11T11:45:51 IST" name="searchBannerCollectionBynameNegative" data-provider="getNegativeTestdata" finished-at="2022-02-11T11:45:52 IST" duration-ms="519" status="PASS">
          <params>
            <param index="0">
              <value>
                <![CDATA[[Ljava.util.Map;@14b5325f]]>
              </value>
            </param>
          </params>
          <reporter-output>
          </reporter-output>
        </test-method> <!-- searchBannerCollectionBynameNegative -->
        <test-method is-config="true" signature="close(java.lang.reflect.Method,[Ljava.lang.Object;,org.testng.ITestContext,org.testng.ITestResult)[pri:0, instance:com.onmobile.vol.cataloghub.api.banner.SearchByBannerName@6a4f1a55]" started-at="2022-02-11T11:45:52 IST" name="close" finished-at="2022-02-11T11:45:52 IST" duration-ms="1" status="PASS">
          <params>
            <param index="0">
              <value>
                <![CDATA[public void com.onmobile.vol.cataloghub.api.banner.SearchByBannerName.searchBannerCollectionBynameNegative(java.util.Map[])]]>
              </value>
            </param>
            <param index="1">
              <value>
                <![CDATA[[Ljava.lang.Object;@2c0a3826]]>
              </value>
            </param>
            <param index="2">
              <value>
                <![CDATA[org.testng.TestRunner@77a85e76]]>
              </value>
            </param>
            <param index="3">
              <value>
                <![CDATA[[TestResult name=searchBannerCollectionBynameNegative status=SUCCESS method=SearchByBannerName.searchBannerCollectionBynameNegative([Ljava.util.Map;)[pri:0, instance:com.onmobile.vol.cataloghub.api.banner.SearchByBannerName@6a4f1a55] output={null}]]]>
              </value>
            </param>
          </params>
          <reporter-output>
          </reporter-output>
        </test-method> <!-- close -->
      </class> <!-- com.onmobile.vol.cataloghub.api.banner.SearchByBannerName -->
      <class name="com.onmobile.vol.cataloghub.api.banner.CreateBanner">
        <test-method is-config="true" signature="generateToken()[pri:0, instance:com.onmobile.vol.cataloghub.api.banner.CreateBanner@28cda624]" started-at="2022-02-11T11:45:42 IST" name="generateToken" finished-at="2022-02-11T11:45:42 IST" duration-ms="132" status="PASS">
          <reporter-output>
          </reporter-output>
        </test-method> <!-- generateToken -->
        <test-method is-config="true" signature="initLogger()[pri:0, instance:com.onmobile.vol.cataloghub.api.banner.CreateBanner@28cda624]" started-at="2022-02-11T11:45:43 IST" name="initLogger" finished-at="2022-02-11T11:45:43 IST" duration-ms="800" status="PASS">
          <reporter-output>
          </reporter-output>
        </test-method> <!-- initLogger -->
        <test-method is-config="true" signature="init(java.lang.reflect.Method,[Ljava.lang.Object;,org.testng.ITestContext)[pri:0, instance:com.onmobile.vol.cataloghub.api.banner.CreateBanner@28cda624]" started-at="2022-02-11T11:45:44 IST" name="init" finished-at="2022-02-11T11:45:44 IST" duration-ms="8" status="PASS">
          <params>
            <param index="0">
              <value>
                <![CDATA[public void com.onmobile.vol.cataloghub.api.banner.CreateBanner.NegativeScenarioCreateChat(java.util.Map[])]]>
              </value>
            </param>
            <param index="1">
              <value>
                <![CDATA[[Ljava.lang.Object;@4a5fab78]]>
              </value>
            </param>
            <param index="2">
              <value>
                <![CDATA[org.testng.TestRunner@77a85e76]]>
              </value>
            </param>
          </params>
          <reporter-output>
          </reporter-output>
        </test-method> <!-- init -->
        <test-method signature="NegativeScenarioCreateChat([Ljava.util.Map;)[pri:0, instance:com.onmobile.vol.cataloghub.api.banner.CreateBanner@28cda624]" started-at="2022-02-11T11:45:44 IST" name="NegativeScenarioCreateChat" data-provider="getNegativeTestdata" finished-at="2022-02-11T11:45:46 IST" duration-ms="1831" status="PASS">
          <params>
            <param index="0">
              <value>
                <![CDATA[[Ljava.util.Map;@1e4d8770]]>
              </value>
            </param>
          </params>
          <reporter-output>
          </reporter-output>
        </test-method> <!-- NegativeScenarioCreateChat -->
        <test-method is-config="true" signature="close(java.lang.reflect.Method,[Ljava.lang.Object;,org.testng.ITestContext,org.testng.ITestResult)[pri:0, instance:com.onmobile.vol.cataloghub.api.banner.CreateBanner@28cda624]" started-at="2022-02-11T11:45:46 IST" name="close" finished-at="2022-02-11T11:45:46 IST" duration-ms="0" status="PASS">
          <params>
            <param index="0">
              <value>
                <![CDATA[public void com.onmobile.vol.cataloghub.api.banner.CreateBanner.NegativeScenarioCreateChat(java.util.Map[])]]>
              </value>
            </param>
            <param index="1">
              <value>
                <![CDATA[[Ljava.lang.Object;@4a5fab78]]>
              </value>
            </param>
            <param index="2">
              <value>
                <![CDATA[org.testng.TestRunner@77a85e76]]>
              </value>
            </param>
            <param index="3">
              <value>
                <![CDATA[[TestResult name=NegativeScenarioCreateChat status=SUCCESS method=CreateBanner.NegativeScenarioCreateChat([Ljava.util.Map;)[pri:0, instance:com.onmobile.vol.cataloghub.api.banner.CreateBanner@28cda624] output={null}]]]>
              </value>
            </param>
          </params>
          <reporter-output>
          </reporter-output>
        </test-method> <!-- close -->
        <test-method is-config="true" signature="init(java.lang.reflect.Method,[Ljava.lang.Object;,org.testng.ITestContext)[pri:0, instance:com.onmobile.vol.cataloghub.api.banner.CreateBanner@28cda624]" started-at="2022-02-11T11:45:46 IST" name="init" finished-at="2022-02-11T11:45:46 IST" duration-ms="3" status="PASS">
          <params>
            <param index="0">
              <value>
                <![CDATA[public void com.onmobile.vol.cataloghub.api.banner.CreateBanner.createChatByChatName(java.util.Map[])]]>
              </value>
            </param>
            <param index="1">
              <value>
                <![CDATA[[Ljava.lang.Object;@2cebf82f]]>
              </value>
            </param>
            <param index="2">
              <value>
                <![CDATA[org.testng.TestRunner@77a85e76]]>
              </value>
            </param>
          </params>
          <reporter-output>
          </reporter-output>
        </test-method> <!-- init -->
        <test-method signature="createChatByChatName([Ljava.util.Map;)[pri:0, instance:com.onmobile.vol.cataloghub.api.banner.CreateBanner@28cda624]" started-at="2022-02-11T11:45:46 IST" name="createChatByChatName" data-provider="getPositiveTestdata" finished-at="2022-02-11T11:45:47 IST" duration-ms="1051" status="PASS">
          <params>
            <param index="0">
              <value>
                <![CDATA[[Ljava.util.Map;@2a11ae0b]]>
              </value>
            </param>
          </params>
          <reporter-output>
          </reporter-output>
        </test-method> <!-- createChatByChatName -->
        <test-method is-config="true" signature="close(java.lang.reflect.Method,[Ljava.lang.Object;,org.testng.ITestContext,org.testng.ITestResult)[pri:0, instance:com.onmobile.vol.cataloghub.api.banner.CreateBanner@28cda624]" started-at="2022-02-11T11:45:47 IST" name="close" finished-at="2022-02-11T11:45:47 IST" duration-ms="1" status="PASS">
          <params>
            <param index="0">
              <value>
                <![CDATA[public void com.onmobile.vol.cataloghub.api.banner.CreateBanner.createChatByChatName(java.util.Map[])]]>
              </value>
            </param>
            <param index="1">
              <value>
                <![CDATA[[Ljava.lang.Object;@2cebf82f]]>
              </value>
            </param>
            <param index="2">
              <value>
                <![CDATA[org.testng.TestRunner@77a85e76]]>
              </value>
            </param>
            <param index="3">
              <value>
                <![CDATA[[TestResult name=createChatByChatName status=SUCCESS method=CreateBanner.createChatByChatName([Ljava.util.Map;)[pri:0, instance:com.onmobile.vol.cataloghub.api.banner.CreateBanner@28cda624] output={null}]]]>
              </value>
            </param>
          </params>
          <reporter-output>
          </reporter-output>
        </test-method> <!-- close -->
        <test-method is-config="true" signature="afterSuite()[pri:0, instance:com.onmobile.vol.cataloghub.api.banner.CreateBanner@28cda624]" started-at="2022-02-11T11:45:52 IST" name="afterSuite" finished-at="2022-02-11T11:45:55 IST" duration-ms="2324" status="PASS">
          <reporter-output>
          </reporter-output>
        </test-method> <!-- afterSuite -->
      </class> <!-- com.onmobile.vol.cataloghub.api.banner.CreateBanner -->
      <class name="com.onmobile.vol.cataloghub.api.banner.UpdateBanner">
        <test-method is-config="true" signature="initLogger()[pri:0, instance:com.onmobile.vol.cataloghub.api.banner.UpdateBanner@1b919693]" started-at="2022-02-11T11:45:50 IST" name="initLogger" finished-at="2022-02-11T11:45:50 IST" duration-ms="0" status="PASS">
          <reporter-output>
          </reporter-output>
        </test-method> <!-- initLogger -->
        <test-method is-config="true" signature="init(java.lang.reflect.Method,[Ljava.lang.Object;,org.testng.ITestContext)[pri:0, instance:com.onmobile.vol.cataloghub.api.banner.UpdateBanner@1b919693]" started-at="2022-02-11T11:45:50 IST" name="init" finished-at="2022-02-11T11:45:50 IST" duration-ms="3" status="PASS">
          <params>
            <param index="0">
              <value>
                <![CDATA[public void com.onmobile.vol.cataloghub.api.banner.UpdateBanner.updateTheme(java.util.Map[])]]>
              </value>
            </param>
            <param index="1">
              <value>
                <![CDATA[[Ljava.lang.Object;@505a8582]]>
              </value>
            </param>
            <param index="2">
              <value>
                <![CDATA[org.testng.TestRunner@77a85e76]]>
              </value>
            </param>
          </params>
          <reporter-output>
          </reporter-output>
        </test-method> <!-- init -->
        <test-method signature="updateTheme([Ljava.util.Map;)[pri:0, instance:com.onmobile.vol.cataloghub.api.banner.UpdateBanner@1b919693]" started-at="2022-02-11T11:45:50 IST" name="updateTheme" data-provider="getPositiveTestdata" finished-at="2022-02-11T11:45:50 IST" duration-ms="449" status="PASS">
          <params>
            <param index="0">
              <value>
                <![CDATA[[Ljava.util.Map;@5b5b9521]]>
              </value>
            </param>
          </params>
          <reporter-output>
          </reporter-output>
        </test-method> <!-- updateTheme -->
        <test-method is-config="true" signature="close(java.lang.reflect.Method,[Ljava.lang.Object;,org.testng.ITestContext,org.testng.ITestResult)[pri:0, instance:com.onmobile.vol.cataloghub.api.banner.UpdateBanner@1b919693]" started-at="2022-02-11T11:45:50 IST" name="close" finished-at="2022-02-11T11:45:50 IST" duration-ms="1" status="PASS">
          <params>
            <param index="0">
              <value>
                <![CDATA[public void com.onmobile.vol.cataloghub.api.banner.UpdateBanner.updateTheme(java.util.Map[])]]>
              </value>
            </param>
            <param index="1">
              <value>
                <![CDATA[[Ljava.lang.Object;@505a8582]]>
              </value>
            </param>
            <param index="2">
              <value>
                <![CDATA[org.testng.TestRunner@77a85e76]]>
              </value>
            </param>
            <param index="3">
              <value>
                <![CDATA[[TestResult name=updateTheme status=SUCCESS method=UpdateBanner.updateTheme([Ljava.util.Map;)[pri:0, instance:com.onmobile.vol.cataloghub.api.banner.UpdateBanner@1b919693] output={null}]]]>
              </value>
            </param>
          </params>
          <reporter-output>
          </reporter-output>
        </test-method> <!-- close -->
      </class> <!-- com.onmobile.vol.cataloghub.api.banner.UpdateBanner -->
      <class name="com.onmobile.vol.cataloghub.api.banner.GetAllBanner">
        <test-method is-config="true" signature="initLogger()[pri:0, instance:com.onmobile.vol.cataloghub.api.banner.GetAllBanner@71687585]" started-at="2022-02-11T11:45:47 IST" name="initLogger" finished-at="2022-02-11T11:45:47 IST" duration-ms="0" status="PASS">
          <reporter-output>
          </reporter-output>
        </test-method> <!-- initLogger -->
        <test-method is-config="true" signature="init(java.lang.reflect.Method,[Ljava.lang.Object;,org.testng.ITestContext)[pri:0, instance:com.onmobile.vol.cataloghub.api.banner.GetAllBanner@71687585]" started-at="2022-02-11T11:45:47 IST" name="init" finished-at="2022-02-11T11:45:47 IST" duration-ms="2" status="PASS">
          <params>
            <param index="0">
              <value>
                <![CDATA[public void com.onmobile.vol.cataloghub.api.banner.GetAllBanner.NegativeGetAllBanner(java.util.Map[])]]>
              </value>
            </param>
            <param index="1">
              <value>
                <![CDATA[[Ljava.lang.Object;@34fc315d]]>
              </value>
            </param>
            <param index="2">
              <value>
                <![CDATA[org.testng.TestRunner@77a85e76]]>
              </value>
            </param>
          </params>
          <reporter-output>
          </reporter-output>
        </test-method> <!-- init -->
        <test-method signature="NegativeGetAllBanner([Ljava.util.Map;)[pri:0, instance:com.onmobile.vol.cataloghub.api.banner.GetAllBanner@71687585]" started-at="2022-02-11T11:45:47 IST" name="NegativeGetAllBanner" data-provider="getNegativeTestdata" finished-at="2022-02-11T11:45:47 IST" duration-ms="300" status="PASS">
          <params>
            <param index="0">
              <value>
                <![CDATA[[Ljava.util.Map;@13404f75]]>
              </value>
            </param>
          </params>
          <reporter-output>
          </reporter-output>
        </test-method> <!-- NegativeGetAllBanner -->
        <test-method is-config="true" signature="close(java.lang.reflect.Method,[Ljava.lang.Object;,org.testng.ITestContext,org.testng.ITestResult)[pri:0, instance:com.onmobile.vol.cataloghub.api.banner.GetAllBanner@71687585]" started-at="2022-02-11T11:45:47 IST" name="close" finished-at="2022-02-11T11:45:47 IST" duration-ms="1" status="PASS">
          <params>
            <param index="0">
              <value>
                <![CDATA[public void com.onmobile.vol.cataloghub.api.banner.GetAllBanner.NegativeGetAllBanner(java.util.Map[])]]>
              </value>
            </param>
            <param index="1">
              <value>
                <![CDATA[[Ljava.lang.Object;@34fc315d]]>
              </value>
            </param>
            <param index="2">
              <value>
                <![CDATA[org.testng.TestRunner@77a85e76]]>
              </value>
            </param>
            <param index="3">
              <value>
                <![CDATA[[TestResult name=NegativeGetAllBanner status=SUCCESS method=GetAllBanner.NegativeGetAllBanner([Ljava.util.Map;)[pri:0, instance:com.onmobile.vol.cataloghub.api.banner.GetAllBanner@71687585] output={null}]]]>
              </value>
            </param>
          </params>
          <reporter-output>
          </reporter-output>
        </test-method> <!-- close -->
        <test-method is-config="true" signature="init(java.lang.reflect.Method,[Ljava.lang.Object;,org.testng.ITestContext)[pri:0, instance:com.onmobile.vol.cataloghub.api.banner.GetAllBanner@71687585]" started-at="2022-02-11T11:45:47 IST" name="init" finished-at="2022-02-11T11:45:47 IST" duration-ms="4" status="PASS">
          <params>
            <param index="0">
              <value>
                <![CDATA[public void com.onmobile.vol.cataloghub.api.banner.GetAllBanner.NegativeGetAllBanner(java.util.Map[])]]>
              </value>
            </param>
            <param index="1">
              <value>
                <![CDATA[[Ljava.lang.Object;@34f48d1]]>
              </value>
            </param>
            <param index="2">
              <value>
                <![CDATA[org.testng.TestRunner@77a85e76]]>
              </value>
            </param>
          </params>
          <reporter-output>
          </reporter-output>
        </test-method> <!-- init -->
        <test-method signature="NegativeGetAllBanner([Ljava.util.Map;)[pri:0, instance:com.onmobile.vol.cataloghub.api.banner.GetAllBanner@71687585]" started-at="2022-02-11T11:45:47 IST" name="NegativeGetAllBanner" data-provider="getNegativeTestdata" finished-at="2022-02-11T11:45:48 IST" duration-ms="263" status="PASS">
          <params>
            <param index="0">
              <value>
                <![CDATA[[Ljava.util.Map;@6b6fd0]]>
              </value>
            </param>
          </params>
          <reporter-output>
          </reporter-output>
        </test-method> <!-- NegativeGetAllBanner -->
        <test-method is-config="true" signature="close(java.lang.reflect.Method,[Ljava.lang.Object;,org.testng.ITestContext,org.testng.ITestResult)[pri:0, instance:com.onmobile.vol.cataloghub.api.banner.GetAllBanner@71687585]" started-at="2022-02-11T11:45:48 IST" name="close" finished-at="2022-02-11T11:45:48 IST" duration-ms="1" status="PASS">
          <params>
            <param index="0">
              <value>
                <![CDATA[public void com.onmobile.vol.cataloghub.api.banner.GetAllBanner.NegativeGetAllBanner(java.util.Map[])]]>
              </value>
            </param>
            <param index="1">
              <value>
                <![CDATA[[Ljava.lang.Object;@34f48d1]]>
              </value>
            </param>
            <param index="2">
              <value>
                <![CDATA[org.testng.TestRunner@77a85e76]]>
              </value>
            </param>
            <param index="3">
              <value>
                <![CDATA[[TestResult name=NegativeGetAllBanner status=SUCCESS method=GetAllBanner.NegativeGetAllBanner([Ljava.util.Map;)[pri:0, instance:com.onmobile.vol.cataloghub.api.banner.GetAllBanner@71687585] output={null}]]]>
              </value>
            </param>
          </params>
          <reporter-output>
          </reporter-output>
        </test-method> <!-- close -->
        <test-method is-config="true" signature="init(java.lang.reflect.Method,[Ljava.lang.Object;,org.testng.ITestContext)[pri:0, instance:com.onmobile.vol.cataloghub.api.banner.GetAllBanner@71687585]" started-at="2022-02-11T11:45:48 IST" name="init" finished-at="2022-02-11T11:45:48 IST" duration-ms="2" status="PASS">
          <params>
            <param index="0">
              <value>
                <![CDATA[public void com.onmobile.vol.cataloghub.api.banner.GetAllBanner.getAllBanner(java.util.Map[])]]>
              </value>
            </param>
            <param index="1">
              <value>
                <![CDATA[[Ljava.lang.Object;@36a1fd20]]>
              </value>
            </param>
            <param index="2">
              <value>
                <![CDATA[org.testng.TestRunner@77a85e76]]>
              </value>
            </param>
          </params>
          <reporter-output>
          </reporter-output>
        </test-method> <!-- init -->
        <test-method signature="getAllBanner([Ljava.util.Map;)[pri:0, instance:com.onmobile.vol.cataloghub.api.banner.GetAllBanner@71687585]" started-at="2022-02-11T11:45:48 IST" name="getAllBanner" data-provider="getPositiveTestdata" finished-at="2022-02-11T11:45:49 IST" duration-ms="789" status="PASS">
          <params>
            <param index="0">
              <value>
                <![CDATA[[Ljava.util.Map;@53e4a19e]]>
              </value>
            </param>
          </params>
          <reporter-output>
          </reporter-output>
        </test-method> <!-- getAllBanner -->
        <test-method is-config="true" signature="close(java.lang.reflect.Method,[Ljava.lang.Object;,org.testng.ITestContext,org.testng.ITestResult)[pri:0, instance:com.onmobile.vol.cataloghub.api.banner.GetAllBanner@71687585]" started-at="2022-02-11T11:45:49 IST" name="close" finished-at="2022-02-11T11:45:49 IST" duration-ms="1" status="PASS">
          <params>
            <param index="0">
              <value>
                <![CDATA[public void com.onmobile.vol.cataloghub.api.banner.GetAllBanner.getAllBanner(java.util.Map[])]]>
              </value>
            </param>
            <param index="1">
              <value>
                <![CDATA[[Ljava.lang.Object;@36a1fd20]]>
              </value>
            </param>
            <param index="2">
              <value>
                <![CDATA[org.testng.TestRunner@77a85e76]]>
              </value>
            </param>
            <param index="3">
              <value>
                <![CDATA[[TestResult name=getAllBanner status=SUCCESS method=GetAllBanner.getAllBanner([Ljava.util.Map;)[pri:0, instance:com.onmobile.vol.cataloghub.api.banner.GetAllBanner@71687585] output={null}]]]>
              </value>
            </param>
          </params>
          <reporter-output>
          </reporter-output>
        </test-method> <!-- close -->
      </class> <!-- com.onmobile.vol.cataloghub.api.banner.GetAllBanner -->
      <class name="com.onmobile.vol.cataloghub.api.banner.GetBannerById">
        <test-method is-config="true" signature="initLogger()[pri:0, instance:com.onmobile.vol.cataloghub.api.banner.GetBannerById@1807f5a7]" started-at="2022-02-11T11:45:49 IST" name="initLogger" finished-at="2022-02-11T11:45:49 IST" duration-ms="1" status="PASS">
          <reporter-output>
          </reporter-output>
        </test-method> <!-- initLogger -->
        <test-method is-config="true" signature="init(java.lang.reflect.Method,[Ljava.lang.Object;,org.testng.ITestContext)[pri:0, instance:com.onmobile.vol.cataloghub.api.banner.GetBannerById@1807f5a7]" started-at="2022-02-11T11:45:49 IST" name="init" finished-at="2022-02-11T11:45:49 IST" duration-ms="3" status="PASS">
          <params>
            <param index="0">
              <value>
                <![CDATA[public void com.onmobile.vol.cataloghub.api.banner.GetBannerById.getBannerByID(java.util.Map[])]]>
              </value>
            </param>
            <param index="1">
              <value>
                <![CDATA[[Ljava.lang.Object;@45f8415b]]>
              </value>
            </param>
            <param index="2">
              <value>
                <![CDATA[org.testng.TestRunner@77a85e76]]>
              </value>
            </param>
          </params>
          <reporter-output>
          </reporter-output>
        </test-method> <!-- init -->
        <test-method signature="getBannerByID([Ljava.util.Map;)[pri:0, instance:com.onmobile.vol.cataloghub.api.banner.GetBannerById@1807f5a7]" started-at="2022-02-11T11:45:49 IST" name="getBannerByID" data-provider="getPositiveTestdata" finished-at="2022-02-11T11:45:49 IST" duration-ms="480" status="PASS">
          <params>
            <param index="0">
              <value>
                <![CDATA[[Ljava.util.Map;@6cc90398]]>
              </value>
            </param>
          </params>
          <reporter-output>
          </reporter-output>
        </test-method> <!-- getBannerByID -->
        <test-method is-config="true" signature="close(java.lang.reflect.Method,[Ljava.lang.Object;,org.testng.ITestContext,org.testng.ITestResult)[pri:0, instance:com.onmobile.vol.cataloghub.api.banner.GetBannerById@1807f5a7]" started-at="2022-02-11T11:45:49 IST" name="close" finished-at="2022-02-11T11:45:49 IST" duration-ms="1" status="PASS">
          <params>
            <param index="0">
              <value>
                <![CDATA[public void com.onmobile.vol.cataloghub.api.banner.GetBannerById.getBannerByID(java.util.Map[])]]>
              </value>
            </param>
            <param index="1">
              <value>
                <![CDATA[[Ljava.lang.Object;@45f8415b]]>
              </value>
            </param>
            <param index="2">
              <value>
                <![CDATA[org.testng.TestRunner@77a85e76]]>
              </value>
            </param>
            <param index="3">
              <value>
                <![CDATA[[TestResult name=getBannerByID status=SUCCESS method=GetBannerById.getBannerByID([Ljava.util.Map;)[pri:0, instance:com.onmobile.vol.cataloghub.api.banner.GetBannerById@1807f5a7] output={null}]]]>
              </value>
            </param>
          </params>
          <reporter-output>
          </reporter-output>
        </test-method> <!-- close -->
        <test-method is-config="true" signature="init(java.lang.reflect.Method,[Ljava.lang.Object;,org.testng.ITestContext)[pri:0, instance:com.onmobile.vol.cataloghub.api.banner.GetBannerById@1807f5a7]" started-at="2022-02-11T11:45:49 IST" name="init" finished-at="2022-02-11T11:45:49 IST" duration-ms="2" status="PASS">
          <params>
            <param index="0">
              <value>
                <![CDATA[public void com.onmobile.vol.cataloghub.api.banner.GetBannerById.getBannerById_NegativeScenarios(java.util.Map[])]]>
              </value>
            </param>
            <param index="1">
              <value>
                <![CDATA[[Ljava.lang.Object;@10dbf660]]>
              </value>
            </param>
            <param index="2">
              <value>
                <![CDATA[org.testng.TestRunner@77a85e76]]>
              </value>
            </param>
          </params>
          <reporter-output>
          </reporter-output>
        </test-method> <!-- init -->
        <test-method signature="getBannerById_NegativeScenarios([Ljava.util.Map;)[pri:0, instance:com.onmobile.vol.cataloghub.api.banner.GetBannerById@1807f5a7]" started-at="2022-02-11T11:45:49 IST" name="getBannerById_NegativeScenarios" data-provider="getNegativeTestdata" finished-at="2022-02-11T11:45:50 IST" duration-ms="238" status="PASS">
          <params>
            <param index="0">
              <value>
                <![CDATA[[Ljava.util.Map;@41f7c02d]]>
              </value>
            </param>
          </params>
          <reporter-output>
          </reporter-output>
        </test-method> <!-- getBannerById_NegativeScenarios -->
        <test-method is-config="true" signature="close(java.lang.reflect.Method,[Ljava.lang.Object;,org.testng.ITestContext,org.testng.ITestResult)[pri:0, instance:com.onmobile.vol.cataloghub.api.banner.GetBannerById@1807f5a7]" started-at="2022-02-11T11:45:50 IST" name="close" finished-at="2022-02-11T11:45:50 IST" duration-ms="2" status="PASS">
          <params>
            <param index="0">
              <value>
                <![CDATA[public void com.onmobile.vol.cataloghub.api.banner.GetBannerById.getBannerById_NegativeScenarios(java.util.Map[])]]>
              </value>
            </param>
            <param index="1">
              <value>
                <![CDATA[[Ljava.lang.Object;@10dbf660]]>
              </value>
            </param>
            <param index="2">
              <value>
                <![CDATA[org.testng.TestRunner@77a85e76]]>
              </value>
            </param>
            <param index="3">
              <value>
                <![CDATA[[TestResult name=getBannerById_NegativeScenarios status=SUCCESS method=GetBannerById.getBannerById_NegativeScenarios([Ljava.util.Map;)[pri:0, instance:com.onmobile.vol.cataloghub.api.banner.GetBannerById@1807f5a7] output={null}]]]>
              </value>
            </param>
          </params>
          <reporter-output>
          </reporter-output>
        </test-method> <!-- close -->
        <test-method is-config="true" signature="init(java.lang.reflect.Method,[Ljava.lang.Object;,org.testng.ITestContext)[pri:0, instance:com.onmobile.vol.cataloghub.api.banner.GetBannerById@1807f5a7]" started-at="2022-02-11T11:45:50 IST" name="init" finished-at="2022-02-11T11:45:50 IST" duration-ms="1" status="PASS">
          <params>
            <param index="0">
              <value>
                <![CDATA[public void com.onmobile.vol.cataloghub.api.banner.GetBannerById.getBannerById_NegativeScenarios(java.util.Map[])]]>
              </value>
            </param>
            <param index="1">
              <value>
                <![CDATA[[Ljava.lang.Object;@69ab2d6a]]>
              </value>
            </param>
            <param index="2">
              <value>
                <![CDATA[org.testng.TestRunner@77a85e76]]>
              </value>
            </param>
          </params>
          <reporter-output>
          </reporter-output>
        </test-method> <!-- init -->
        <test-method signature="getBannerById_NegativeScenarios([Ljava.util.Map;)[pri:0, instance:com.onmobile.vol.cataloghub.api.banner.GetBannerById@1807f5a7]" started-at="2022-02-11T11:45:50 IST" name="getBannerById_NegativeScenarios" data-provider="getNegativeTestdata" finished-at="2022-02-11T11:45:50 IST" duration-ms="219" status="PASS">
          <params>
            <param index="0">
              <value>
                <![CDATA[[Ljava.util.Map;@8aa5ab4]]>
              </value>
            </param>
          </params>
          <reporter-output>
          </reporter-output>
        </test-method> <!-- getBannerById_NegativeScenarios -->
        <test-method is-config="true" signature="close(java.lang.reflect.Method,[Ljava.lang.Object;,org.testng.ITestContext,org.testng.ITestResult)[pri:0, instance:com.onmobile.vol.cataloghub.api.banner.GetBannerById@1807f5a7]" started-at="2022-02-11T11:45:50 IST" name="close" finished-at="2022-02-11T11:45:50 IST" duration-ms="1" status="PASS">
          <params>
            <param index="0">
              <value>
                <![CDATA[public void com.onmobile.vol.cataloghub.api.banner.GetBannerById.getBannerById_NegativeScenarios(java.util.Map[])]]>
              </value>
            </param>
            <param index="1">
              <value>
                <![CDATA[[Ljava.lang.Object;@69ab2d6a]]>
              </value>
            </param>
            <param index="2">
              <value>
                <![CDATA[org.testng.TestRunner@77a85e76]]>
              </value>
            </param>
            <param index="3">
              <value>
                <![CDATA[[TestResult name=getBannerById_NegativeScenarios status=SUCCESS method=GetBannerById.getBannerById_NegativeScenarios([Ljava.util.Map;)[pri:0, instance:com.onmobile.vol.cataloghub.api.banner.GetBannerById@1807f5a7] output={null}]]]>
              </value>
            </param>
          </params>
          <reporter-output>
          </reporter-output>
        </test-method> <!-- close -->
      </class> <!-- com.onmobile.vol.cataloghub.api.banner.GetBannerById -->
      <class name="com.onmobile.vol.cataloghub.api.banner.DeleteBannerById">
        <test-method is-config="true" signature="initLogger()[pri:0, instance:com.onmobile.vol.cataloghub.api.banner.DeleteBannerById@7dfd3c81]" started-at="2022-02-11T11:45:52 IST" name="initLogger" finished-at="2022-02-11T11:45:52 IST" duration-ms="1" status="PASS">
          <reporter-output>
          </reporter-output>
        </test-method> <!-- initLogger -->
        <test-method is-config="true" signature="init(java.lang.reflect.Method,[Ljava.lang.Object;,org.testng.ITestContext)[pri:0, instance:com.onmobile.vol.cataloghub.api.banner.DeleteBannerById@7dfd3c81]" started-at="2022-02-11T11:45:52 IST" name="init" finished-at="2022-02-11T11:45:52 IST" duration-ms="1" status="PASS">
          <params>
            <param index="0">
              <value>
                <![CDATA[public void com.onmobile.vol.cataloghub.api.banner.DeleteBannerById.getAttributes(java.util.Map[])]]>
              </value>
            </param>
            <param index="1">
              <value>
                <![CDATA[[Ljava.lang.Object;@4af0c50]]>
              </value>
            </param>
            <param index="2">
              <value>
                <![CDATA[org.testng.TestRunner@77a85e76]]>
              </value>
            </param>
          </params>
          <reporter-output>
          </reporter-output>
        </test-method> <!-- init -->
        <test-method signature="getAttributes([Ljava.util.Map;)[pri:0, instance:com.onmobile.vol.cataloghub.api.banner.DeleteBannerById@7dfd3c81]" started-at="2022-02-11T11:45:52 IST" name="getAttributes" data-provider="getPositiveTestdata" finished-at="2022-02-11T11:45:52 IST" duration-ms="273" status="PASS">
          <params>
            <param index="0">
              <value>
                <![CDATA[[Ljava.util.Map;@66314fee]]>
              </value>
            </param>
          </params>
          <reporter-output>
          </reporter-output>
        </test-method> <!-- getAttributes -->
        <test-method is-config="true" signature="close(java.lang.reflect.Method,[Ljava.lang.Object;,org.testng.ITestContext,org.testng.ITestResult)[pri:0, instance:com.onmobile.vol.cataloghub.api.banner.DeleteBannerById@7dfd3c81]" started-at="2022-02-11T11:45:52 IST" name="close" finished-at="2022-02-11T11:45:52 IST" duration-ms="2" status="PASS">
          <params>
            <param index="0">
              <value>
                <![CDATA[public void com.onmobile.vol.cataloghub.api.banner.DeleteBannerById.getAttributes(java.util.Map[])]]>
              </value>
            </param>
            <param index="1">
              <value>
                <![CDATA[[Ljava.lang.Object;@4af0c50]]>
              </value>
            </param>
            <param index="2">
              <value>
                <![CDATA[org.testng.TestRunner@77a85e76]]>
              </value>
            </param>
            <param index="3">
              <value>
                <![CDATA[[TestResult name=getAttributes status=SUCCESS method=DeleteBannerById.getAttributes([Ljava.util.Map;)[pri:0, instance:com.onmobile.vol.cataloghub.api.banner.DeleteBannerById@7dfd3c81] output={null}]]]>
              </value>
            </param>
          </params>
          <reporter-output>
          </reporter-output>
        </test-method> <!-- close -->
      </class> <!-- com.onmobile.vol.cataloghub.api.banner.DeleteBannerById -->
    </test> <!-- Banner -->
  </suite> <!-- Suite -->
</testng-results>
