<?xml version="1.0" encoding="UTF-8"?>
<testng-results ignored="56" total="145" passed="89" failed="0" skipped="0">
  <reporter-output>
  </reporter-output>
  <suite started-at="2022-02-14T12:43:36 IST" name="Suite" finished-at="2022-02-14T12:44:36 IST" duration-ms="60418">
    <groups>
    </groups>
    <test started-at="2022-02-14T12:43:36 IST" name="Theme" finished-at="2022-02-14T12:43:44 IST" duration-ms="7947">
      <class name="com.onmobile.vol.cataloghub.api.themes.UpdateTheme">
        <test-method is-config="true" signature="initLogger()[pri:0, instance:com.onmobile.vol.cataloghub.api.themes.UpdateTheme@1500b2f3]" started-at="2022-02-14T12:43:42 IST" name="initLogger" finished-at="2022-02-14T12:43:42 IST" duration-ms="0" status="PASS">
          <reporter-output>
          </reporter-output>
        </test-method> <!-- initLogger -->
        <test-method is-config="true" signature="init(java.lang.reflect.Method,[Ljava.lang.Object;,org.testng.ITestContext)[pri:0, instance:com.onmobile.vol.cataloghub.api.themes.UpdateTheme@1500b2f3]" started-at="2022-02-14T12:43:42 IST" name="init" finished-at="2022-02-14T12:43:42 IST" duration-ms="2" status="PASS">
          <params>
            <param index="0">
              <value>
                <![CDATA[public void com.onmobile.vol.cataloghub.api.themes.UpdateTheme.updateTheme(java.util.Map[])]]>
              </value>
            </param>
            <param index="1">
              <value>
                <![CDATA[[Ljava.lang.Object;@54d9b23a]]>
              </value>
            </param>
            <param index="2">
              <value>
                <![CDATA[org.testng.TestRunner@372e972d]]>
              </value>
            </param>
          </params>
          <reporter-output>
          </reporter-output>
        </test-method> <!-- init -->
        <test-method signature="updateTheme([Ljava.util.Map;)[pri:0, instance:com.onmobile.vol.cataloghub.api.themes.UpdateTheme@1500b2f3]" started-at="2022-02-14T12:43:42 IST" name="updateTheme" data-provider="getPositiveTestdata" finished-at="2022-02-14T12:43:42 IST" duration-ms="425" status="PASS">
          <params>
            <param index="0">
              <value>
                <![CDATA[[Ljava.util.Map;@1aaf46e6]]>
              </value>
            </param>
          </params>
          <reporter-output>
          </reporter-output>
        </test-method> <!-- updateTheme -->
        <test-method is-config="true" signature="close(java.lang.reflect.Method,[Ljava.lang.Object;,org.testng.ITestContext,org.testng.ITestResult)[pri:0, instance:com.onmobile.vol.cataloghub.api.themes.UpdateTheme@1500b2f3]" started-at="2022-02-14T12:43:42 IST" name="close" finished-at="2022-02-14T12:43:42 IST" duration-ms="0" status="PASS">
          <params>
            <param index="0">
              <value>
                <![CDATA[public void com.onmobile.vol.cataloghub.api.themes.UpdateTheme.updateTheme(java.util.Map[])]]>
              </value>
            </param>
            <param index="1">
              <value>
                <![CDATA[[Ljava.lang.Object;@54d9b23a]]>
              </value>
            </param>
            <param index="2">
              <value>
                <![CDATA[org.testng.TestRunner@372e972d]]>
              </value>
            </param>
            <param index="3">
              <value>
                <![CDATA[[TestResult name=updateTheme status=SUCCESS method=UpdateTheme.updateTheme([Ljava.util.Map;)[pri:0, instance:com.onmobile.vol.cataloghub.api.themes.UpdateTheme@1500b2f3] output={null}]]]>
              </value>
            </param>
          </params>
          <reporter-output>
          </reporter-output>
        </test-method> <!-- close -->
      </class> <!-- com.onmobile.vol.cataloghub.api.themes.UpdateTheme -->
      <class name="com.onmobile.vol.cataloghub.api.themes.GetThemeByID">
        <test-method is-config="true" signature="initLogger()[pri:0, instance:com.onmobile.vol.cataloghub.api.themes.GetThemeByID@7eecb5b8]" started-at="2022-02-14T12:43:42 IST" name="initLogger" finished-at="2022-02-14T12:43:42 IST" duration-ms="1" status="PASS">
          <reporter-output>
          </reporter-output>
        </test-method> <!-- initLogger -->
        <test-method is-config="true" signature="init(java.lang.reflect.Method,[Ljava.lang.Object;,org.testng.ITestContext)[pri:0, instance:com.onmobile.vol.cataloghub.api.themes.GetThemeByID@7eecb5b8]" started-at="2022-02-14T12:43:42 IST" name="init" finished-at="2022-02-14T12:43:42 IST" duration-ms="2" status="PASS">
          <params>
            <param index="0">
              <value>
                <![CDATA[public void com.onmobile.vol.cataloghub.api.themes.GetThemeByID.getThemeByThemeID(java.util.Map[])]]>
              </value>
            </param>
            <param index="1">
              <value>
                <![CDATA[[Ljava.lang.Object;@15ae31b]]>
              </value>
            </param>
            <param index="2">
              <value>
                <![CDATA[org.testng.TestRunner@372e972d]]>
              </value>
            </param>
          </params>
          <reporter-output>
          </reporter-output>
        </test-method> <!-- init -->
        <test-method signature="getThemeByThemeID([Ljava.util.Map;)[pri:0, instance:com.onmobile.vol.cataloghub.api.themes.GetThemeByID@7eecb5b8]" started-at="2022-02-14T12:43:42 IST" name="getThemeByThemeID" data-provider="getPositiveTestdata" finished-at="2022-02-14T12:43:43 IST" duration-ms="1045" status="PASS">
          <params>
            <param index="0">
              <value>
                <![CDATA[[Ljava.util.Map;@5ae66c98]]>
              </value>
            </param>
          </params>
          <reporter-output>
          </reporter-output>
        </test-method> <!-- getThemeByThemeID -->
        <test-method is-config="true" signature="close(java.lang.reflect.Method,[Ljava.lang.Object;,org.testng.ITestContext,org.testng.ITestResult)[pri:0, instance:com.onmobile.vol.cataloghub.api.themes.GetThemeByID@7eecb5b8]" started-at="2022-02-14T12:43:43 IST" name="close" finished-at="2022-02-14T12:43:43 IST" duration-ms="0" status="PASS">
          <params>
            <param index="0">
              <value>
                <![CDATA[public void com.onmobile.vol.cataloghub.api.themes.GetThemeByID.getThemeByThemeID(java.util.Map[])]]>
              </value>
            </param>
            <param index="1">
              <value>
                <![CDATA[[Ljava.lang.Object;@15ae31b]]>
              </value>
            </param>
            <param index="2">
              <value>
                <![CDATA[org.testng.TestRunner@372e972d]]>
              </value>
            </param>
            <param index="3">
              <value>
                <![CDATA[[TestResult name=getThemeByThemeID status=SUCCESS method=GetThemeByID.getThemeByThemeID([Ljava.util.Map;)[pri:0, instance:com.onmobile.vol.cataloghub.api.themes.GetThemeByID@7eecb5b8] output={null}]]]>
              </value>
            </param>
          </params>
          <reporter-output>
          </reporter-output>
        </test-method> <!-- close -->
        <test-method is-config="true" signature="init(java.lang.reflect.Method,[Ljava.lang.Object;,org.testng.ITestContext)[pri:0, instance:com.onmobile.vol.cataloghub.api.themes.GetThemeByID@7eecb5b8]" started-at="2022-02-14T12:43:43 IST" name="init" finished-at="2022-02-14T12:43:43 IST" duration-ms="2" status="PASS">
          <params>
            <param index="0">
              <value>
                <![CDATA[public void com.onmobile.vol.cataloghub.api.themes.GetThemeByID.getThemeByThemeid_NegativeScenarios(java.util.Map[])]]>
              </value>
            </param>
            <param index="1">
              <value>
                <![CDATA[[Ljava.lang.Object;@428e9be2]]>
              </value>
            </param>
            <param index="2">
              <value>
                <![CDATA[org.testng.TestRunner@372e972d]]>
              </value>
            </param>
          </params>
          <reporter-output>
          </reporter-output>
        </test-method> <!-- init -->
        <test-method signature="getThemeByThemeid_NegativeScenarios([Ljava.util.Map;)[pri:0, instance:com.onmobile.vol.cataloghub.api.themes.GetThemeByID@7eecb5b8]" started-at="2022-02-14T12:43:43 IST" name="getThemeByThemeid_NegativeScenarios" data-provider="getNegativeTestdata" finished-at="2022-02-14T12:43:44 IST" duration-ms="195" status="PASS">
          <params>
            <param index="0">
              <value>
                <![CDATA[[Ljava.util.Map;@23df7fad]]>
              </value>
            </param>
          </params>
          <reporter-output>
          </reporter-output>
        </test-method> <!-- getThemeByThemeid_NegativeScenarios -->
        <test-method is-config="true" signature="close(java.lang.reflect.Method,[Ljava.lang.Object;,org.testng.ITestContext,org.testng.ITestResult)[pri:0, instance:com.onmobile.vol.cataloghub.api.themes.GetThemeByID@7eecb5b8]" started-at="2022-02-14T12:43:44 IST" name="close" finished-at="2022-02-14T12:43:44 IST" duration-ms="2" status="PASS">
          <params>
            <param index="0">
              <value>
                <![CDATA[public void com.onmobile.vol.cataloghub.api.themes.GetThemeByID.getThemeByThemeid_NegativeScenarios(java.util.Map[])]]>
              </value>
            </param>
            <param index="1">
              <value>
                <![CDATA[[Ljava.lang.Object;@428e9be2]]>
              </value>
            </param>
            <param index="2">
              <value>
                <![CDATA[org.testng.TestRunner@372e972d]]>
              </value>
            </param>
            <param index="3">
              <value>
                <![CDATA[[TestResult name=getThemeByThemeid_NegativeScenarios status=SUCCESS method=GetThemeByID.getThemeByThemeid_NegativeScenarios([Ljava.util.Map;)[pri:0, instance:com.onmobile.vol.cataloghub.api.themes.GetThemeByID@7eecb5b8] output={null}]]]>
              </value>
            </param>
          </params>
          <reporter-output>
          </reporter-output>
        </test-method> <!-- close -->
        <test-method is-config="true" signature="init(java.lang.reflect.Method,[Ljava.lang.Object;,org.testng.ITestContext)[pri:0, instance:com.onmobile.vol.cataloghub.api.themes.GetThemeByID@7eecb5b8]" started-at="2022-02-14T12:43:44 IST" name="init" finished-at="2022-02-14T12:43:44 IST" duration-ms="1" status="PASS">
          <params>
            <param index="0">
              <value>
                <![CDATA[public void com.onmobile.vol.cataloghub.api.themes.GetThemeByID.getThemeByThemeid_NegativeScenarios(java.util.Map[])]]>
              </value>
            </param>
            <param index="1">
              <value>
                <![CDATA[[Ljava.lang.Object;@3e729d46]]>
              </value>
            </param>
            <param index="2">
              <value>
                <![CDATA[org.testng.TestRunner@372e972d]]>
              </value>
            </param>
          </params>
          <reporter-output>
          </reporter-output>
        </test-method> <!-- init -->
        <test-method signature="getThemeByThemeid_NegativeScenarios([Ljava.util.Map;)[pri:0, instance:com.onmobile.vol.cataloghub.api.themes.GetThemeByID@7eecb5b8]" started-at="2022-02-14T12:43:44 IST" name="getThemeByThemeid_NegativeScenarios" data-provider="getNegativeTestdata" finished-at="2022-02-14T12:43:44 IST" duration-ms="170" status="PASS">
          <params>
            <param index="0">
              <value>
                <![CDATA[[Ljava.util.Map;@391d28ea]]>
              </value>
            </param>
          </params>
          <reporter-output>
          </reporter-output>
        </test-method> <!-- getThemeByThemeid_NegativeScenarios -->
        <test-method is-config="true" signature="close(java.lang.reflect.Method,[Ljava.lang.Object;,org.testng.ITestContext,org.testng.ITestResult)[pri:0, instance:com.onmobile.vol.cataloghub.api.themes.GetThemeByID@7eecb5b8]" started-at="2022-02-14T12:43:44 IST" name="close" finished-at="2022-02-14T12:43:44 IST" duration-ms="0" status="PASS">
          <params>
            <param index="0">
              <value>
                <![CDATA[public void com.onmobile.vol.cataloghub.api.themes.GetThemeByID.getThemeByThemeid_NegativeScenarios(java.util.Map[])]]>
              </value>
            </param>
            <param index="1">
              <value>
                <![CDATA[[Ljava.lang.Object;@3e729d46]]>
              </value>
            </param>
            <param index="2">
              <value>
                <![CDATA[org.testng.TestRunner@372e972d]]>
              </value>
            </param>
            <param index="3">
              <value>
                <![CDATA[[TestResult name=getThemeByThemeid_NegativeScenarios status=SUCCESS method=GetThemeByID.getThemeByThemeid_NegativeScenarios([Ljava.util.Map;)[pri:0, instance:com.onmobile.vol.cataloghub.api.themes.GetThemeByID@7eecb5b8] output={null}]]]>
              </value>
            </param>
          </params>
          <reporter-output>
          </reporter-output>
        </test-method> <!-- close -->
      </class> <!-- com.onmobile.vol.cataloghub.api.themes.GetThemeByID -->
      <class name="com.onmobile.vol.cataloghub.api.themes.GetAllThemes">
        <test-method is-config="true" signature="initLogger()[pri:0, instance:com.onmobile.vol.cataloghub.api.themes.GetAllThemes@126253fd]" started-at="2022-02-14T12:43:44 IST" name="initLogger" finished-at="2022-02-14T12:43:44 IST" duration-ms="0" status="PASS">
          <reporter-output>
          </reporter-output>
        </test-method> <!-- initLogger -->
        <test-method is-config="true" signature="init(java.lang.reflect.Method,[Ljava.lang.Object;,org.testng.ITestContext)[pri:0, instance:com.onmobile.vol.cataloghub.api.themes.GetAllThemes@126253fd]" started-at="2022-02-14T12:43:44 IST" name="init" finished-at="2022-02-14T12:43:44 IST" duration-ms="1" status="PASS">
          <params>
            <param index="0">
              <value>
                <![CDATA[public void com.onmobile.vol.cataloghub.api.themes.GetAllThemes.getAllThemes(java.util.Map[])]]>
              </value>
            </param>
            <param index="1">
              <value>
                <![CDATA[[Ljava.lang.Object;@2723b0d0]]>
              </value>
            </param>
            <param index="2">
              <value>
                <![CDATA[org.testng.TestRunner@372e972d]]>
              </value>
            </param>
          </params>
          <reporter-output>
          </reporter-output>
        </test-method> <!-- init -->
        <test-method signature="getAllThemes([Ljava.util.Map;)[pri:0, instance:com.onmobile.vol.cataloghub.api.themes.GetAllThemes@126253fd]" started-at="2022-02-14T12:43:44 IST" name="getAllThemes" data-provider="getPositiveTestdata" finished-at="2022-02-14T12:43:44 IST" duration-ms="252" status="PASS">
          <params>
            <param index="0">
              <value>
                <![CDATA[[Ljava.util.Map;@7ac685ef]]>
              </value>
            </param>
          </params>
          <reporter-output>
          </reporter-output>
        </test-method> <!-- getAllThemes -->
        <test-method is-config="true" signature="close(java.lang.reflect.Method,[Ljava.lang.Object;,org.testng.ITestContext,org.testng.ITestResult)[pri:0, instance:com.onmobile.vol.cataloghub.api.themes.GetAllThemes@126253fd]" started-at="2022-02-14T12:43:44 IST" name="close" finished-at="2022-02-14T12:43:44 IST" duration-ms="0" status="PASS">
          <params>
            <param index="0">
              <value>
                <![CDATA[public void com.onmobile.vol.cataloghub.api.themes.GetAllThemes.getAllThemes(java.util.Map[])]]>
              </value>
            </param>
            <param index="1">
              <value>
                <![CDATA[[Ljava.lang.Object;@2723b0d0]]>
              </value>
            </param>
            <param index="2">
              <value>
                <![CDATA[org.testng.TestRunner@372e972d]]>
              </value>
            </param>
            <param index="3">
              <value>
                <![CDATA[[TestResult name=getAllThemes status=SUCCESS method=GetAllThemes.getAllThemes([Ljava.util.Map;)[pri:0, instance:com.onmobile.vol.cataloghub.api.themes.GetAllThemes@126253fd] output={null}]]]>
              </value>
            </param>
          </params>
          <reporter-output>
          </reporter-output>
        </test-method> <!-- close -->
      </class> <!-- com.onmobile.vol.cataloghub.api.themes.GetAllThemes -->
      <class name="com.onmobile.vol.cataloghub.api.themes.UpdateThemeImageURL">
        <test-method is-config="true" signature="initLogger()[pri:0, instance:com.onmobile.vol.cataloghub.api.themes.UpdateThemeImageURL@28cda624]" started-at="2022-02-14T12:43:41 IST" name="initLogger" finished-at="2022-02-14T12:43:41 IST" duration-ms="0" status="PASS">
          <reporter-output>
          </reporter-output>
        </test-method> <!-- initLogger -->
        <test-method is-config="true" signature="init(java.lang.reflect.Method,[Ljava.lang.Object;,org.testng.ITestContext)[pri:0, instance:com.onmobile.vol.cataloghub.api.themes.UpdateThemeImageURL@28cda624]" started-at="2022-02-14T12:43:41 IST" name="init" finished-at="2022-02-14T12:43:41 IST" duration-ms="2" status="PASS">
          <params>
            <param index="0">
              <value>
                <![CDATA[public void com.onmobile.vol.cataloghub.api.themes.UpdateThemeImageURL.updateThemeImageURL(java.util.Map[])]]>
              </value>
            </param>
            <param index="1">
              <value>
                <![CDATA[[Ljava.lang.Object;@463746eb]]>
              </value>
            </param>
            <param index="2">
              <value>
                <![CDATA[org.testng.TestRunner@372e972d]]>
              </value>
            </param>
          </params>
          <reporter-output>
          </reporter-output>
        </test-method> <!-- init -->
        <test-method signature="updateThemeImageURL([Ljava.util.Map;)[pri:0, instance:com.onmobile.vol.cataloghub.api.themes.UpdateThemeImageURL@28cda624]" started-at="2022-02-14T12:43:41 IST" name="updateThemeImageURL" data-provider="getPositiveTestdata" finished-at="2022-02-14T12:43:42 IST" duration-ms="283" status="PASS">
          <params>
            <param index="0">
              <value>
                <![CDATA[[Ljava.util.Map;@4ab455e2]]>
              </value>
            </param>
          </params>
          <reporter-output>
          </reporter-output>
        </test-method> <!-- updateThemeImageURL -->
        <test-method is-config="true" signature="close(java.lang.reflect.Method,[Ljava.lang.Object;,org.testng.ITestContext,org.testng.ITestResult)[pri:0, instance:com.onmobile.vol.cataloghub.api.themes.UpdateThemeImageURL@28cda624]" started-at="2022-02-14T12:43:42 IST" name="close" finished-at="2022-02-14T12:43:42 IST" duration-ms="1" status="PASS">
          <params>
            <param index="0">
              <value>
                <![CDATA[public void com.onmobile.vol.cataloghub.api.themes.UpdateThemeImageURL.updateThemeImageURL(java.util.Map[])]]>
              </value>
            </param>
            <param index="1">
              <value>
                <![CDATA[[Ljava.lang.Object;@463746eb]]>
              </value>
            </param>
            <param index="2">
              <value>
                <![CDATA[org.testng.TestRunner@372e972d]]>
              </value>
            </param>
            <param index="3">
              <value>
                <![CDATA[[TestResult name=updateThemeImageURL status=SUCCESS method=UpdateThemeImageURL.updateThemeImageURL([Ljava.util.Map;)[pri:0, instance:com.onmobile.vol.cataloghub.api.themes.UpdateThemeImageURL@28cda624] output={null}]]]>
              </value>
            </param>
          </params>
          <reporter-output>
          </reporter-output>
        </test-method> <!-- close -->
      </class> <!-- com.onmobile.vol.cataloghub.api.themes.UpdateThemeImageURL -->
      <class name="com.onmobile.vol.cataloghub.api.themes.CreateTheme">
        <test-method is-config="true" signature="initLogger()[pri:0, instance:com.onmobile.vol.cataloghub.api.themes.CreateTheme@58e1d9d]" started-at="2022-02-14T12:43:36 IST" name="initLogger" finished-at="2022-02-14T12:43:37 IST" duration-ms="1374" status="PASS">
          <reporter-output>
          </reporter-output>
        </test-method> <!-- initLogger -->
        <test-method is-config="true" signature="init(java.lang.reflect.Method,[Ljava.lang.Object;,org.testng.ITestContext)[pri:0, instance:com.onmobile.vol.cataloghub.api.themes.CreateTheme@58e1d9d]" started-at="2022-02-14T12:43:39 IST" name="init" finished-at="2022-02-14T12:43:39 IST" duration-ms="8" status="PASS">
          <params>
            <param index="0">
              <value>
                <![CDATA[public void com.onmobile.vol.cataloghub.api.themes.CreateTheme.createThemByThemeName(java.util.Map[])]]>
              </value>
            </param>
            <param index="1">
              <value>
                <![CDATA[[Ljava.lang.Object;@28ffa527]]>
              </value>
            </param>
            <param index="2">
              <value>
                <![CDATA[org.testng.TestRunner@372e972d]]>
              </value>
            </param>
          </params>
          <reporter-output>
          </reporter-output>
        </test-method> <!-- init -->
        <test-method signature="createThemByThemeName([Ljava.util.Map;)[pri:0, instance:com.onmobile.vol.cataloghub.api.themes.CreateTheme@58e1d9d]" started-at="2022-02-14T12:43:39 IST" name="createThemByThemeName" data-provider="getPositiveTestdata" finished-at="2022-02-14T12:43:41 IST" duration-ms="2702" status="PASS">
          <params>
            <param index="0">
              <value>
                <![CDATA[[Ljava.util.Map;@2acca224]]>
              </value>
            </param>
          </params>
          <reporter-output>
          </reporter-output>
        </test-method> <!-- createThemByThemeName -->
        <test-method is-config="true" signature="close(java.lang.reflect.Method,[Ljava.lang.Object;,org.testng.ITestContext,org.testng.ITestResult)[pri:0, instance:com.onmobile.vol.cataloghub.api.themes.CreateTheme@58e1d9d]" started-at="2022-02-14T12:43:41 IST" name="close" finished-at="2022-02-14T12:43:41 IST" duration-ms="1" status="PASS">
          <params>
            <param index="0">
              <value>
                <![CDATA[public void com.onmobile.vol.cataloghub.api.themes.CreateTheme.createThemByThemeName(java.util.Map[])]]>
              </value>
            </param>
            <param index="1">
              <value>
                <![CDATA[[Ljava.lang.Object;@28ffa527]]>
              </value>
            </param>
            <param index="2">
              <value>
                <![CDATA[org.testng.TestRunner@372e972d]]>
              </value>
            </param>
            <param index="3">
              <value>
                <![CDATA[[TestResult name=createThemByThemeName status=SUCCESS method=CreateTheme.createThemByThemeName([Ljava.util.Map;)[pri:0, instance:com.onmobile.vol.cataloghub.api.themes.CreateTheme@58e1d9d] output={null}]]]>
              </value>
            </param>
          </params>
          <reporter-output>
          </reporter-output>
        </test-method> <!-- close -->
      </class> <!-- com.onmobile.vol.cataloghub.api.themes.CreateTheme -->
    </test> <!-- Theme -->
    <test started-at="2022-02-14T12:43:44 IST" name="Image Upload" finished-at="2022-02-14T12:44:09 IST" duration-ms="25431">
      <class name="com.onmobile.vol.cataloghub.api.themes.UploadThemeImage">
        <test-method is-config="true" signature="initLogger()[pri:0, instance:com.onmobile.vol.cataloghub.api.themes.UploadThemeImage@2fb0623e]" started-at="2022-02-14T12:43:44 IST" name="initLogger" finished-at="2022-02-14T12:43:44 IST" duration-ms="0" status="PASS">
          <reporter-output>
          </reporter-output>
        </test-method> <!-- initLogger -->
        <test-method is-config="true" signature="init(java.lang.reflect.Method,[Ljava.lang.Object;,org.testng.ITestContext)[pri:0, instance:com.onmobile.vol.cataloghub.api.themes.UploadThemeImage@2fb0623e]" started-at="2022-02-14T12:43:44 IST" name="init" finished-at="2022-02-14T12:43:44 IST" duration-ms="1" status="PASS">
          <params>
            <param index="0">
              <value>
                <![CDATA[public void com.onmobile.vol.cataloghub.api.themes.UploadThemeImage.uploadThemeImage(java.util.Map[])]]>
              </value>
            </param>
            <param index="1">
              <value>
                <![CDATA[[Ljava.lang.Object;@7137cd14]]>
              </value>
            </param>
            <param index="2">
              <value>
                <![CDATA[org.testng.TestRunner@47d0195b]]>
              </value>
            </param>
          </params>
          <reporter-output>
          </reporter-output>
        </test-method> <!-- init -->
        <test-method signature="uploadThemeImage([Ljava.util.Map;)[pri:0, instance:com.onmobile.vol.cataloghub.api.themes.UploadThemeImage@2fb0623e]" started-at="2022-02-14T12:43:44 IST" name="uploadThemeImage" data-provider="getPositiveTestdata" finished-at="2022-02-14T12:44:09 IST" duration-ms="25369" status="PASS">
          <params>
            <param index="0">
              <value>
                <![CDATA[[Ljava.util.Map;@356fa0d1]]>
              </value>
            </param>
          </params>
          <reporter-output>
          </reporter-output>
        </test-method> <!-- uploadThemeImage -->
        <test-method is-config="true" signature="close(java.lang.reflect.Method,[Ljava.lang.Object;,org.testng.ITestContext,org.testng.ITestResult)[pri:0, instance:com.onmobile.vol.cataloghub.api.themes.UploadThemeImage@2fb0623e]" started-at="2022-02-14T12:44:09 IST" name="close" finished-at="2022-02-14T12:44:09 IST" duration-ms="1" status="PASS">
          <params>
            <param index="0">
              <value>
                <![CDATA[public void com.onmobile.vol.cataloghub.api.themes.UploadThemeImage.uploadThemeImage(java.util.Map[])]]>
              </value>
            </param>
            <param index="1">
              <value>
                <![CDATA[[Ljava.lang.Object;@7137cd14]]>
              </value>
            </param>
            <param index="2">
              <value>
                <![CDATA[org.testng.TestRunner@47d0195b]]>
              </value>
            </param>
            <param index="3">
              <value>
                <![CDATA[[TestResult name=uploadThemeImage status=SUCCESS method=UploadThemeImage.uploadThemeImage([Ljava.util.Map;)[pri:0, instance:com.onmobile.vol.cataloghub.api.themes.UploadThemeImage@2fb0623e] output={null}]]]>
              </value>
            </param>
          </params>
          <reporter-output>
          </reporter-output>
        </test-method> <!-- close -->
      </class> <!-- com.onmobile.vol.cataloghub.api.themes.UploadThemeImage -->
    </test> <!-- Image Upload -->
    <test started-at="2022-02-14T12:44:10 IST" name="Theme collection" finished-at="2022-02-14T12:44:13 IST" duration-ms="3605">
      <class name="com.onmobile.vol.cataloghub.api.collectionThemes.GetAllCollectionThemes">
        <test-method is-config="true" signature="initLogger()[pri:0, instance:com.onmobile.vol.cataloghub.api.collectionThemes.GetAllCollectionThemes@17503f6b]" started-at="2022-02-14T12:44:13 IST" name="initLogger" finished-at="2022-02-14T12:44:13 IST" duration-ms="0" status="PASS">
          <reporter-output>
          </reporter-output>
        </test-method> <!-- initLogger -->
        <test-method is-config="true" signature="init(java.lang.reflect.Method,[Ljava.lang.Object;,org.testng.ITestContext)[pri:0, instance:com.onmobile.vol.cataloghub.api.collectionThemes.GetAllCollectionThemes@17503f6b]" started-at="2022-02-14T12:44:13 IST" name="init" finished-at="2022-02-14T12:44:13 IST" duration-ms="1" status="PASS">
          <params>
            <param index="0">
              <value>
                <![CDATA[public void com.onmobile.vol.cataloghub.api.collectionThemes.GetAllCollectionThemes.validateThemesRequest(java.util.Map[])]]>
              </value>
            </param>
            <param index="1">
              <value>
                <![CDATA[[Ljava.lang.Object;@321558f8]]>
              </value>
            </param>
            <param index="2">
              <value>
                <![CDATA[org.testng.TestRunner@577dac16]]>
              </value>
            </param>
          </params>
          <reporter-output>
          </reporter-output>
        </test-method> <!-- init -->
        <test-method signature="validateThemesRequest([Ljava.util.Map;)[pri:0, instance:com.onmobile.vol.cataloghub.api.collectionThemes.GetAllCollectionThemes@17503f6b]" started-at="2022-02-14T12:44:13 IST" name="validateThemesRequest" data-provider="getPositiveTestdata" finished-at="2022-02-14T12:44:13 IST" duration-ms="417" status="PASS">
          <params>
            <param index="0">
              <value>
                <![CDATA[[Ljava.util.Map;@401b67a9]]>
              </value>
            </param>
          </params>
          <reporter-output>
          </reporter-output>
        </test-method> <!-- validateThemesRequest -->
        <test-method is-config="true" signature="close(java.lang.reflect.Method,[Ljava.lang.Object;,org.testng.ITestContext,org.testng.ITestResult)[pri:0, instance:com.onmobile.vol.cataloghub.api.collectionThemes.GetAllCollectionThemes@17503f6b]" started-at="2022-02-14T12:44:13 IST" name="close" finished-at="2022-02-14T12:44:13 IST" duration-ms="0" status="PASS">
          <params>
            <param index="0">
              <value>
                <![CDATA[public void com.onmobile.vol.cataloghub.api.collectionThemes.GetAllCollectionThemes.validateThemesRequest(java.util.Map[])]]>
              </value>
            </param>
            <param index="1">
              <value>
                <![CDATA[[Ljava.lang.Object;@321558f8]]>
              </value>
            </param>
            <param index="2">
              <value>
                <![CDATA[org.testng.TestRunner@577dac16]]>
              </value>
            </param>
            <param index="3">
              <value>
                <![CDATA[[TestResult name=validateThemesRequest status=SUCCESS method=GetAllCollectionThemes.validateThemesRequest([Ljava.util.Map;)[pri:0, instance:com.onmobile.vol.cataloghub.api.collectionThemes.GetAllCollectionThemes@17503f6b] output={null}]]]>
              </value>
            </param>
          </params>
          <reporter-output>
          </reporter-output>
        </test-method> <!-- close -->
      </class> <!-- com.onmobile.vol.cataloghub.api.collectionThemes.GetAllCollectionThemes -->
      <class name="com.onmobile.vol.cataloghub.api.collectionThemes.UpdateThemeCollection">
        <test-method is-config="true" signature="initLogger()[pri:0, instance:com.onmobile.vol.cataloghub.api.collectionThemes.UpdateThemeCollection@13526e59]" started-at="2022-02-14T12:44:10 IST" name="initLogger" finished-at="2022-02-14T12:44:10 IST" duration-ms="0" status="PASS">
          <reporter-output>
          </reporter-output>
        </test-method> <!-- initLogger -->
        <test-method signature="updateTheme([Ljava.util.Map;)[pri:0, instance:com.onmobile.vol.cataloghub.api.collectionThemes.UpdateThemeCollection@13526e59]" started-at="2022-02-14T12:44:10 IST" name="updateTheme" data-provider="getPositiveTestdata" finished-at="2022-02-14T12:44:10 IST" duration-ms="444" status="PASS">
          <params>
            <param index="0">
              <value>
                <![CDATA[[Ljava.util.Map;@388e4c25]]>
              </value>
            </param>
          </params>
          <reporter-output>
          </reporter-output>
        </test-method> <!-- updateTheme -->
        <test-method is-config="true" signature="init(java.lang.reflect.Method,[Ljava.lang.Object;,org.testng.ITestContext)[pri:0, instance:com.onmobile.vol.cataloghub.api.collectionThemes.UpdateThemeCollection@13526e59]" started-at="2022-02-14T12:44:10 IST" name="init" finished-at="2022-02-14T12:44:10 IST" duration-ms="0" status="PASS">
          <params>
            <param index="0">
              <value>
                <![CDATA[public void com.onmobile.vol.cataloghub.api.collectionThemes.UpdateThemeCollection.updateTheme(java.util.Map[])]]>
              </value>
            </param>
            <param index="1">
              <value>
                <![CDATA[[Ljava.lang.Object;@18ed9480]]>
              </value>
            </param>
            <param index="2">
              <value>
                <![CDATA[org.testng.TestRunner@577dac16]]>
              </value>
            </param>
          </params>
          <reporter-output>
          </reporter-output>
        </test-method> <!-- init -->
        <test-method is-config="true" signature="close(java.lang.reflect.Method,[Ljava.lang.Object;,org.testng.ITestContext,org.testng.ITestResult)[pri:0, instance:com.onmobile.vol.cataloghub.api.collectionThemes.UpdateThemeCollection@13526e59]" started-at="2022-02-14T12:44:10 IST" name="close" finished-at="2022-02-14T12:44:10 IST" duration-ms="1" status="PASS">
          <params>
            <param index="0">
              <value>
                <![CDATA[public void com.onmobile.vol.cataloghub.api.collectionThemes.UpdateThemeCollection.updateTheme(java.util.Map[])]]>
              </value>
            </param>
            <param index="1">
              <value>
                <![CDATA[[Ljava.lang.Object;@18ed9480]]>
              </value>
            </param>
            <param index="2">
              <value>
                <![CDATA[org.testng.TestRunner@577dac16]]>
              </value>
            </param>
            <param index="3">
              <value>
                <![CDATA[[TestResult name=updateTheme status=SUCCESS method=UpdateThemeCollection.updateTheme([Ljava.util.Map;)[pri:0, instance:com.onmobile.vol.cataloghub.api.collectionThemes.UpdateThemeCollection@13526e59] output={null}]]]>
              </value>
            </param>
          </params>
          <reporter-output>
          </reporter-output>
        </test-method> <!-- close -->
      </class> <!-- com.onmobile.vol.cataloghub.api.collectionThemes.UpdateThemeCollection -->
      <class name="com.onmobile.vol.cataloghub.api.collectionThemes.CreateThemeCollection">
        <test-method is-config="true" signature="initLogger()[pri:0, instance:com.onmobile.vol.cataloghub.api.collectionThemes.CreateThemeCollection@503f91c3]" started-at="2022-02-14T12:44:10 IST" name="initLogger" finished-at="2022-02-14T12:44:10 IST" duration-ms="0" status="PASS">
          <reporter-output>
          </reporter-output>
        </test-method> <!-- initLogger -->
        <test-method is-config="true" signature="init(java.lang.reflect.Method,[Ljava.lang.Object;,org.testng.ITestContext)[pri:0, instance:com.onmobile.vol.cataloghub.api.collectionThemes.CreateThemeCollection@503f91c3]" started-at="2022-02-14T12:44:10 IST" name="init" finished-at="2022-02-14T12:44:10 IST" duration-ms="1" status="PASS">
          <params>
            <param index="0">
              <value>
                <![CDATA[public void com.onmobile.vol.cataloghub.api.collectionThemes.CreateThemeCollection.createThemByThemeName(java.util.Map[])]]>
              </value>
            </param>
            <param index="1">
              <value>
                <![CDATA[[Ljava.lang.Object;@6de2344a]]>
              </value>
            </param>
            <param index="2">
              <value>
                <![CDATA[org.testng.TestRunner@577dac16]]>
              </value>
            </param>
          </params>
          <reporter-output>
          </reporter-output>
        </test-method> <!-- init -->
        <test-method signature="createThemByThemeName([Ljava.util.Map;)[pri:0, instance:com.onmobile.vol.cataloghub.api.collectionThemes.CreateThemeCollection@503f91c3]" started-at="2022-02-14T12:44:10 IST" name="createThemByThemeName" data-provider="getPositiveTestdata" finished-at="2022-02-14T12:44:10 IST" duration-ms="422" status="PASS">
          <params>
            <param index="0">
              <value>
                <![CDATA[[Ljava.util.Map;@12532e37]]>
              </value>
            </param>
          </params>
          <reporter-output>
          </reporter-output>
        </test-method> <!-- createThemByThemeName -->
        <test-method is-config="true" signature="close(java.lang.reflect.Method,[Ljava.lang.Object;,org.testng.ITestContext,org.testng.ITestResult)[pri:0, instance:com.onmobile.vol.cataloghub.api.collectionThemes.CreateThemeCollection@503f91c3]" started-at="2022-02-14T12:44:10 IST" name="close" finished-at="2022-02-14T12:44:10 IST" duration-ms="1" status="PASS">
          <params>
            <param index="0">
              <value>
                <![CDATA[public void com.onmobile.vol.cataloghub.api.collectionThemes.CreateThemeCollection.createThemByThemeName(java.util.Map[])]]>
              </value>
            </param>
            <param index="1">
              <value>
                <![CDATA[[Ljava.lang.Object;@6de2344a]]>
              </value>
            </param>
            <param index="2">
              <value>
                <![CDATA[org.testng.TestRunner@577dac16]]>
              </value>
            </param>
            <param index="3">
              <value>
                <![CDATA[[TestResult name=createThemByThemeName status=SUCCESS method=CreateThemeCollection.createThemByThemeName([Ljava.util.Map;)[pri:0, instance:com.onmobile.vol.cataloghub.api.collectionThemes.CreateThemeCollection@503f91c3] output={null}]]]>
              </value>
            </param>
          </params>
          <reporter-output>
          </reporter-output>
        </test-method> <!-- close -->
      </class> <!-- com.onmobile.vol.cataloghub.api.collectionThemes.CreateThemeCollection -->
      <class name="com.onmobile.vol.cataloghub.api.collectionThemes.GetThemeCollectionByID">
        <test-method is-config="true" signature="initLogger()[pri:0, instance:com.onmobile.vol.cataloghub.api.collectionThemes.GetThemeCollectionByID@2235eaab]" started-at="2022-02-14T12:44:10 IST" name="initLogger" finished-at="2022-02-14T12:44:10 IST" duration-ms="0" status="PASS">
          <reporter-output>
          </reporter-output>
        </test-method> <!-- initLogger -->
        <test-method is-config="true" signature="init(java.lang.reflect.Method,[Ljava.lang.Object;,org.testng.ITestContext)[pri:0, instance:com.onmobile.vol.cataloghub.api.collectionThemes.GetThemeCollectionByID@2235eaab]" started-at="2022-02-14T12:44:10 IST" name="init" finished-at="2022-02-14T12:44:10 IST" duration-ms="1" status="PASS">
          <params>
            <param index="0">
              <value>
                <![CDATA[public void com.onmobile.vol.cataloghub.api.collectionThemes.GetThemeCollectionByID.InvalidThemeCollection(java.util.Map[])]]>
              </value>
            </param>
            <param index="1">
              <value>
                <![CDATA[[Ljava.lang.Object;@5fb05c07]]>
              </value>
            </param>
            <param index="2">
              <value>
                <![CDATA[org.testng.TestRunner@577dac16]]>
              </value>
            </param>
          </params>
          <reporter-output>
          </reporter-output>
        </test-method> <!-- init -->
        <test-method signature="InvalidThemeCollection([Ljava.util.Map;)[pri:0, instance:com.onmobile.vol.cataloghub.api.collectionThemes.GetThemeCollectionByID@2235eaab]" started-at="2022-02-14T12:44:10 IST" name="InvalidThemeCollection" data-provider="getNegativeTestdata" finished-at="2022-02-14T12:44:11 IST" duration-ms="307" status="PASS">
          <params>
            <param index="0">
              <value>
                <![CDATA[[Ljava.util.Map;@2d2a8819]]>
              </value>
            </param>
          </params>
          <reporter-output>
          </reporter-output>
        </test-method> <!-- InvalidThemeCollection -->
        <test-method is-config="true" signature="close(java.lang.reflect.Method,[Ljava.lang.Object;,org.testng.ITestContext,org.testng.ITestResult)[pri:0, instance:com.onmobile.vol.cataloghub.api.collectionThemes.GetThemeCollectionByID@2235eaab]" started-at="2022-02-14T12:44:11 IST" name="close" finished-at="2022-02-14T12:44:11 IST" duration-ms="1" status="PASS">
          <params>
            <param index="0">
              <value>
                <![CDATA[public void com.onmobile.vol.cataloghub.api.collectionThemes.GetThemeCollectionByID.InvalidThemeCollection(java.util.Map[])]]>
              </value>
            </param>
            <param index="1">
              <value>
                <![CDATA[[Ljava.lang.Object;@5fb05c07]]>
              </value>
            </param>
            <param index="2">
              <value>
                <![CDATA[org.testng.TestRunner@577dac16]]>
              </value>
            </param>
            <param index="3">
              <value>
                <![CDATA[[TestResult name=InvalidThemeCollection status=SUCCESS method=GetThemeCollectionByID.InvalidThemeCollection([Ljava.util.Map;)[pri:0, instance:com.onmobile.vol.cataloghub.api.collectionThemes.GetThemeCollectionByID@2235eaab] output={null}]]]>
              </value>
            </param>
          </params>
          <reporter-output>
          </reporter-output>
        </test-method> <!-- close -->
        <test-method signature="InvalidThemeCollection([Ljava.util.Map;)[pri:0, instance:com.onmobile.vol.cataloghub.api.collectionThemes.GetThemeCollectionByID@2235eaab]" started-at="2022-02-14T12:44:11 IST" name="InvalidThemeCollection" data-provider="getNegativeTestdata" finished-at="2022-02-14T12:44:11 IST" duration-ms="261" status="PASS">
          <params>
            <param index="0">
              <value>
                <![CDATA[[Ljava.util.Map;@72585e83]]>
              </value>
            </param>
          </params>
          <reporter-output>
          </reporter-output>
        </test-method> <!-- InvalidThemeCollection -->
        <test-method is-config="true" signature="init(java.lang.reflect.Method,[Ljava.lang.Object;,org.testng.ITestContext)[pri:0, instance:com.onmobile.vol.cataloghub.api.collectionThemes.GetThemeCollectionByID@2235eaab]" started-at="2022-02-14T12:44:11 IST" name="init" finished-at="2022-02-14T12:44:11 IST" duration-ms="0" status="PASS">
          <params>
            <param index="0">
              <value>
                <![CDATA[public void com.onmobile.vol.cataloghub.api.collectionThemes.GetThemeCollectionByID.InvalidThemeCollection(java.util.Map[])]]>
              </value>
            </param>
            <param index="1">
              <value>
                <![CDATA[[Ljava.lang.Object;@238c63df]]>
              </value>
            </param>
            <param index="2">
              <value>
                <![CDATA[org.testng.TestRunner@577dac16]]>
              </value>
            </param>
          </params>
          <reporter-output>
          </reporter-output>
        </test-method> <!-- init -->
        <test-method is-config="true" signature="close(java.lang.reflect.Method,[Ljava.lang.Object;,org.testng.ITestContext,org.testng.ITestResult)[pri:0, instance:com.onmobile.vol.cataloghub.api.collectionThemes.GetThemeCollectionByID@2235eaab]" started-at="2022-02-14T12:44:11 IST" name="close" finished-at="2022-02-14T12:44:11 IST" duration-ms="1" status="PASS">
          <params>
            <param index="0">
              <value>
                <![CDATA[public void com.onmobile.vol.cataloghub.api.collectionThemes.GetThemeCollectionByID.InvalidThemeCollection(java.util.Map[])]]>
              </value>
            </param>
            <param index="1">
              <value>
                <![CDATA[[Ljava.lang.Object;@238c63df]]>
              </value>
            </param>
            <param index="2">
              <value>
                <![CDATA[org.testng.TestRunner@577dac16]]>
              </value>
            </param>
            <param index="3">
              <value>
                <![CDATA[[TestResult name=InvalidThemeCollection status=SUCCESS method=GetThemeCollectionByID.InvalidThemeCollection([Ljava.util.Map;)[pri:0, instance:com.onmobile.vol.cataloghub.api.collectionThemes.GetThemeCollectionByID@2235eaab] output={null}]]]>
              </value>
            </param>
          </params>
          <reporter-output>
          </reporter-output>
        </test-method> <!-- close -->
        <test-method is-config="true" signature="init(java.lang.reflect.Method,[Ljava.lang.Object;,org.testng.ITestContext)[pri:0, instance:com.onmobile.vol.cataloghub.api.collectionThemes.GetThemeCollectionByID@2235eaab]" started-at="2022-02-14T12:44:11 IST" name="init" finished-at="2022-02-14T12:44:11 IST" duration-ms="2" status="PASS">
          <params>
            <param index="0">
              <value>
                <![CDATA[public void com.onmobile.vol.cataloghub.api.collectionThemes.GetThemeCollectionByID.InvalidThemeCollection(java.util.Map[])]]>
              </value>
            </param>
            <param index="1">
              <value>
                <![CDATA[[Ljava.lang.Object;@192b76a4]]>
              </value>
            </param>
            <param index="2">
              <value>
                <![CDATA[org.testng.TestRunner@577dac16]]>
              </value>
            </param>
          </params>
          <reporter-output>
          </reporter-output>
        </test-method> <!-- init -->
        <test-method signature="InvalidThemeCollection([Ljava.util.Map;)[pri:0, instance:com.onmobile.vol.cataloghub.api.collectionThemes.GetThemeCollectionByID@2235eaab]" started-at="2022-02-14T12:44:11 IST" name="InvalidThemeCollection" data-provider="getNegativeTestdata" finished-at="2022-02-14T12:44:11 IST" duration-ms="338" status="PASS">
          <params>
            <param index="0">
              <value>
                <![CDATA[[Ljava.util.Map;@fb2c2f3]]>
              </value>
            </param>
          </params>
          <reporter-output>
          </reporter-output>
        </test-method> <!-- InvalidThemeCollection -->
        <test-method is-config="true" signature="close(java.lang.reflect.Method,[Ljava.lang.Object;,org.testng.ITestContext,org.testng.ITestResult)[pri:0, instance:com.onmobile.vol.cataloghub.api.collectionThemes.GetThemeCollectionByID@2235eaab]" started-at="2022-02-14T12:44:11 IST" name="close" finished-at="2022-02-14T12:44:11 IST" duration-ms="1" status="PASS">
          <params>
            <param index="0">
              <value>
                <![CDATA[public void com.onmobile.vol.cataloghub.api.collectionThemes.GetThemeCollectionByID.InvalidThemeCollection(java.util.Map[])]]>
              </value>
            </param>
            <param index="1">
              <value>
                <![CDATA[[Ljava.lang.Object;@192b76a4]]>
              </value>
            </param>
            <param index="2">
              <value>
                <![CDATA[org.testng.TestRunner@577dac16]]>
              </value>
            </param>
            <param index="3">
              <value>
                <![CDATA[[TestResult name=InvalidThemeCollection status=SUCCESS method=GetThemeCollectionByID.InvalidThemeCollection([Ljava.util.Map;)[pri:0, instance:com.onmobile.vol.cataloghub.api.collectionThemes.GetThemeCollectionByID@2235eaab] output={null}]]]>
              </value>
            </param>
          </params>
          <reporter-output>
          </reporter-output>
        </test-method> <!-- close -->
        <test-method is-config="true" signature="init(java.lang.reflect.Method,[Ljava.lang.Object;,org.testng.ITestContext)[pri:0, instance:com.onmobile.vol.cataloghub.api.collectionThemes.GetThemeCollectionByID@2235eaab]" started-at="2022-02-14T12:44:11 IST" name="init" finished-at="2022-02-14T12:44:11 IST" duration-ms="2" status="PASS">
          <params>
            <param index="0">
              <value>
                <![CDATA[public void com.onmobile.vol.cataloghub.api.collectionThemes.GetThemeCollectionByID.InvalidThemeCollection(java.util.Map[])]]>
              </value>
            </param>
            <param index="1">
              <value>
                <![CDATA[[Ljava.lang.Object;@6d96a895]]>
              </value>
            </param>
            <param index="2">
              <value>
                <![CDATA[org.testng.TestRunner@577dac16]]>
              </value>
            </param>
          </params>
          <reporter-output>
          </reporter-output>
        </test-method> <!-- init -->
        <test-method signature="InvalidThemeCollection([Ljava.util.Map;)[pri:0, instance:com.onmobile.vol.cataloghub.api.collectionThemes.GetThemeCollectionByID@2235eaab]" started-at="2022-02-14T12:44:11 IST" name="InvalidThemeCollection" data-provider="getNegativeTestdata" finished-at="2022-02-14T12:44:12 IST" duration-ms="295" status="PASS">
          <params>
            <param index="0">
              <value>
                <![CDATA[[Ljava.util.Map;@4e3ee457]]>
              </value>
            </param>
          </params>
          <reporter-output>
          </reporter-output>
        </test-method> <!-- InvalidThemeCollection -->
        <test-method is-config="true" signature="close(java.lang.reflect.Method,[Ljava.lang.Object;,org.testng.ITestContext,org.testng.ITestResult)[pri:0, instance:com.onmobile.vol.cataloghub.api.collectionThemes.GetThemeCollectionByID@2235eaab]" started-at="2022-02-14T12:44:12 IST" name="close" finished-at="2022-02-14T12:44:12 IST" duration-ms="0" status="PASS">
          <params>
            <param index="0">
              <value>
                <![CDATA[public void com.onmobile.vol.cataloghub.api.collectionThemes.GetThemeCollectionByID.InvalidThemeCollection(java.util.Map[])]]>
              </value>
            </param>
            <param index="1">
              <value>
                <![CDATA[[Ljava.lang.Object;@6d96a895]]>
              </value>
            </param>
            <param index="2">
              <value>
                <![CDATA[org.testng.TestRunner@577dac16]]>
              </value>
            </param>
            <param index="3">
              <value>
                <![CDATA[[TestResult name=InvalidThemeCollection status=SUCCESS method=GetThemeCollectionByID.InvalidThemeCollection([Ljava.util.Map;)[pri:0, instance:com.onmobile.vol.cataloghub.api.collectionThemes.GetThemeCollectionByID@2235eaab] output={null}]]]>
              </value>
            </param>
          </params>
          <reporter-output>
          </reporter-output>
        </test-method> <!-- close -->
        <test-method signature="InvalidThemeCollection([Ljava.util.Map;)[pri:0, instance:com.onmobile.vol.cataloghub.api.collectionThemes.GetThemeCollectionByID@2235eaab]" started-at="2022-02-14T12:44:12 IST" name="InvalidThemeCollection" data-provider="getNegativeTestdata" finished-at="2022-02-14T12:44:12 IST" duration-ms="531" status="PASS">
          <params>
            <param index="0">
              <value>
                <![CDATA[[Ljava.util.Map;@41b66d1]]>
              </value>
            </param>
          </params>
          <reporter-output>
          </reporter-output>
        </test-method> <!-- InvalidThemeCollection -->
        <test-method is-config="true" signature="init(java.lang.reflect.Method,[Ljava.lang.Object;,org.testng.ITestContext)[pri:0, instance:com.onmobile.vol.cataloghub.api.collectionThemes.GetThemeCollectionByID@2235eaab]" started-at="2022-02-14T12:44:12 IST" name="init" finished-at="2022-02-14T12:44:12 IST" duration-ms="0" status="PASS">
          <params>
            <param index="0">
              <value>
                <![CDATA[public void com.onmobile.vol.cataloghub.api.collectionThemes.GetThemeCollectionByID.InvalidThemeCollection(java.util.Map[])]]>
              </value>
            </param>
            <param index="1">
              <value>
                <![CDATA[[Ljava.lang.Object;@309b8144]]>
              </value>
            </param>
            <param index="2">
              <value>
                <![CDATA[org.testng.TestRunner@577dac16]]>
              </value>
            </param>
          </params>
          <reporter-output>
          </reporter-output>
        </test-method> <!-- init -->
        <test-method is-config="true" signature="close(java.lang.reflect.Method,[Ljava.lang.Object;,org.testng.ITestContext,org.testng.ITestResult)[pri:0, instance:com.onmobile.vol.cataloghub.api.collectionThemes.GetThemeCollectionByID@2235eaab]" started-at="2022-02-14T12:44:12 IST" name="close" finished-at="2022-02-14T12:44:12 IST" duration-ms="1" status="PASS">
          <params>
            <param index="0">
              <value>
                <![CDATA[public void com.onmobile.vol.cataloghub.api.collectionThemes.GetThemeCollectionByID.InvalidThemeCollection(java.util.Map[])]]>
              </value>
            </param>
            <param index="1">
              <value>
                <![CDATA[[Ljava.lang.Object;@309b8144]]>
              </value>
            </param>
            <param index="2">
              <value>
                <![CDATA[org.testng.TestRunner@577dac16]]>
              </value>
            </param>
            <param index="3">
              <value>
                <![CDATA[[TestResult name=InvalidThemeCollection status=SUCCESS method=GetThemeCollectionByID.InvalidThemeCollection([Ljava.util.Map;)[pri:0, instance:com.onmobile.vol.cataloghub.api.collectionThemes.GetThemeCollectionByID@2235eaab] output={null}]]]>
              </value>
            </param>
          </params>
          <reporter-output>
          </reporter-output>
        </test-method> <!-- close -->
        <test-method is-config="true" signature="init(java.lang.reflect.Method,[Ljava.lang.Object;,org.testng.ITestContext)[pri:0, instance:com.onmobile.vol.cataloghub.api.collectionThemes.GetThemeCollectionByID@2235eaab]" started-at="2022-02-14T12:44:12 IST" name="init" finished-at="2022-02-14T12:44:12 IST" duration-ms="1" status="PASS">
          <params>
            <param index="0">
              <value>
                <![CDATA[public void com.onmobile.vol.cataloghub.api.collectionThemes.GetThemeCollectionByID.getThemeCollection(java.util.Map[])]]>
              </value>
            </param>
            <param index="1">
              <value>
                <![CDATA[[Ljava.lang.Object;@70c99e13]]>
              </value>
            </param>
            <param index="2">
              <value>
                <![CDATA[org.testng.TestRunner@577dac16]]>
              </value>
            </param>
          </params>
          <reporter-output>
          </reporter-output>
        </test-method> <!-- init -->
        <test-method signature="getThemeCollection([Ljava.util.Map;)[pri:0, instance:com.onmobile.vol.cataloghub.api.collectionThemes.GetThemeCollectionByID@2235eaab]" started-at="2022-02-14T12:44:12 IST" name="getThemeCollection" data-provider="getPositiveTestdata" finished-at="2022-02-14T12:44:13 IST" duration-ms="332" status="PASS">
          <params>
            <param index="0">
              <value>
                <![CDATA[[Ljava.util.Map;@148fca83]]>
              </value>
            </param>
          </params>
          <reporter-output>
          </reporter-output>
        </test-method> <!-- getThemeCollection -->
        <test-method is-config="true" signature="close(java.lang.reflect.Method,[Ljava.lang.Object;,org.testng.ITestContext,org.testng.ITestResult)[pri:0, instance:com.onmobile.vol.cataloghub.api.collectionThemes.GetThemeCollectionByID@2235eaab]" started-at="2022-02-14T12:44:13 IST" name="close" finished-at="2022-02-14T12:44:13 IST" duration-ms="1" status="PASS">
          <params>
            <param index="0">
              <value>
                <![CDATA[public void com.onmobile.vol.cataloghub.api.collectionThemes.GetThemeCollectionByID.getThemeCollection(java.util.Map[])]]>
              </value>
            </param>
            <param index="1">
              <value>
                <![CDATA[[Ljava.lang.Object;@70c99e13]]>
              </value>
            </param>
            <param index="2">
              <value>
                <![CDATA[org.testng.TestRunner@577dac16]]>
              </value>
            </param>
            <param index="3">
              <value>
                <![CDATA[[TestResult name=getThemeCollection status=SUCCESS method=GetThemeCollectionByID.getThemeCollection([Ljava.util.Map;)[pri:0, instance:com.onmobile.vol.cataloghub.api.collectionThemes.GetThemeCollectionByID@2235eaab] output={null}]]]>
              </value>
            </param>
          </params>
          <reporter-output>
          </reporter-output>
        </test-method> <!-- close -->
      </class> <!-- com.onmobile.vol.cataloghub.api.collectionThemes.GetThemeCollectionByID -->
    </test> <!-- Theme collection -->
    <test started-at="2022-02-14T12:44:13 IST" name="Theme Search" finished-at="2022-02-14T12:44:18 IST" duration-ms="5100">
      <class name="com.onmobile.vol.cataloghub.api.collectionThemes.DeleteThemeCollectionByID">
        <test-method is-config="true" signature="initLogger()[pri:0, instance:com.onmobile.vol.cataloghub.api.collectionThemes.DeleteThemeCollectionByID@2438dcd]" started-at="2022-02-14T12:44:17 IST" name="initLogger" finished-at="2022-02-14T12:44:17 IST" duration-ms="1" status="PASS">
          <reporter-output>
          </reporter-output>
        </test-method> <!-- initLogger -->
        <test-method is-config="true" signature="init(java.lang.reflect.Method,[Ljava.lang.Object;,org.testng.ITestContext)[pri:0, instance:com.onmobile.vol.cataloghub.api.collectionThemes.DeleteThemeCollectionByID@2438dcd]" started-at="2022-02-14T12:44:17 IST" name="init" finished-at="2022-02-14T12:44:17 IST" duration-ms="4" status="PASS">
          <params>
            <param index="0">
              <value>
                <![CDATA[public void com.onmobile.vol.cataloghub.api.collectionThemes.DeleteThemeCollectionByID.getAttributes(java.util.Map[])]]>
              </value>
            </param>
            <param index="1">
              <value>
                <![CDATA[[Ljava.lang.Object;@12d8e6b6]]>
              </value>
            </param>
            <param index="2">
              <value>
                <![CDATA[org.testng.TestRunner@662b199]]>
              </value>
            </param>
          </params>
          <reporter-output>
          </reporter-output>
        </test-method> <!-- init -->
        <test-method signature="getAttributes([Ljava.util.Map;)[pri:0, instance:com.onmobile.vol.cataloghub.api.collectionThemes.DeleteThemeCollectionByID@2438dcd]" started-at="2022-02-14T12:44:17 IST" name="getAttributes" data-provider="getPositiveTestdata" finished-at="2022-02-14T12:44:18 IST" duration-ms="1254" status="PASS">
          <params>
            <param index="0">
              <value>
                <![CDATA[[Ljava.util.Map;@10f397d0]]>
              </value>
            </param>
          </params>
          <reporter-output>
          </reporter-output>
        </test-method> <!-- getAttributes -->
        <test-method is-config="true" signature="close(java.lang.reflect.Method,[Ljava.lang.Object;,org.testng.ITestContext,org.testng.ITestResult)[pri:0, instance:com.onmobile.vol.cataloghub.api.collectionThemes.DeleteThemeCollectionByID@2438dcd]" started-at="2022-02-14T12:44:18 IST" name="close" finished-at="2022-02-14T12:44:18 IST" duration-ms="0" status="PASS">
          <params>
            <param index="0">
              <value>
                <![CDATA[public void com.onmobile.vol.cataloghub.api.collectionThemes.DeleteThemeCollectionByID.getAttributes(java.util.Map[])]]>
              </value>
            </param>
            <param index="1">
              <value>
                <![CDATA[[Ljava.lang.Object;@12d8e6b6]]>
              </value>
            </param>
            <param index="2">
              <value>
                <![CDATA[org.testng.TestRunner@662b199]]>
              </value>
            </param>
            <param index="3">
              <value>
                <![CDATA[[TestResult name=getAttributes status=SUCCESS method=DeleteThemeCollectionByID.getAttributes([Ljava.util.Map;)[pri:0, instance:com.onmobile.vol.cataloghub.api.collectionThemes.DeleteThemeCollectionByID@2438dcd] output={null}]]]>
              </value>
            </param>
          </params>
          <reporter-output>
          </reporter-output>
        </test-method> <!-- close -->
      </class> <!-- com.onmobile.vol.cataloghub.api.collectionThemes.DeleteThemeCollectionByID -->
      <class name="com.onmobile.vol.cataloghub.api.themes.SearchByThemeName">
        <test-method is-config="true" signature="initLogger()[pri:0, instance:com.onmobile.vol.cataloghub.api.themes.SearchByThemeName@769a1df5]" started-at="2022-02-14T12:44:13 IST" name="initLogger" finished-at="2022-02-14T12:44:13 IST" duration-ms="0" status="PASS">
          <reporter-output>
          </reporter-output>
        </test-method> <!-- initLogger -->
        <test-method is-config="true" signature="init(java.lang.reflect.Method,[Ljava.lang.Object;,org.testng.ITestContext)[pri:0, instance:com.onmobile.vol.cataloghub.api.themes.SearchByThemeName@769a1df5]" started-at="2022-02-14T12:44:13 IST" name="init" finished-at="2022-02-14T12:44:13 IST" duration-ms="1" status="PASS">
          <params>
            <param index="0">
              <value>
                <![CDATA[public void com.onmobile.vol.cataloghub.api.themes.SearchByThemeName.searchThemeByThemeNameNegativeScenarioes(java.util.Map[])]]>
              </value>
            </param>
            <param index="1">
              <value>
                <![CDATA[[Ljava.lang.Object;@6a9f8c2f]]>
              </value>
            </param>
            <param index="2">
              <value>
                <![CDATA[org.testng.TestRunner@662b199]]>
              </value>
            </param>
          </params>
          <reporter-output>
          </reporter-output>
        </test-method> <!-- init -->
        <test-method signature="searchThemeByThemeNameNegativeScenarioes([Ljava.util.Map;)[pri:0, instance:com.onmobile.vol.cataloghub.api.themes.SearchByThemeName@769a1df5]" started-at="2022-02-14T12:44:13 IST" name="searchThemeByThemeNameNegativeScenarioes" data-provider="getNegativeTestdata" finished-at="2022-02-14T12:44:13 IST" duration-ms="286" status="PASS">
          <params>
            <param index="0">
              <value>
                <![CDATA[[Ljava.util.Map;@5906ebfb]]>
              </value>
            </param>
          </params>
          <reporter-output>
          </reporter-output>
        </test-method> <!-- searchThemeByThemeNameNegativeScenarioes -->
        <test-method is-config="true" signature="close(java.lang.reflect.Method,[Ljava.lang.Object;,org.testng.ITestContext,org.testng.ITestResult)[pri:0, instance:com.onmobile.vol.cataloghub.api.themes.SearchByThemeName@769a1df5]" started-at="2022-02-14T12:44:13 IST" name="close" finished-at="2022-02-14T12:44:13 IST" duration-ms="1" status="PASS">
          <params>
            <param index="0">
              <value>
                <![CDATA[public void com.onmobile.vol.cataloghub.api.themes.SearchByThemeName.searchThemeByThemeNameNegativeScenarioes(java.util.Map[])]]>
              </value>
            </param>
            <param index="1">
              <value>
                <![CDATA[[Ljava.lang.Object;@6a9f8c2f]]>
              </value>
            </param>
            <param index="2">
              <value>
                <![CDATA[org.testng.TestRunner@662b199]]>
              </value>
            </param>
            <param index="3">
              <value>
                <![CDATA[[TestResult name=searchThemeByThemeNameNegativeScenarioes status=SUCCESS method=SearchByThemeName.searchThemeByThemeNameNegativeScenarioes([Ljava.util.Map;)[pri:0, instance:com.onmobile.vol.cataloghub.api.themes.SearchByThemeName@769a1df5] output={null}]]]>
              </value>
            </param>
          </params>
          <reporter-output>
          </reporter-output>
        </test-method> <!-- close -->
        <test-method is-config="true" signature="init(java.lang.reflect.Method,[Ljava.lang.Object;,org.testng.ITestContext)[pri:0, instance:com.onmobile.vol.cataloghub.api.themes.SearchByThemeName@769a1df5]" started-at="2022-02-14T12:44:13 IST" name="init" finished-at="2022-02-14T12:44:13 IST" duration-ms="1" status="PASS">
          <params>
            <param index="0">
              <value>
                <![CDATA[public void com.onmobile.vol.cataloghub.api.themes.SearchByThemeName.searchThemeByThemeNameNegativeScenarioes(java.util.Map[])]]>
              </value>
            </param>
            <param index="1">
              <value>
                <![CDATA[[Ljava.lang.Object;@3a678e40]]>
              </value>
            </param>
            <param index="2">
              <value>
                <![CDATA[org.testng.TestRunner@662b199]]>
              </value>
            </param>
          </params>
          <reporter-output>
          </reporter-output>
        </test-method> <!-- init -->
        <test-method signature="searchThemeByThemeNameNegativeScenarioes([Ljava.util.Map;)[pri:0, instance:com.onmobile.vol.cataloghub.api.themes.SearchByThemeName@769a1df5]" started-at="2022-02-14T12:44:13 IST" name="searchThemeByThemeNameNegativeScenarioes" data-provider="getNegativeTestdata" finished-at="2022-02-14T12:44:14 IST" duration-ms="700" status="PASS">
          <params>
            <param index="0">
              <value>
                <![CDATA[[Ljava.util.Map;@45273d40]]>
              </value>
            </param>
          </params>
          <reporter-output>
          </reporter-output>
        </test-method> <!-- searchThemeByThemeNameNegativeScenarioes -->
        <test-method is-config="true" signature="close(java.lang.reflect.Method,[Ljava.lang.Object;,org.testng.ITestContext,org.testng.ITestResult)[pri:0, instance:com.onmobile.vol.cataloghub.api.themes.SearchByThemeName@769a1df5]" started-at="2022-02-14T12:44:14 IST" name="close" finished-at="2022-02-14T12:44:14 IST" duration-ms="0" status="PASS">
          <params>
            <param index="0">
              <value>
                <![CDATA[public void com.onmobile.vol.cataloghub.api.themes.SearchByThemeName.searchThemeByThemeNameNegativeScenarioes(java.util.Map[])]]>
              </value>
            </param>
            <param index="1">
              <value>
                <![CDATA[[Ljava.lang.Object;@3a678e40]]>
              </value>
            </param>
            <param index="2">
              <value>
                <![CDATA[org.testng.TestRunner@662b199]]>
              </value>
            </param>
            <param index="3">
              <value>
                <![CDATA[[TestResult name=searchThemeByThemeNameNegativeScenarioes status=SUCCESS method=SearchByThemeName.searchThemeByThemeNameNegativeScenarioes([Ljava.util.Map;)[pri:0, instance:com.onmobile.vol.cataloghub.api.themes.SearchByThemeName@769a1df5] output={null}]]]>
              </value>
            </param>
          </params>
          <reporter-output>
          </reporter-output>
        </test-method> <!-- close -->
        <test-method is-config="true" signature="init(java.lang.reflect.Method,[Ljava.lang.Object;,org.testng.ITestContext)[pri:0, instance:com.onmobile.vol.cataloghub.api.themes.SearchByThemeName@769a1df5]" started-at="2022-02-14T12:44:14 IST" name="init" finished-at="2022-02-14T12:44:14 IST" duration-ms="1" status="PASS">
          <params>
            <param index="0">
              <value>
                <![CDATA[public void com.onmobile.vol.cataloghub.api.themes.SearchByThemeName.validateSearchThemeByThemeName(java.util.Map[])]]>
              </value>
            </param>
            <param index="1">
              <value>
                <![CDATA[[Ljava.lang.Object;@222dc36c]]>
              </value>
            </param>
            <param index="2">
              <value>
                <![CDATA[org.testng.TestRunner@662b199]]>
              </value>
            </param>
          </params>
          <reporter-output>
          </reporter-output>
        </test-method> <!-- init -->
        <test-method signature="validateSearchThemeByThemeName([Ljava.util.Map;)[pri:0, instance:com.onmobile.vol.cataloghub.api.themes.SearchByThemeName@769a1df5]" started-at="2022-02-14T12:44:14 IST" name="validateSearchThemeByThemeName" data-provider="getPositiveTestdata" finished-at="2022-02-14T12:44:14 IST" duration-ms="284" status="PASS">
          <params>
            <param index="0">
              <value>
                <![CDATA[[Ljava.util.Map;@1b841e7d]]>
              </value>
            </param>
          </params>
          <reporter-output>
          </reporter-output>
        </test-method> <!-- validateSearchThemeByThemeName -->
        <test-method is-config="true" signature="close(java.lang.reflect.Method,[Ljava.lang.Object;,org.testng.ITestContext,org.testng.ITestResult)[pri:0, instance:com.onmobile.vol.cataloghub.api.themes.SearchByThemeName@769a1df5]" started-at="2022-02-14T12:44:14 IST" name="close" finished-at="2022-02-14T12:44:14 IST" duration-ms="0" status="PASS">
          <params>
            <param index="0">
              <value>
                <![CDATA[public void com.onmobile.vol.cataloghub.api.themes.SearchByThemeName.validateSearchThemeByThemeName(java.util.Map[])]]>
              </value>
            </param>
            <param index="1">
              <value>
                <![CDATA[[Ljava.lang.Object;@222dc36c]]>
              </value>
            </param>
            <param index="2">
              <value>
                <![CDATA[org.testng.TestRunner@662b199]]>
              </value>
            </param>
            <param index="3">
              <value>
                <![CDATA[[TestResult name=validateSearchThemeByThemeName status=SUCCESS method=SearchByThemeName.validateSearchThemeByThemeName([Ljava.util.Map;)[pri:0, instance:com.onmobile.vol.cataloghub.api.themes.SearchByThemeName@769a1df5] output={null}]]]>
              </value>
            </param>
          </params>
          <reporter-output>
          </reporter-output>
        </test-method> <!-- close -->
      </class> <!-- com.onmobile.vol.cataloghub.api.themes.SearchByThemeName -->
      <class name="com.onmobile.vol.cataloghub.api.themes.DeleteThemeByID">
        <test-method is-config="true" signature="initLogger()[pri:0, instance:com.onmobile.vol.cataloghub.api.themes.DeleteThemeByID@7975d1d8]" started-at="2022-02-14T12:44:16 IST" name="initLogger" finished-at="2022-02-14T12:44:16 IST" duration-ms="0" status="PASS">
          <reporter-output>
          </reporter-output>
        </test-method> <!-- initLogger -->
        <test-method is-config="true" signature="init(java.lang.reflect.Method,[Ljava.lang.Object;,org.testng.ITestContext)[pri:0, instance:com.onmobile.vol.cataloghub.api.themes.DeleteThemeByID@7975d1d8]" started-at="2022-02-14T12:44:16 IST" name="init" finished-at="2022-02-14T12:44:16 IST" duration-ms="2" status="PASS">
          <params>
            <param index="0">
              <value>
                <![CDATA[public void com.onmobile.vol.cataloghub.api.themes.DeleteThemeByID.deleteThemeID(java.util.Map[])]]>
              </value>
            </param>
            <param index="1">
              <value>
                <![CDATA[[Ljava.lang.Object;@77e1b84c]]>
              </value>
            </param>
            <param index="2">
              <value>
                <![CDATA[org.testng.TestRunner@662b199]]>
              </value>
            </param>
          </params>
          <reporter-output>
          </reporter-output>
        </test-method> <!-- init -->
        <test-method signature="deleteThemeID([Ljava.util.Map;)[pri:0, instance:com.onmobile.vol.cataloghub.api.themes.DeleteThemeByID@7975d1d8]" started-at="2022-02-14T12:44:16 IST" name="deleteThemeID" data-provider="getPositiveTestdata" finished-at="2022-02-14T12:44:17 IST" duration-ms="649" status="PASS">
          <params>
            <param index="0">
              <value>
                <![CDATA[[Ljava.util.Map;@2a504ea7]]>
              </value>
            </param>
          </params>
          <reporter-output>
          </reporter-output>
        </test-method> <!-- deleteThemeID -->
        <test-method is-config="true" signature="close(java.lang.reflect.Method,[Ljava.lang.Object;,org.testng.ITestContext,org.testng.ITestResult)[pri:0, instance:com.onmobile.vol.cataloghub.api.themes.DeleteThemeByID@7975d1d8]" started-at="2022-02-14T12:44:17 IST" name="close" finished-at="2022-02-14T12:44:17 IST" duration-ms="1" status="PASS">
          <params>
            <param index="0">
              <value>
                <![CDATA[public void com.onmobile.vol.cataloghub.api.themes.DeleteThemeByID.deleteThemeID(java.util.Map[])]]>
              </value>
            </param>
            <param index="1">
              <value>
                <![CDATA[[Ljava.lang.Object;@77e1b84c]]>
              </value>
            </param>
            <param index="2">
              <value>
                <![CDATA[org.testng.TestRunner@662b199]]>
              </value>
            </param>
            <param index="3">
              <value>
                <![CDATA[[TestResult name=deleteThemeID status=SUCCESS method=DeleteThemeByID.deleteThemeID([Ljava.util.Map;)[pri:0, instance:com.onmobile.vol.cataloghub.api.themes.DeleteThemeByID@7975d1d8] output={null}]]]>
              </value>
            </param>
          </params>
          <reporter-output>
          </reporter-output>
        </test-method> <!-- close -->
      </class> <!-- com.onmobile.vol.cataloghub.api.themes.DeleteThemeByID -->
      <class name="com.onmobile.vol.cataloghub.api.collectionThemes.SearchByThemeCollectionName">
        <test-method is-config="true" signature="initLogger()[pri:0, instance:com.onmobile.vol.cataloghub.api.collectionThemes.SearchByThemeCollectionName@41f69e84]" started-at="2022-02-14T12:44:14 IST" name="initLogger" finished-at="2022-02-14T12:44:14 IST" duration-ms="0" status="PASS">
          <reporter-output>
          </reporter-output>
        </test-method> <!-- initLogger -->
        <test-method is-config="true" signature="init(java.lang.reflect.Method,[Ljava.lang.Object;,org.testng.ITestContext)[pri:0, instance:com.onmobile.vol.cataloghub.api.collectionThemes.SearchByThemeCollectionName@41f69e84]" started-at="2022-02-14T12:44:14 IST" name="init" finished-at="2022-02-14T12:44:14 IST" duration-ms="1" status="PASS">
          <params>
            <param index="0">
              <value>
                <![CDATA[public void com.onmobile.vol.cataloghub.api.collectionThemes.SearchByThemeCollectionName.searchThemeCollection(java.util.Map[])]]>
              </value>
            </param>
            <param index="1">
              <value>
                <![CDATA[[Ljava.lang.Object;@3445ddf2]]>
              </value>
            </param>
            <param index="2">
              <value>
                <![CDATA[org.testng.TestRunner@662b199]]>
              </value>
            </param>
          </params>
          <reporter-output>
          </reporter-output>
        </test-method> <!-- init -->
        <test-method signature="searchThemeCollection([Ljava.util.Map;)[pri:0, instance:com.onmobile.vol.cataloghub.api.collectionThemes.SearchByThemeCollectionName@41f69e84]" started-at="2022-02-14T12:44:14 IST" name="searchThemeCollection" data-provider="getPositiveTestdata" finished-at="2022-02-14T12:44:15 IST" duration-ms="499" status="PASS">
          <params>
            <param index="0">
              <value>
                <![CDATA[[Ljava.util.Map;@7eebb316]]>
              </value>
            </param>
          </params>
          <reporter-output>
          </reporter-output>
        </test-method> <!-- searchThemeCollection -->
        <test-method is-config="true" signature="close(java.lang.reflect.Method,[Ljava.lang.Object;,org.testng.ITestContext,org.testng.ITestResult)[pri:0, instance:com.onmobile.vol.cataloghub.api.collectionThemes.SearchByThemeCollectionName@41f69e84]" started-at="2022-02-14T12:44:15 IST" name="close" finished-at="2022-02-14T12:44:15 IST" duration-ms="0" status="PASS">
          <params>
            <param index="0">
              <value>
                <![CDATA[public void com.onmobile.vol.cataloghub.api.collectionThemes.SearchByThemeCollectionName.searchThemeCollection(java.util.Map[])]]>
              </value>
            </param>
            <param index="1">
              <value>
                <![CDATA[[Ljava.lang.Object;@3445ddf2]]>
              </value>
            </param>
            <param index="2">
              <value>
                <![CDATA[org.testng.TestRunner@662b199]]>
              </value>
            </param>
            <param index="3">
              <value>
                <![CDATA[[TestResult name=searchThemeCollection status=SUCCESS method=SearchByThemeCollectionName.searchThemeCollection([Ljava.util.Map;)[pri:0, instance:com.onmobile.vol.cataloghub.api.collectionThemes.SearchByThemeCollectionName@41f69e84] output={null}]]]>
              </value>
            </param>
          </params>
          <reporter-output>
          </reporter-output>
        </test-method> <!-- close -->
[...]
          </params>
          <reporter-output>
          </reporter-output>
        </test-method> <!-- close -->
      </class> <!-- com.onmobile.vol.cataloghub.chartCollection.DeleteChartCollectionByID -->
    </test> <!-- Chart Collection -->
    <test started-at="2022-02-14T12:44:35 IST" name="Faq" finished-at="2022-02-14T12:44:36 IST" duration-ms="1173">
      <class name="com.onmobile.vol.cataloghub.api.faq.GetFaq">
        <test-method is-config="true" signature="initLogger()[pri:0, instance:com.onmobile.vol.cataloghub.api.faq.GetFaq@1b410b60]" started-at="2022-02-14T12:44:36 IST" name="initLogger" finished-at="2022-02-14T12:44:36 IST" duration-ms="0" status="PASS">
          <reporter-output>
          </reporter-output>
        </test-method> <!-- initLogger -->
        <test-method is-config="true" signature="init(java.lang.reflect.Method,[Ljava.lang.Object;,org.testng.ITestContext)[pri:0, instance:com.onmobile.vol.cataloghub.api.faq.GetFaq@1b410b60]" started-at="2022-02-14T12:44:36 IST" name="init" finished-at="2022-02-14T12:44:36 IST" duration-ms="0" status="PASS">
          <params>
            <param index="0">
              <value>
                <![CDATA[public void com.onmobile.vol.cataloghub.api.faq.GetFaq.getFaqByFaqId(java.util.Map[])]]>
              </value>
            </param>
            <param index="1">
              <value>
                <![CDATA[[Ljava.lang.Object;@73dc7db0]]>
              </value>
            </param>
            <param index="2">
              <value>
                <![CDATA[org.testng.TestRunner@23e1f610]]>
              </value>
            </param>
          </params>
          <reporter-output>
          </reporter-output>
        </test-method> <!-- init -->
        <test-method signature="getFaqByFaqId([Ljava.util.Map;)[pri:0, instance:com.onmobile.vol.cataloghub.api.faq.GetFaq@1b410b60]" started-at="2022-02-14T12:44:36 IST" name="getFaqByFaqId" data-provider="getPositiveTestdata" finished-at="2022-02-14T12:44:36 IST" duration-ms="218" status="PASS">
          <params>
            <param index="0">
              <value>
                <![CDATA[[Ljava.util.Map;@69c6e5]]>
              </value>
            </param>
          </params>
          <reporter-output>
          </reporter-output>
        </test-method> <!-- getFaqByFaqId -->
        <test-method is-config="true" signature="close(java.lang.reflect.Method,[Ljava.lang.Object;,org.testng.ITestContext,org.testng.ITestResult)[pri:0, instance:com.onmobile.vol.cataloghub.api.faq.GetFaq@1b410b60]" started-at="2022-02-14T12:44:36 IST" name="close" finished-at="2022-02-14T12:44:36 IST" duration-ms="0" status="PASS">
          <params>
            <param index="0">
              <value>
                <![CDATA[public void com.onmobile.vol.cataloghub.api.faq.GetFaq.getFaqByFaqId(java.util.Map[])]]>
              </value>
            </param>
            <param index="1">
              <value>
                <![CDATA[[Ljava.lang.Object;@73dc7db0]]>
              </value>
            </param>
            <param index="2">
              <value>
                <![CDATA[org.testng.TestRunner@23e1f610]]>
              </value>
            </param>
            <param index="3">
              <value>
                <![CDATA[[TestResult name=getFaqByFaqId status=SUCCESS method=GetFaq.getFaqByFaqId([Ljava.util.Map;)[pri:0, instance:com.onmobile.vol.cataloghub.api.faq.GetFaq@1b410b60] output={null}]]]>
              </value>
            </param>
          </params>
          <reporter-output>
          </reporter-output>
        </test-method> <!-- close -->
        <test-method is-config="true" signature="init(java.lang.reflect.Method,[Ljava.lang.Object;,org.testng.ITestContext)[pri:0, instance:com.onmobile.vol.cataloghub.api.faq.GetFaq@1b410b60]" started-at="2022-02-14T12:44:36 IST" name="init" finished-at="2022-02-14T12:44:36 IST" duration-ms="1" status="PASS">
          <params>
            <param index="0">
              <value>
                <![CDATA[public void com.onmobile.vol.cataloghub.api.faq.GetFaq.getFaqByFaqIdNegativeTest(java.util.Map[])]]>
              </value>
            </param>
            <param index="1">
              <value>
                <![CDATA[[Ljava.lang.Object;@1a3a6216]]>
              </value>
            </param>
            <param index="2">
              <value>
                <![CDATA[org.testng.TestRunner@23e1f610]]>
              </value>
            </param>
          </params>
          <reporter-output>
          </reporter-output>
        </test-method> <!-- init -->
        <test-method signature="getFaqByFaqIdNegativeTest([Ljava.util.Map;)[pri:0, instance:com.onmobile.vol.cataloghub.api.faq.GetFaq@1b410b60]" started-at="2022-02-14T12:44:36 IST" name="getFaqByFaqIdNegativeTest" data-provider="getNegativeTestdata" finished-at="2022-02-14T12:44:36 IST" duration-ms="146" status="PASS">
          <params>
            <param index="0">
              <value>
                <![CDATA[[Ljava.util.Map;@232be28d]]>
              </value>
            </param>
          </params>
          <reporter-output>
          </reporter-output>
        </test-method> <!-- getFaqByFaqIdNegativeTest -->
        <test-method is-config="true" signature="close(java.lang.reflect.Method,[Ljava.lang.Object;,org.testng.ITestContext,org.testng.ITestResult)[pri:0, instance:com.onmobile.vol.cataloghub.api.faq.GetFaq@1b410b60]" started-at="2022-02-14T12:44:36 IST" name="close" finished-at="2022-02-14T12:44:36 IST" duration-ms="1" status="PASS">
          <params>
            <param index="0">
              <value>
                <![CDATA[public void com.onmobile.vol.cataloghub.api.faq.GetFaq.getFaqByFaqIdNegativeTest(java.util.Map[])]]>
              </value>
            </param>
            <param index="1">
              <value>
                <![CDATA[[Ljava.lang.Object;@1a3a6216]]>
              </value>
            </param>
            <param index="2">
              <value>
                <![CDATA[org.testng.TestRunner@23e1f610]]>
              </value>
            </param>
            <param index="3">
              <value>
                <![CDATA[[TestResult name=getFaqByFaqIdNegativeTest status=SUCCESS method=GetFaq.getFaqByFaqIdNegativeTest([Ljava.util.Map;)[pri:0, instance:com.onmobile.vol.cataloghub.api.faq.GetFaq@1b410b60] output={null}]]]>
              </value>
            </param>
          </params>
          <reporter-output>
          </reporter-output>
        </test-method> <!-- close -->
        <test-method is-config="true" signature="init(java.lang.reflect.Method,[Ljava.lang.Object;,org.testng.ITestContext)[pri:0, instance:com.onmobile.vol.cataloghub.api.faq.GetFaq@1b410b60]" started-at="2022-02-14T12:44:36 IST" name="init" finished-at="2022-02-14T12:44:36 IST" duration-ms="1" status="PASS">
          <params>
            <param index="0">
              <value>
                <![CDATA[public void com.onmobile.vol.cataloghub.api.faq.GetFaq.getFaqByFaqIdNegativeTest(java.util.Map[])]]>
              </value>
            </param>
            <param index="1">
              <value>
                <![CDATA[[Ljava.lang.Object;@319ea996]]>
              </value>
            </param>
            <param index="2">
              <value>
                <![CDATA[org.testng.TestRunner@23e1f610]]>
              </value>
            </param>
          </params>
          <reporter-output>
          </reporter-output>
        </test-method> <!-- init -->
        <test-method signature="getFaqByFaqIdNegativeTest([Ljava.util.Map;)[pri:0, instance:com.onmobile.vol.cataloghub.api.faq.GetFaq@1b410b60]" started-at="2022-02-14T12:44:36 IST" name="getFaqByFaqIdNegativeTest" data-provider="getNegativeTestdata" finished-at="2022-02-14T12:44:36 IST" duration-ms="160" status="PASS">
          <params>
            <param index="0">
              <value>
                <![CDATA[[Ljava.util.Map;@65fa56f7]]>
              </value>
            </param>
          </params>
          <reporter-output>
          </reporter-output>
        </test-method> <!-- getFaqByFaqIdNegativeTest -->
        <test-method is-config="true" signature="close(java.lang.reflect.Method,[Ljava.lang.Object;,org.testng.ITestContext,org.testng.ITestResult)[pri:0, instance:com.onmobile.vol.cataloghub.api.faq.GetFaq@1b410b60]" started-at="2022-02-14T12:44:36 IST" name="close" finished-at="2022-02-14T12:44:36 IST" duration-ms="0" status="PASS">
          <params>
            <param index="0">
              <value>
                <![CDATA[public void com.onmobile.vol.cataloghub.api.faq.GetFaq.getFaqByFaqIdNegativeTest(java.util.Map[])]]>
              </value>
            </param>
            <param index="1">
              <value>
                <![CDATA[[Ljava.lang.Object;@319ea996]]>
              </value>
            </param>
            <param index="2">
              <value>
                <![CDATA[org.testng.TestRunner@23e1f610]]>
              </value>
            </param>
            <param index="3">
              <value>
                <![CDATA[[TestResult name=getFaqByFaqIdNegativeTest status=SUCCESS method=GetFaq.getFaqByFaqIdNegativeTest([Ljava.util.Map;)[pri:0, instance:com.onmobile.vol.cataloghub.api.faq.GetFaq@1b410b60] output={null}]]]>
              </value>
            </param>
          </params>
          <reporter-output>
          </reporter-output>
        </test-method> <!-- close -->
        <test-method is-config="true" signature="init(java.lang.reflect.Method,[Ljava.lang.Object;,org.testng.ITestContext)[pri:0, instance:com.onmobile.vol.cataloghub.api.faq.GetFaq@1b410b60]" started-at="2022-02-14T12:44:36 IST" name="init" finished-at="2022-02-14T12:44:36 IST" duration-ms="1" status="PASS">
          <params>
            <param index="0">
              <value>
                <![CDATA[public void com.onmobile.vol.cataloghub.api.faq.GetFaq.getFaqByFaqIdNegativeTest(java.util.Map[])]]>
              </value>
            </param>
            <param index="1">
              <value>
                <![CDATA[[Ljava.lang.Object;@1de398c3]]>
              </value>
            </param>
            <param index="2">
              <value>
                <![CDATA[org.testng.TestRunner@23e1f610]]>
              </value>
            </param>
          </params>
          <reporter-output>
          </reporter-output>
        </test-method> <!-- init -->
        <test-method signature="getFaqByFaqIdNegativeTest([Ljava.util.Map;)[pri:0, instance:com.onmobile.vol.cataloghub.api.faq.GetFaq@1b410b60]" started-at="2022-02-14T12:44:36 IST" name="getFaqByFaqIdNegativeTest" data-provider="getNegativeTestdata" finished-at="2022-02-14T12:44:36 IST" duration-ms="151" status="PASS">
          <params>
            <param index="0">
              <value>
                <![CDATA[[Ljava.util.Map;@81cd90e]]>
              </value>
            </param>
          </params>
          <reporter-output>
          </reporter-output>
        </test-method> <!-- getFaqByFaqIdNegativeTest -->
        <test-method is-config="true" signature="close(java.lang.reflect.Method,[Ljava.lang.Object;,org.testng.ITestContext,org.testng.ITestResult)[pri:0, instance:com.onmobile.vol.cataloghub.api.faq.GetFaq@1b410b60]" started-at="2022-02-14T12:44:36 IST" name="close" finished-at="2022-02-14T12:44:36 IST" duration-ms="1" status="PASS">
          <params>
            <param index="0">
              <value>
                <![CDATA[public void com.onmobile.vol.cataloghub.api.faq.GetFaq.getFaqByFaqIdNegativeTest(java.util.Map[])]]>
              </value>
            </param>
            <param index="1">
              <value>
                <![CDATA[[Ljava.lang.Object;@1de398c3]]>
              </value>
            </param>
            <param index="2">
              <value>
                <![CDATA[org.testng.TestRunner@23e1f610]]>
              </value>
            </param>
            <param index="3">
              <value>
                <![CDATA[[TestResult name=getFaqByFaqIdNegativeTest status=SUCCESS method=GetFaq.getFaqByFaqIdNegativeTest([Ljava.util.Map;)[pri:0, instance:com.onmobile.vol.cataloghub.api.faq.GetFaq@1b410b60] output={null}]]]>
              </value>
            </param>
          </params>
          <reporter-output>
          </reporter-output>
        </test-method> <!-- close -->
        <test-method is-config="true" signature="init(java.lang.reflect.Method,[Ljava.lang.Object;,org.testng.ITestContext)[pri:0, instance:com.onmobile.vol.cataloghub.api.faq.GetFaq@1b410b60]" started-at="2022-02-14T12:44:36 IST" name="init" finished-at="2022-02-14T12:44:36 IST" duration-ms="1" status="PASS">
          <params>
            <param index="0">
              <value>
                <![CDATA[public void com.onmobile.vol.cataloghub.api.faq.GetFaq.getFaqByFaqIdNegativeTest(java.util.Map[])]]>
              </value>
            </param>
            <param index="1">
              <value>
                <![CDATA[[Ljava.lang.Object;@dc24732]]>
              </value>
            </param>
            <param index="2">
              <value>
                <![CDATA[org.testng.TestRunner@23e1f610]]>
              </value>
            </param>
          </params>
          <reporter-output>
          </reporter-output>
        </test-method> <!-- init -->
        <test-method signature="getFaqByFaqIdNegativeTest([Ljava.util.Map;)[pri:0, instance:com.onmobile.vol.cataloghub.api.faq.GetFaq@1b410b60]" started-at="2022-02-14T12:44:36 IST" name="getFaqByFaqIdNegativeTest" data-provider="getNegativeTestdata" finished-at="2022-02-14T12:44:36 IST" duration-ms="158" status="PASS">
          <params>
            <param index="0">
              <value>
                <![CDATA[[Ljava.util.Map;@6e53bb4f]]>
              </value>
            </param>
          </params>
          <reporter-output>
          </reporter-output>
        </test-method> <!-- getFaqByFaqIdNegativeTest -->
        <test-method is-config="true" signature="close(java.lang.reflect.Method,[Ljava.lang.Object;,org.testng.ITestContext,org.testng.ITestResult)[pri:0, instance:com.onmobile.vol.cataloghub.api.faq.GetFaq@1b410b60]" started-at="2022-02-14T12:44:36 IST" name="close" finished-at="2022-02-14T12:44:36 IST" duration-ms="1" status="PASS">
          <params>
            <param index="0">
              <value>
                <![CDATA[public void com.onmobile.vol.cataloghub.api.faq.GetFaq.getFaqByFaqIdNegativeTest(java.util.Map[])]]>
              </value>
            </param>
            <param index="1">
              <value>
                <![CDATA[[Ljava.lang.Object;@dc24732]]>
              </value>
            </param>
            <param index="2">
              <value>
                <![CDATA[org.testng.TestRunner@23e1f610]]>
              </value>
            </param>
            <param index="3">
              <value>
                <![CDATA[[TestResult name=getFaqByFaqIdNegativeTest status=SUCCESS method=GetFaq.getFaqByFaqIdNegativeTest([Ljava.util.Map;)[pri:0, instance:com.onmobile.vol.cataloghub.api.faq.GetFaq@1b410b60] output={null}]]]>
              </value>
            </param>
          </params>
          <reporter-output>
          </reporter-output>
        </test-method> <!-- close -->
      </class> <!-- com.onmobile.vol.cataloghub.api.faq.GetFaq -->
      <class name="com.onmobile.vol.cataloghub.api.faq.CreateFaq">
        <test-method is-config="true" signature="generateToken()[pri:0, instance:com.onmobile.vol.cataloghub.api.faq.CreateFaq@7b50df34]" started-at="2022-02-14T12:43:36 IST" name="generateToken" finished-at="2022-02-14T12:43:36 IST" duration-ms="498" status="PASS">
          <reporter-output>
          </reporter-output>
        </test-method> <!-- generateToken -->
        <test-method is-config="true" signature="initLogger()[pri:0, instance:com.onmobile.vol.cataloghub.api.faq.CreateFaq@7b50df34]" started-at="2022-02-14T12:44:35 IST" name="initLogger" finished-at="2022-02-14T12:44:35 IST" duration-ms="0" status="PASS">
          <reporter-output>
          </reporter-output>
        </test-method> <!-- initLogger -->
        <test-method signature="createChatByChatName([Ljava.util.Map;)[pri:0, instance:com.onmobile.vol.cataloghub.api.faq.CreateFaq@7b50df34]" started-at="2022-02-14T12:44:35 IST" name="createChatByChatName" data-provider="getPositiveTestdata" finished-at="2022-02-14T12:44:36 IST" duration-ms="281" status="PASS">
          <params>
            <param index="0">
              <value>
                <![CDATA[[Ljava.util.Map;@7a6b214c]]>
              </value>
            </param>
          </params>
          <reporter-output>
          </reporter-output>
        </test-method> <!-- createChatByChatName -->
        <test-method is-config="true" signature="init(java.lang.reflect.Method,[Ljava.lang.Object;,org.testng.ITestContext)[pri:0, instance:com.onmobile.vol.cataloghub.api.faq.CreateFaq@7b50df34]" started-at="2022-02-14T12:44:35 IST" name="init" finished-at="2022-02-14T12:44:35 IST" duration-ms="0" status="PASS">
          <params>
            <param index="0">
              <value>
                <![CDATA[public void com.onmobile.vol.cataloghub.api.faq.CreateFaq.createChatByChatName(java.util.Map[])]]>
              </value>
            </param>
            <param index="1">
              <value>
                <![CDATA[[Ljava.lang.Object;@3533d790]]>
              </value>
            </param>
            <param index="2">
              <value>
                <![CDATA[org.testng.TestRunner@23e1f610]]>
              </value>
            </param>
          </params>
          <reporter-output>
          </reporter-output>
        </test-method> <!-- init -->
        <test-method is-config="true" signature="close(java.lang.reflect.Method,[Ljava.lang.Object;,org.testng.ITestContext,org.testng.ITestResult)[pri:0, instance:com.onmobile.vol.cataloghub.api.faq.CreateFaq@7b50df34]" started-at="2022-02-14T12:44:36 IST" name="close" finished-at="2022-02-14T12:44:36 IST" duration-ms="1" status="PASS">
          <params>
            <param index="0">
              <value>
                <![CDATA[public void com.onmobile.vol.cataloghub.api.faq.CreateFaq.createChatByChatName(java.util.Map[])]]>
              </value>
            </param>
            <param index="1">
              <value>
                <![CDATA[[Ljava.lang.Object;@3533d790]]>
              </value>
            </param>
            <param index="2">
              <value>
                <![CDATA[org.testng.TestRunner@23e1f610]]>
              </value>
            </param>
            <param index="3">
              <value>
                <![CDATA[[TestResult name=createChatByChatName status=SUCCESS method=CreateFaq.createChatByChatName([Ljava.util.Map;)[pri:0, instance:com.onmobile.vol.cataloghub.api.faq.CreateFaq@7b50df34] output={null}]]]>
              </value>
            </param>
          </params>
          <reporter-output>
          </reporter-output>
        </test-method> <!-- close -->
        <test-method is-config="true" signature="afterSuite()[pri:0, instance:com.onmobile.vol.cataloghub.api.faq.CreateFaq@7b50df34]" started-at="2022-02-14T12:44:36 IST" name="afterSuite" finished-at="2022-02-14T12:44:39 IST" duration-ms="2502" status="PASS">
          <reporter-output>
          </reporter-output>
        </test-method> <!-- afterSuite -->
      </class> <!-- com.onmobile.vol.cataloghub.api.faq.CreateFaq -->
    </test> <!-- Faq -->
  </suite> <!-- Suite -->
</testng-results>
